2026-01-30 21:54:19.570 +08:00 [INF]  CRM --> U9 Worker started
2026-01-30 21:54:22.645 +08:00 [INF] Application started. Press Ctrl+C to shut down.
2026-01-30 21:54:22.666 +08:00 [INF] Hosting environment: Development
2026-01-30 21:54:22.668 +08:00 [INF] Content root path: E:\ERP数据\U9SyncService
2026-01-30 21:54:24.452 +08:00 [ERR] Insert失败:不能将值 NULL 插入列 'EditFlag'，表 'MQ_Sync.dbo.SyncQueue'；列不允许有 Null 值。INSERT 失败。
语句已终止。
Microsoft.Data.SqlClient.SqlException (0x80131904): 不能将值 NULL 插入列 'EditFlag'，表 'MQ_Sync.dbo.SyncQueue'；列不允许有 Null 值。INSERT 失败。
语句已终止。
   at Microsoft.Data.SqlClient.SqlConnection.OnError(SqlException exception, Boolean breakConnection, Action`1 wrapCloseInAction)
   at Microsoft.Data.SqlClient.SqlInternalConnection.OnError(SqlException exception, Boolean breakConnection, Action`1 wrapCloseInAction)
   at Microsoft.Data.SqlClient.TdsParser.ThrowExceptionAndWarning(TdsParserStateObject stateObj, SqlCommand command, Boolean callerHasConnectionLock, Boolean asyncClose)
   at Microsoft.Data.SqlClient.TdsParser.TryRun(RunBehavior runBehavior, SqlCommand cmdHandler, SqlDataReader dataStream, BulkCopySimpleResultSet bulkCopyHandler, TdsParserStateObject stateObj, Boolean& dataReady)
   at Microsoft.Data.SqlClient.SqlCommand.FinishExecuteReader(SqlDataReader ds, RunBehavior runBehavior, String resetOptionsString, Boolean isInternal, Boolean forDescribeParameterEncryption, Boolean shouldCacheForAlwaysEncrypted)
   at Microsoft.Data.SqlClient.SqlCommand.CompleteAsyncExecuteReader(Boolean isInternal, Boolean forDescribeParameterEncryption)
   at Microsoft.Data.SqlClient.SqlCommand.InternalEndExecuteNonQuery(IAsyncResult asyncResult, Boolean isInternal, String endMethod)
   at Microsoft.Data.SqlClient.SqlCommand.EndExecuteNonQueryInternal(IAsyncResult asyncResult)
   at Microsoft.Data.SqlClient.SqlCommand.EndExecuteNonQueryAsync(IAsyncResult asyncResult)
   at Microsoft.Data.SqlClient.SqlCommand.<>c.<InternalExecuteNonQueryAsync>b__193_1(IAsyncResult asyncResult)
   at System.Threading.Tasks.TaskFactory`1.FromAsyncCoreLogic(IAsyncResult iar, Func`2 endFunction, Action`1 endAction, Task`1 promise, Boolean requiresSynchronization)
--- End of stack trace from previous location ---
   at Dapper.SqlMapper.ExecuteImplAsync(IDbConnection cnn, CommandDefinition command, Object param) in /_/Dapper/SqlMapper.Async.cs:line 662
   at U9SyncService.Repository`1.ExecuteAsync(String sql, Object param, String dbName) in E:\ERP数据\U9SyncService\Repository.cs:line 30
   at U9SyncService.CRMSyncService.InsertQueue(SyncQueue queue) in E:\ERP数据\U9SyncService\CRMSyncService.cs:line 154
ClientConnectionId:2da0fbe6-834b-47a2-b3d4-215f82c52d45
Error Number:515,State:2,Class:16
2026-01-30 21:54:28.630 +08:00 [ERR] Insert失败:不能将值 NULL 插入列 'EditFlag'，表 'MQ_Sync.dbo.SyncQueue'；列不允许有 Null 值。INSERT 失败。
语句已终止。
Microsoft.Data.SqlClient.SqlException (0x80131904): 不能将值 NULL 插入列 'EditFlag'，表 'MQ_Sync.dbo.SyncQueue'；列不允许有 Null 值。INSERT 失败。
语句已终止。
   at Microsoft.Data.SqlClient.SqlConnection.OnError(SqlException exception, Boolean breakConnection, Action`1 wrapCloseInAction)
   at Microsoft.Data.SqlClient.SqlInternalConnection.OnError(SqlException exception, Boolean breakConnection, Action`1 wrapCloseInAction)
   at Microsoft.Data.SqlClient.TdsParser.ThrowExceptionAndWarning(TdsParserStateObject stateObj, SqlCommand command, Boolean callerHasConnectionLock, Boolean asyncClose)
   at Microsoft.Data.SqlClient.TdsParser.TryRun(RunBehavior runBehavior, SqlCommand cmdHandler, SqlDataReader dataStream, BulkCopySimpleResultSet bulkCopyHandler, TdsParserStateObject stateObj, Boolean& dataReady)
   at Microsoft.Data.SqlClient.SqlCommand.FinishExecuteReader(SqlDataReader ds, RunBehavior runBehavior, String resetOptionsString, Boolean isInternal, Boolean forDescribeParameterEncryption, Boolean shouldCacheForAlwaysEncrypted)
   at Microsoft.Data.SqlClient.SqlCommand.CompleteAsyncExecuteReader(Boolean isInternal, Boolean forDescribeParameterEncryption)
   at Microsoft.Data.SqlClient.SqlCommand.InternalEndExecuteNonQuery(IAsyncResult asyncResult, Boolean isInternal, String endMethod)
   at Microsoft.Data.SqlClient.SqlCommand.EndExecuteNonQueryInternal(IAsyncResult asyncResult)
   at Microsoft.Data.SqlClient.SqlCommand.EndExecuteNonQueryAsync(IAsyncResult asyncResult)
   at System.Threading.Tasks.TaskFactory`1.FromAsyncCoreLogic(IAsyncResult iar, Func`2 endFunction, Action`1 endAction, Task`1 promise, Boolean requiresSynchronization)
--- End of stack trace from previous location ---
   at Dapper.SqlMapper.ExecuteImplAsync(IDbConnection cnn, CommandDefinition command, Object param) in /_/Dapper/SqlMapper.Async.cs:line 662
   at U9SyncService.Repository`1.ExecuteAsync(String sql, Object param, String dbName) in E:\ERP数据\U9SyncService\Repository.cs:line 30
   at U9SyncService.CRMSyncService.InsertQueue(SyncQueue queue) in E:\ERP数据\U9SyncService\CRMSyncService.cs:line 154
ClientConnectionId:2da0fbe6-834b-47a2-b3d4-215f82c52d45
Error Number:515,State:2,Class:16
2026-01-30 21:54:28.792 +08:00 [ERR] Insert失败:不能将值 NULL 插入列 'EditFlag'，表 'MQ_Sync.dbo.SyncQueue'；列不允许有 Null 值。INSERT 失败。
语句已终止。
Microsoft.Data.SqlClient.SqlException (0x80131904): 不能将值 NULL 插入列 'EditFlag'，表 'MQ_Sync.dbo.SyncQueue'；列不允许有 Null 值。INSERT 失败。
语句已终止。
   at Microsoft.Data.SqlClient.SqlConnection.OnError(SqlException exception, Boolean breakConnection, Action`1 wrapCloseInAction)
   at Microsoft.Data.SqlClient.SqlInternalConnection.OnError(SqlException exception, Boolean breakConnection, Action`1 wrapCloseInAction)
   at Microsoft.Data.SqlClient.TdsParser.ThrowExceptionAndWarning(TdsParserStateObject stateObj, SqlCommand command, Boolean callerHasConnectionLock, Boolean asyncClose)
   at Microsoft.Data.SqlClient.TdsParser.TryRun(RunBehavior runBehavior, SqlCommand cmdHandler, SqlDataReader dataStream, BulkCopySimpleResultSet bulkCopyHandler, TdsParserStateObject stateObj, Boolean& dataReady)
   at Microsoft.Data.SqlClient.SqlCommand.FinishExecuteReader(SqlDataReader ds, RunBehavior runBehavior, String resetOptionsString, Boolean isInternal, Boolean forDescribeParameterEncryption, Boolean shouldCacheForAlwaysEncrypted)
   at Microsoft.Data.SqlClient.SqlCommand.CompleteAsyncExecuteReader(Boolean isInternal, Boolean forDescribeParameterEncryption)
   at Microsoft.Data.SqlClient.SqlCommand.InternalEndExecuteNonQuery(IAsyncResult asyncResult, Boolean isInternal, String endMethod)
   at Microsoft.Data.SqlClient.SqlCommand.EndExecuteNonQueryInternal(IAsyncResult asyncResult)
   at Microsoft.Data.SqlClient.SqlCommand.EndExecuteNonQueryAsync(IAsyncResult asyncResult)
   at System.Threading.Tasks.TaskFactory`1.FromAsyncCoreLogic(IAsyncResult iar, Func`2 endFunction, Action`1 endAction, Task`1 promise, Boolean requiresSynchronization)
--- End of stack trace from previous location ---
   at Dapper.SqlMapper.ExecuteImplAsync(IDbConnection cnn, CommandDefinition command, Object param) in /_/Dapper/SqlMapper.Async.cs:line 662
   at U9SyncService.Repository`1.ExecuteAsync(String sql, Object param, String dbName) in E:\ERP数据\U9SyncService\Repository.cs:line 30
   at U9SyncService.CRMSyncService.InsertQueue(SyncQueue queue) in E:\ERP数据\U9SyncService\CRMSyncService.cs:line 154
ClientConnectionId:2da0fbe6-834b-47a2-b3d4-215f82c52d45
Error Number:515,State:2,Class:16
2026-01-30 21:54:29.196 +08:00 [ERR] Insert失败:不能将值 NULL 插入列 'EditFlag'，表 'MQ_Sync.dbo.SyncQueue'；列不允许有 Null 值。INSERT 失败。
语句已终止。
Microsoft.Data.SqlClient.SqlException (0x80131904): 不能将值 NULL 插入列 'EditFlag'，表 'MQ_Sync.dbo.SyncQueue'；列不允许有 Null 值。INSERT 失败。
语句已终止。
   at Microsoft.Data.SqlClient.SqlConnection.OnError(SqlException exception, Boolean breakConnection, Action`1 wrapCloseInAction)
   at Microsoft.Data.SqlClient.SqlInternalConnection.OnError(SqlException exception, Boolean breakConnection, Action`1 wrapCloseInAction)
   at Microsoft.Data.SqlClient.TdsParser.ThrowExceptionAndWarning(TdsParserStateObject stateObj, SqlCommand command, Boolean callerHasConnectionLock, Boolean asyncClose)
   at Microsoft.Data.SqlClient.TdsParser.TryRun(RunBehavior runBehavior, SqlCommand cmdHandler, SqlDataReader dataStream, BulkCopySimpleResultSet bulkCopyHandler, TdsParserStateObject stateObj, Boolean& dataReady)
   at Microsoft.Data.SqlClient.SqlCommand.FinishExecuteReader(SqlDataReader ds, RunBehavior runBehavior, String resetOptionsString, Boolean isInternal, Boolean forDescribeParameterEncryption, Boolean shouldCacheForAlwaysEncrypted)
   at Microsoft.Data.SqlClient.SqlCommand.CompleteAsyncExecuteReader(Boolean isInternal, Boolean forDescribeParameterEncryption)
   at Microsoft.Data.SqlClient.SqlCommand.InternalEndExecuteNonQuery(IAsyncResult asyncResult, Boolean isInternal, String endMethod)
   at Microsoft.Data.SqlClient.SqlCommand.EndExecuteNonQueryInternal(IAsyncResult asyncResult)
   at Microsoft.Data.SqlClient.SqlCommand.EndExecuteNonQueryAsync(IAsyncResult asyncResult)
   at System.Threading.Tasks.TaskFactory`1.FromAsyncCoreLogic(IAsyncResult iar, Func`2 endFunction, Action`1 endAction, Task`1 promise, Boolean requiresSynchronization)
--- End of stack trace from previous location ---
   at Dapper.SqlMapper.ExecuteImplAsync(IDbConnection cnn, CommandDefinition command, Object param) in /_/Dapper/SqlMapper.Async.cs:line 662
   at U9SyncService.Repository`1.ExecuteAsync(String sql, Object param, String dbName) in E:\ERP数据\U9SyncService\Repository.cs:line 30
   at U9SyncService.CRMSyncService.InsertQueue(SyncQueue queue) in E:\ERP数据\U9SyncService\CRMSyncService.cs:line 154
ClientConnectionId:2da0fbe6-834b-47a2-b3d4-215f82c52d45
Error Number:515,State:2,Class:16
2026-01-30 21:54:29.775 +08:00 [ERR] Insert失败:不能将值 NULL 插入列 'EditFlag'，表 'MQ_Sync.dbo.SyncQueue'；列不允许有 Null 值。INSERT 失败。
语句已终止。
Microsoft.Data.SqlClient.SqlException (0x80131904): 不能将值 NULL 插入列 'EditFlag'，表 'MQ_Sync.dbo.SyncQueue'；列不允许有 Null 值。INSERT 失败。
语句已终止。
   at Microsoft.Data.SqlClient.SqlConnection.OnError(SqlException exception, Boolean breakConnection, Action`1 wrapCloseInAction)
   at Microsoft.Data.SqlClient.SqlInternalConnection.OnError(SqlException exception, Boolean breakConnection, Action`1 wrapCloseInAction)
   at Microsoft.Data.SqlClient.TdsParser.ThrowExceptionAndWarning(TdsParserStateObject stateObj, SqlCommand command, Boolean callerHasConnectionLock, Boolean asyncClose)
   at Microsoft.Data.SqlClient.TdsParser.TryRun(RunBehavior runBehavior, SqlCommand cmdHandler, SqlDataReader dataStream, BulkCopySimpleResultSet bulkCopyHandler, TdsParserStateObject stateObj, Boolean& dataReady)
   at Microsoft.Data.SqlClient.SqlCommand.FinishExecuteReader(SqlDataReader ds, RunBehavior runBehavior, String resetOptionsString, Boolean isInternal, Boolean forDescribeParameterEncryption, Boolean shouldCacheForAlwaysEncrypted)
   at Microsoft.Data.SqlClient.SqlCommand.CompleteAsyncExecuteReader(Boolean isInternal, Boolean forDescribeParameterEncryption)
   at Microsoft.Data.SqlClient.SqlCommand.InternalEndExecuteNonQuery(IAsyncResult asyncResult, Boolean isInternal, String endMethod)
   at Microsoft.Data.SqlClient.SqlCommand.EndExecuteNonQueryInternal(IAsyncResult asyncResult)
   at Microsoft.Data.SqlClient.SqlCommand.EndExecuteNonQueryAsync(IAsyncResult asyncResult)
   at System.Threading.Tasks.TaskFactory`1.FromAsyncCoreLogic(IAsyncResult iar, Func`2 endFunction, Action`1 endAction, Task`1 promise, Boolean requiresSynchronization)
--- End of stack trace from previous location ---
   at Dapper.SqlMapper.ExecuteImplAsync(IDbConnection cnn, CommandDefinition command, Object param) in /_/Dapper/SqlMapper.Async.cs:line 662
   at U9SyncService.Repository`1.ExecuteAsync(String sql, Object param, String dbName) in E:\ERP数据\U9SyncService\Repository.cs:line 30
   at U9SyncService.CRMSyncService.InsertQueue(SyncQueue queue) in E:\ERP数据\U9SyncService\CRMSyncService.cs:line 154
ClientConnectionId:2da0fbe6-834b-47a2-b3d4-215f82c52d45
Error Number:515,State:2,Class:16
2026-01-30 21:54:29.939 +08:00 [ERR] Insert失败:不能将值 NULL 插入列 'EditFlag'，表 'MQ_Sync.dbo.SyncQueue'；列不允许有 Null 值。INSERT 失败。
语句已终止。
Microsoft.Data.SqlClient.SqlException (0x80131904): 不能将值 NULL 插入列 'EditFlag'，表 'MQ_Sync.dbo.SyncQueue'；列不允许有 Null 值。INSERT 失败。
语句已终止。
   at Microsoft.Data.SqlClient.SqlConnection.OnError(SqlException exception, Boolean breakConnection, Action`1 wrapCloseInAction)
   at Microsoft.Data.SqlClient.SqlInternalConnection.OnError(SqlException exception, Boolean breakConnection, Action`1 wrapCloseInAction)
   at Microsoft.Data.SqlClient.TdsParser.ThrowExceptionAndWarning(TdsParserStateObject stateObj, SqlCommand command, Boolean callerHasConnectionLock, Boolean asyncClose)
   at Microsoft.Data.SqlClient.TdsParser.TryRun(RunBehavior runBehavior, SqlCommand cmdHandler, SqlDataReader dataStream, BulkCopySimpleResultSet bulkCopyHandler, TdsParserStateObject stateObj, Boolean& dataReady)
   at Microsoft.Data.SqlClient.SqlCommand.FinishExecuteReader(SqlDataReader ds, RunBehavior runBehavior, String resetOptionsString, Boolean isInternal, Boolean forDescribeParameterEncryption, Boolean shouldCacheForAlwaysEncrypted)
   at Microsoft.Data.SqlClient.SqlCommand.CompleteAsyncExecuteReader(Boolean isInternal, Boolean forDescribeParameterEncryption)
   at Microsoft.Data.SqlClient.SqlCommand.InternalEndExecuteNonQuery(IAsyncResult asyncResult, Boolean isInternal, String endMethod)
   at Microsoft.Data.SqlClient.SqlCommand.EndExecuteNonQueryInternal(IAsyncResult asyncResult)
   at Microsoft.Data.SqlClient.SqlCommand.EndExecuteNonQueryAsync(IAsyncResult asyncResult)
   at System.Threading.Tasks.TaskFactory`1.FromAsyncCoreLogic(IAsyncResult iar, Func`2 endFunction, Action`1 endAction, Task`1 promise, Boolean requiresSynchronization)
--- End of stack trace from previous location ---
   at Dapper.SqlMapper.ExecuteImplAsync(IDbConnection cnn, CommandDefinition command, Object param) in /_/Dapper/SqlMapper.Async.cs:line 662
   at U9SyncService.Repository`1.ExecuteAsync(String sql, Object param, String dbName) in E:\ERP数据\U9SyncService\Repository.cs:line 30
   at U9SyncService.CRMSyncService.InsertQueue(SyncQueue queue) in E:\ERP数据\U9SyncService\CRMSyncService.cs:line 154
ClientConnectionId:2da0fbe6-834b-47a2-b3d4-215f82c52d45
Error Number:515,State:2,Class:16
2026-01-30 21:54:30.096 +08:00 [ERR] Insert失败:不能将值 NULL 插入列 'EditFlag'，表 'MQ_Sync.dbo.SyncQueue'；列不允许有 Null 值。INSERT 失败。
语句已终止。
Microsoft.Data.SqlClient.SqlException (0x80131904): 不能将值 NULL 插入列 'EditFlag'，表 'MQ_Sync.dbo.SyncQueue'；列不允许有 Null 值。INSERT 失败。
语句已终止。
   at Microsoft.Data.SqlClient.SqlConnection.OnError(SqlException exception, Boolean breakConnection, Action`1 wrapCloseInAction)
   at Microsoft.Data.SqlClient.SqlInternalConnection.OnError(SqlException exception, Boolean breakConnection, Action`1 wrapCloseInAction)
   at Microsoft.Data.SqlClient.TdsParser.ThrowExceptionAndWarning(TdsParserStateObject stateObj, SqlCommand command, Boolean callerHasConnectionLock, Boolean asyncClose)
   at Microsoft.Data.SqlClient.TdsParser.TryRun(RunBehavior runBehavior, SqlCommand cmdHandler, SqlDataReader dataStream, BulkCopySimpleResultSet bulkCopyHandler, TdsParserStateObject stateObj, Boolean& dataReady)
   at Microsoft.Data.SqlClient.SqlCommand.FinishExecuteReader(SqlDataReader ds, RunBehavior runBehavior, String resetOptionsString, Boolean isInternal, Boolean forDescribeParameterEncryption, Boolean shouldCacheForAlwaysEncrypted)
   at Microsoft.Data.SqlClient.SqlCommand.CompleteAsyncExecuteReader(Boolean isInternal, Boolean forDescribeParameterEncryption)
   at Microsoft.Data.SqlClient.SqlCommand.InternalEndExecuteNonQuery(IAsyncResult asyncResult, Boolean isInternal, String endMethod)
   at Microsoft.Data.SqlClient.SqlCommand.EndExecuteNonQueryInternal(IAsyncResult asyncResult)
   at Microsoft.Data.SqlClient.SqlCommand.EndExecuteNonQueryAsync(IAsyncResult asyncResult)
   at System.Threading.Tasks.TaskFactory`1.FromAsyncCoreLogic(IAsyncResult iar, Func`2 endFunction, Action`1 endAction, Task`1 promise, Boolean requiresSynchronization)
--- End of stack trace from previous location ---
   at Dapper.SqlMapper.ExecuteImplAsync(IDbConnection cnn, CommandDefinition command, Object param) in /_/Dapper/SqlMapper.Async.cs:line 662
   at U9SyncService.Repository`1.ExecuteAsync(String sql, Object param, String dbName) in E:\ERP数据\U9SyncService\Repository.cs:line 30
   at U9SyncService.CRMSyncService.InsertQueue(SyncQueue queue) in E:\ERP数据\U9SyncService\CRMSyncService.cs:line 154
ClientConnectionId:2da0fbe6-834b-47a2-b3d4-215f82c52d45
Error Number:515,State:2,Class:16
2026-01-30 21:54:31.225 +08:00 [ERR] Insert失败:不能将值 NULL 插入列 'EditFlag'，表 'MQ_Sync.dbo.SyncQueue'；列不允许有 Null 值。INSERT 失败。
语句已终止。
Microsoft.Data.SqlClient.SqlException (0x80131904): 不能将值 NULL 插入列 'EditFlag'，表 'MQ_Sync.dbo.SyncQueue'；列不允许有 Null 值。INSERT 失败。
语句已终止。
   at Microsoft.Data.SqlClient.SqlConnection.OnError(SqlException exception, Boolean breakConnection, Action`1 wrapCloseInAction)
   at Microsoft.Data.SqlClient.SqlInternalConnection.OnError(SqlException exception, Boolean breakConnection, Action`1 wrapCloseInAction)
   at Microsoft.Data.SqlClient.TdsParser.ThrowExceptionAndWarning(TdsParserStateObject stateObj, SqlCommand command, Boolean callerHasConnectionLock, Boolean asyncClose)
   at Microsoft.Data.SqlClient.TdsParser.TryRun(RunBehavior runBehavior, SqlCommand cmdHandler, SqlDataReader dataStream, BulkCopySimpleResultSet bulkCopyHandler, TdsParserStateObject stateObj, Boolean& dataReady)
   at Microsoft.Data.SqlClient.SqlCommand.FinishExecuteReader(SqlDataReader ds, RunBehavior runBehavior, String resetOptionsString, Boolean isInternal, Boolean forDescribeParameterEncryption, Boolean shouldCacheForAlwaysEncrypted)
   at Microsoft.Data.SqlClient.SqlCommand.CompleteAsyncExecuteReader(Boolean isInternal, Boolean forDescribeParameterEncryption)
   at Microsoft.Data.SqlClient.SqlCommand.InternalEndExecuteNonQuery(IAsyncResult asyncResult, Boolean isInternal, String endMethod)
   at Microsoft.Data.SqlClient.SqlCommand.EndExecuteNonQueryInternal(IAsyncResult asyncResult)
   at Microsoft.Data.SqlClient.SqlCommand.EndExecuteNonQueryAsync(IAsyncResult asyncResult)
   at System.Threading.Tasks.TaskFactory`1.FromAsyncCoreLogic(IAsyncResult iar, Func`2 endFunction, Action`1 endAction, Task`1 promise, Boolean requiresSynchronization)
--- End of stack trace from previous location ---
   at Dapper.SqlMapper.ExecuteImplAsync(IDbConnection cnn, CommandDefinition command, Object param) in /_/Dapper/SqlMapper.Async.cs:line 662
   at U9SyncService.Repository`1.ExecuteAsync(String sql, Object param, String dbName) in E:\ERP数据\U9SyncService\Repository.cs:line 30
   at U9SyncService.CRMSyncService.InsertQueue(SyncQueue queue) in E:\ERP数据\U9SyncService\CRMSyncService.cs:line 154
ClientConnectionId:2da0fbe6-834b-47a2-b3d4-215f82c52d45
Error Number:515,State:2,Class:16
2026-01-30 21:54:31.364 +08:00 [ERR] Insert失败:不能将值 NULL 插入列 'EditFlag'，表 'MQ_Sync.dbo.SyncQueue'；列不允许有 Null 值。INSERT 失败。
语句已终止。
Microsoft.Data.SqlClient.SqlException (0x80131904): 不能将值 NULL 插入列 'EditFlag'，表 'MQ_Sync.dbo.SyncQueue'；列不允许有 Null 值。INSERT 失败。
语句已终止。
   at Microsoft.Data.SqlClient.SqlConnection.OnError(SqlException exception, Boolean breakConnection, Action`1 wrapCloseInAction)
   at Microsoft.Data.SqlClient.SqlInternalConnection.OnError(SqlException exception, Boolean breakConnection, Action`1 wrapCloseInAction)
   at Microsoft.Data.SqlClient.TdsParser.ThrowExceptionAndWarning(TdsParserStateObject stateObj, SqlCommand command, Boolean callerHasConnectionLock, Boolean asyncClose)
   at Microsoft.Data.SqlClient.TdsParser.TryRun(RunBehavior runBehavior, SqlCommand cmdHandler, SqlDataReader dataStream, BulkCopySimpleResultSet bulkCopyHandler, TdsParserStateObject stateObj, Boolean& dataReady)
   at Microsoft.Data.SqlClient.SqlCommand.FinishExecuteReader(SqlDataReader ds, RunBehavior runBehavior, String resetOptionsString, Boolean isInternal, Boolean forDescribeParameterEncryption, Boolean shouldCacheForAlwaysEncrypted)
   at Microsoft.Data.SqlClient.SqlCommand.CompleteAsyncExecuteReader(Boolean isInternal, Boolean forDescribeParameterEncryption)
   at Microsoft.Data.SqlClient.SqlCommand.InternalEndExecuteNonQuery(IAsyncResult asyncResult, Boolean isInternal, String endMethod)
   at Microsoft.Data.SqlClient.SqlCommand.EndExecuteNonQueryInternal(IAsyncResult asyncResult)
   at Microsoft.Data.SqlClient.SqlCommand.EndExecuteNonQueryAsync(IAsyncResult asyncResult)
   at System.Threading.Tasks.TaskFactory`1.FromAsyncCoreLogic(IAsyncResult iar, Func`2 endFunction, Action`1 endAction, Task`1 promise, Boolean requiresSynchronization)
--- End of stack trace from previous location ---
   at Dapper.SqlMapper.ExecuteImplAsync(IDbConnection cnn, CommandDefinition command, Object param) in /_/Dapper/SqlMapper.Async.cs:line 662
   at U9SyncService.Repository`1.ExecuteAsync(String sql, Object param, String dbName) in E:\ERP数据\U9SyncService\Repository.cs:line 30
   at U9SyncService.CRMSyncService.InsertQueue(SyncQueue queue) in E:\ERP数据\U9SyncService\CRMSyncService.cs:line 154
ClientConnectionId:2da0fbe6-834b-47a2-b3d4-215f82c52d45
Error Number:515,State:2,Class:16
2026-01-30 21:54:31.545 +08:00 [ERR] Insert失败:不能将值 NULL 插入列 'EditFlag'，表 'MQ_Sync.dbo.SyncQueue'；列不允许有 Null 值。INSERT 失败。
语句已终止。
Microsoft.Data.SqlClient.SqlException (0x80131904): 不能将值 NULL 插入列 'EditFlag'，表 'MQ_Sync.dbo.SyncQueue'；列不允许有 Null 值。INSERT 失败。
语句已终止。
   at Microsoft.Data.SqlClient.SqlConnection.OnError(SqlException exception, Boolean breakConnection, Action`1 wrapCloseInAction)
   at Microsoft.Data.SqlClient.SqlInternalConnection.OnError(SqlException exception, Boolean breakConnection, Action`1 wrapCloseInAction)
   at Microsoft.Data.SqlClient.TdsParser.ThrowExceptionAndWarning(TdsParserStateObject stateObj, SqlCommand command, Boolean callerHasConnectionLock, Boolean asyncClose)
   at Microsoft.Data.SqlClient.TdsParser.TryRun(RunBehavior runBehavior, SqlCommand cmdHandler, SqlDataReader dataStream, BulkCopySimpleResultSet bulkCopyHandler, TdsParserStateObject stateObj, Boolean& dataReady)
   at Microsoft.Data.SqlClient.SqlCommand.FinishExecuteReader(SqlDataReader ds, RunBehavior runBehavior, String resetOptionsString, Boolean isInternal, Boolean forDescribeParameterEncryption, Boolean shouldCacheForAlwaysEncrypted)
   at Microsoft.Data.SqlClient.SqlCommand.CompleteAsyncExecuteReader(Boolean isInternal, Boolean forDescribeParameterEncryption)
   at Microsoft.Data.SqlClient.SqlCommand.InternalEndExecuteNonQuery(IAsyncResult asyncResult, Boolean isInternal, String endMethod)
   at Microsoft.Data.SqlClient.SqlCommand.EndExecuteNonQueryInternal(IAsyncResult asyncResult)
   at Microsoft.Data.SqlClient.SqlCommand.EndExecuteNonQueryAsync(IAsyncResult asyncResult)
   at System.Threading.Tasks.TaskFactory`1.FromAsyncCoreLogic(IAsyncResult iar, Func`2 endFunction, Action`1 endAction, Task`1 promise, Boolean requiresSynchronization)
--- End of stack trace from previous location ---
   at Dapper.SqlMapper.ExecuteImplAsync(IDbConnection cnn, CommandDefinition command, Object param) in /_/Dapper/SqlMapper.Async.cs:line 662
   at U9SyncService.Repository`1.ExecuteAsync(String sql, Object param, String dbName) in E:\ERP数据\U9SyncService\Repository.cs:line 30
   at U9SyncService.CRMSyncService.InsertQueue(SyncQueue queue) in E:\ERP数据\U9SyncService\CRMSyncService.cs:line 154
ClientConnectionId:2da0fbe6-834b-47a2-b3d4-215f82c52d45
Error Number:515,State:2,Class:16
2026-01-30 21:54:31.676 +08:00 [ERR] Insert失败:不能将值 NULL 插入列 'EditFlag'，表 'MQ_Sync.dbo.SyncQueue'；列不允许有 Null 值。INSERT 失败。
语句已终止。
Microsoft.Data.SqlClient.SqlException (0x80131904): 不能将值 NULL 插入列 'EditFlag'，表 'MQ_Sync.dbo.SyncQueue'；列不允许有 Null 值。INSERT 失败。
语句已终止。
   at Microsoft.Data.SqlClient.SqlConnection.OnError(SqlException exception, Boolean breakConnection, Action`1 wrapCloseInAction)
   at Microsoft.Data.SqlClient.SqlInternalConnection.OnError(SqlException exception, Boolean breakConnection, Action`1 wrapCloseInAction)
   at Microsoft.Data.SqlClient.TdsParser.ThrowExceptionAndWarning(TdsParserStateObject stateObj, SqlCommand command, Boolean callerHasConnectionLock, Boolean asyncClose)
   at Microsoft.Data.SqlClient.TdsParser.TryRun(RunBehavior runBehavior, SqlCommand cmdHandler, SqlDataReader dataStream, BulkCopySimpleResultSet bulkCopyHandler, TdsParserStateObject stateObj, Boolean& dataReady)
   at Microsoft.Data.SqlClient.SqlCommand.FinishExecuteReader(SqlDataReader ds, RunBehavior runBehavior, String resetOptionsString, Boolean isInternal, Boolean forDescribeParameterEncryption, Boolean shouldCacheForAlwaysEncrypted)
   at Microsoft.Data.SqlClient.SqlCommand.CompleteAsyncExecuteReader(Boolean isInternal, Boolean forDescribeParameterEncryption)
   at Microsoft.Data.SqlClient.SqlCommand.InternalEndExecuteNonQuery(IAsyncResult asyncResult, Boolean isInternal, String endMethod)
   at Microsoft.Data.SqlClient.SqlCommand.EndExecuteNonQueryInternal(IAsyncResult asyncResult)
   at Microsoft.Data.SqlClient.SqlCommand.EndExecuteNonQueryAsync(IAsyncResult asyncResult)
   at System.Threading.Tasks.TaskFactory`1.FromAsyncCoreLogic(IAsyncResult iar, Func`2 endFunction, Action`1 endAction, Task`1 promise, Boolean requiresSynchronization)
--- End of stack trace from previous location ---
   at Dapper.SqlMapper.ExecuteImplAsync(IDbConnection cnn, CommandDefinition command, Object param) in /_/Dapper/SqlMapper.Async.cs:line 662
   at U9SyncService.Repository`1.ExecuteAsync(String sql, Object param, String dbName) in E:\ERP数据\U9SyncService\Repository.cs:line 30
   at U9SyncService.CRMSyncService.InsertQueue(SyncQueue queue) in E:\ERP数据\U9SyncService\CRMSyncService.cs:line 154
ClientConnectionId:2da0fbe6-834b-47a2-b3d4-215f82c52d45
Error Number:515,State:2,Class:16
2026-01-30 21:54:31.953 +08:00 [ERR] Insert失败:不能将值 NULL 插入列 'EditFlag'，表 'MQ_Sync.dbo.SyncQueue'；列不允许有 Null 值。INSERT 失败。
语句已终止。
Microsoft.Data.SqlClient.SqlException (0x80131904): 不能将值 NULL 插入列 'EditFlag'，表 'MQ_Sync.dbo.SyncQueue'；列不允许有 Null 值。INSERT 失败。
语句已终止。
   at Microsoft.Data.SqlClient.SqlConnection.OnError(SqlException exception, Boolean breakConnection, Action`1 wrapCloseInAction)
   at Microsoft.Data.SqlClient.SqlInternalConnection.OnError(SqlException exception, Boolean breakConnection, Action`1 wrapCloseInAction)
   at Microsoft.Data.SqlClient.TdsParser.ThrowExceptionAndWarning(TdsParserStateObject stateObj, SqlCommand command, Boolean callerHasConnectionLock, Boolean asyncClose)
   at Microsoft.Data.SqlClient.TdsParser.TryRun(RunBehavior runBehavior, SqlCommand cmdHandler, SqlDataReader dataStream, BulkCopySimpleResultSet bulkCopyHandler, TdsParserStateObject stateObj, Boolean& dataReady)
   at Microsoft.Data.SqlClient.SqlCommand.FinishExecuteReader(SqlDataReader ds, RunBehavior runBehavior, String resetOptionsString, Boolean isInternal, Boolean forDescribeParameterEncryption, Boolean shouldCacheForAlwaysEncrypted)
   at Microsoft.Data.SqlClient.SqlCommand.CompleteAsyncExecuteReader(Boolean isInternal, Boolean forDescribeParameterEncryption)
   at Microsoft.Data.SqlClient.SqlCommand.InternalEndExecuteNonQuery(IAsyncResult asyncResult, Boolean isInternal, String endMethod)
   at Microsoft.Data.SqlClient.SqlCommand.EndExecuteNonQueryInternal(IAsyncResult asyncResult)
   at Microsoft.Data.SqlClient.SqlCommand.EndExecuteNonQueryAsync(IAsyncResult asyncResult)
   at System.Threading.Tasks.TaskFactory`1.FromAsyncCoreLogic(IAsyncResult iar, Func`2 endFunction, Action`1 endAction, Task`1 promise, Boolean requiresSynchronization)
--- End of stack trace from previous location ---
   at Dapper.SqlMapper.ExecuteImplAsync(IDbConnection cnn, CommandDefinition command, Object param) in /_/Dapper/SqlMapper.Async.cs:line 662
   at U9SyncService.Repository`1.ExecuteAsync(String sql, Object param, String dbName) in E:\ERP数据\U9SyncService\Repository.cs:line 30
   at U9SyncService.CRMSyncService.InsertQueue(SyncQueue queue) in E:\ERP数据\U9SyncService\CRMSyncService.cs:line 154
ClientConnectionId:2da0fbe6-834b-47a2-b3d4-215f82c52d45
Error Number:515,State:2,Class:16
2026-01-30 21:54:32.362 +08:00 [ERR] Insert失败:不能将值 NULL 插入列 'EditFlag'，表 'MQ_Sync.dbo.SyncQueue'；列不允许有 Null 值。INSERT 失败。
语句已终止。
Microsoft.Data.SqlClient.SqlException (0x80131904): 不能将值 NULL 插入列 'EditFlag'，表 'MQ_Sync.dbo.SyncQueue'；列不允许有 Null 值。INSERT 失败。
语句已终止。
   at Microsoft.Data.SqlClient.SqlConnection.OnError(SqlException exception, Boolean breakConnection, Action`1 wrapCloseInAction)
   at Microsoft.Data.SqlClient.SqlInternalConnection.OnError(SqlException exception, Boolean breakConnection, Action`1 wrapCloseInAction)
   at Microsoft.Data.SqlClient.TdsParser.ThrowExceptionAndWarning(TdsParserStateObject stateObj, SqlCommand command, Boolean callerHasConnectionLock, Boolean asyncClose)
   at Microsoft.Data.SqlClient.TdsParser.TryRun(RunBehavior runBehavior, SqlCommand cmdHandler, SqlDataReader dataStream, BulkCopySimpleResultSet bulkCopyHandler, TdsParserStateObject stateObj, Boolean& dataReady)
   at Microsoft.Data.SqlClient.SqlCommand.FinishExecuteReader(SqlDataReader ds, RunBehavior runBehavior, String resetOptionsString, Boolean isInternal, Boolean forDescribeParameterEncryption, Boolean shouldCacheForAlwaysEncrypted)
   at Microsoft.Data.SqlClient.SqlCommand.CompleteAsyncExecuteReader(Boolean isInternal, Boolean forDescribeParameterEncryption)
   at Microsoft.Data.SqlClient.SqlCommand.InternalEndExecuteNonQuery(IAsyncResult asyncResult, Boolean isInternal, String endMethod)
   at Microsoft.Data.SqlClient.SqlCommand.EndExecuteNonQueryInternal(IAsyncResult asyncResult)
   at Microsoft.Data.SqlClient.SqlCommand.EndExecuteNonQueryAsync(IAsyncResult asyncResult)
   at System.Threading.Tasks.TaskFactory`1.FromAsyncCoreLogic(IAsyncResult iar, Func`2 endFunction, Action`1 endAction, Task`1 promise, Boolean requiresSynchronization)
--- End of stack trace from previous location ---
   at Dapper.SqlMapper.ExecuteImplAsync(IDbConnection cnn, CommandDefinition command, Object param) in /_/Dapper/SqlMapper.Async.cs:line 662
   at U9SyncService.Repository`1.ExecuteAsync(String sql, Object param, String dbName) in E:\ERP数据\U9SyncService\Repository.cs:line 30
   at U9SyncService.CRMSyncService.InsertQueue(SyncQueue queue) in E:\ERP数据\U9SyncService\CRMSyncService.cs:line 154
ClientConnectionId:2da0fbe6-834b-47a2-b3d4-215f82c52d45
Error Number:515,State:2,Class:16
2026-01-30 21:54:32.507 +08:00 [ERR] Insert失败:不能将值 NULL 插入列 'EditFlag'，表 'MQ_Sync.dbo.SyncQueue'；列不允许有 Null 值。INSERT 失败。
语句已终止。
Microsoft.Data.SqlClient.SqlException (0x80131904): 不能将值 NULL 插入列 'EditFlag'，表 'MQ_Sync.dbo.SyncQueue'；列不允许有 Null 值。INSERT 失败。
语句已终止。
   at Microsoft.Data.SqlClient.SqlConnection.OnError(SqlException exception, Boolean breakConnection, Action`1 wrapCloseInAction)
   at Microsoft.Data.SqlClient.SqlInternalConnection.OnError(SqlException exception, Boolean breakConnection, Action`1 wrapCloseInAction)
   at Microsoft.Data.SqlClient.TdsParser.ThrowExceptionAndWarning(TdsParserStateObject stateObj, SqlCommand command, Boolean callerHasConnectionLock, Boolean asyncClose)
   at Microsoft.Data.SqlClient.TdsParser.TryRun(RunBehavior runBehavior, SqlCommand cmdHandler, SqlDataReader dataStream, BulkCopySimpleResultSet bulkCopyHandler, TdsParserStateObject stateObj, Boolean& dataReady)
   at Microsoft.Data.SqlClient.SqlCommand.FinishExecuteReader(SqlDataReader ds, RunBehavior runBehavior, String resetOptionsString, Boolean isInternal, Boolean forDescribeParameterEncryption, Boolean shouldCacheForAlwaysEncrypted)
   at Microsoft.Data.SqlClient.SqlCommand.CompleteAsyncExecuteReader(Boolean isInternal, Boolean forDescribeParameterEncryption)
   at Microsoft.Data.SqlClient.SqlCommand.InternalEndExecuteNonQuery(IAsyncResult asyncResult, Boolean isInternal, String endMethod)
   at Microsoft.Data.SqlClient.SqlCommand.EndExecuteNonQueryInternal(IAsyncResult asyncResult)
   at Microsoft.Data.SqlClient.SqlCommand.EndExecuteNonQueryAsync(IAsyncResult asyncResult)
   at System.Threading.Tasks.TaskFactory`1.FromAsyncCoreLogic(IAsyncResult iar, Func`2 endFunction, Action`1 endAction, Task`1 promise, Boolean requiresSynchronization)
--- End of stack trace from previous location ---
   at Dapper.SqlMapper.ExecuteImplAsync(IDbConnection cnn, CommandDefinition command, Object param) in /_/Dapper/SqlMapper.Async.cs:line 662
   at U9SyncService.Repository`1.ExecuteAsync(String sql, Object param, String dbName) in E:\ERP数据\U9SyncService\Repository.cs:line 30
   at U9SyncService.CRMSyncService.InsertQueue(SyncQueue queue) in E:\ERP数据\U9SyncService\CRMSyncService.cs:line 154
ClientConnectionId:2da0fbe6-834b-47a2-b3d4-215f82c52d45
Error Number:515,State:2,Class:16
2026-01-30 21:54:32.745 +08:00 [ERR] Insert失败:不能将值 NULL 插入列 'EditFlag'，表 'MQ_Sync.dbo.SyncQueue'；列不允许有 Null 值。INSERT 失败。
语句已终止。
Microsoft.Data.SqlClient.SqlException (0x80131904): 不能将值 NULL 插入列 'EditFlag'，表 'MQ_Sync.dbo.SyncQueue'；列不允许有 Null 值。INSERT 失败。
语句已终止。
   at Microsoft.Data.SqlClient.SqlConnection.OnError(SqlException exception, Boolean breakConnection, Action`1 wrapCloseInAction)
   at Microsoft.Data.SqlClient.SqlInternalConnection.OnError(SqlException exception, Boolean breakConnection, Action`1 wrapCloseInAction)
   at Microsoft.Data.SqlClient.TdsParser.ThrowExceptionAndWarning(TdsParserStateObject stateObj, SqlCommand command, Boolean callerHasConnectionLock, Boolean asyncClose)
   at Microsoft.Data.SqlClient.TdsParser.TryRun(RunBehavior runBehavior, SqlCommand cmdHandler, SqlDataReader dataStream, BulkCopySimpleResultSet bulkCopyHandler, TdsParserStateObject stateObj, Boolean& dataReady)
   at Microsoft.Data.SqlClient.SqlCommand.FinishExecuteReader(SqlDataReader ds, RunBehavior runBehavior, String resetOptionsString, Boolean isInternal, Boolean forDescribeParameterEncryption, Boolean shouldCacheForAlwaysEncrypted)
   at Microsoft.Data.SqlClient.SqlCommand.CompleteAsyncExecuteReader(Boolean isInternal, Boolean forDescribeParameterEncryption)
   at Microsoft.Data.SqlClient.SqlCommand.InternalEndExecuteNonQuery(IAsyncResult asyncResult, Boolean isInternal, String endMethod)
   at Microsoft.Data.SqlClient.SqlCommand.EndExecuteNonQueryInternal(IAsyncResult asyncResult)
   at Microsoft.Data.SqlClient.SqlCommand.EndExecuteNonQueryAsync(IAsyncResult asyncResult)
   at System.Threading.Tasks.TaskFactory`1.FromAsyncCoreLogic(IAsyncResult iar, Func`2 endFunction, Action`1 endAction, Task`1 promise, Boolean requiresSynchronization)
--- End of stack trace from previous location ---
   at Dapper.SqlMapper.ExecuteImplAsync(IDbConnection cnn, CommandDefinition command, Object param) in /_/Dapper/SqlMapper.Async.cs:line 662
   at U9SyncService.Repository`1.ExecuteAsync(String sql, Object param, String dbName) in E:\ERP数据\U9SyncService\Repository.cs:line 30
   at U9SyncService.CRMSyncService.InsertQueue(SyncQueue queue) in E:\ERP数据\U9SyncService\CRMSyncService.cs:line 154
ClientConnectionId:2da0fbe6-834b-47a2-b3d4-215f82c52d45
Error Number:515,State:2,Class:16
2026-01-30 21:54:32.874 +08:00 [ERR] Insert失败:不能将值 NULL 插入列 'EditFlag'，表 'MQ_Sync.dbo.SyncQueue'；列不允许有 Null 值。INSERT 失败。
语句已终止。
Microsoft.Data.SqlClient.SqlException (0x80131904): 不能将值 NULL 插入列 'EditFlag'，表 'MQ_Sync.dbo.SyncQueue'；列不允许有 Null 值。INSERT 失败。
语句已终止。
   at Microsoft.Data.SqlClient.SqlConnection.OnError(SqlException exception, Boolean breakConnection, Action`1 wrapCloseInAction)
   at Microsoft.Data.SqlClient.SqlInternalConnection.OnError(SqlException exception, Boolean breakConnection, Action`1 wrapCloseInAction)
   at Microsoft.Data.SqlClient.TdsParser.ThrowExceptionAndWarning(TdsParserStateObject stateObj, SqlCommand command, Boolean callerHasConnectionLock, Boolean asyncClose)
   at Microsoft.Data.SqlClient.TdsParser.TryRun(RunBehavior runBehavior, SqlCommand cmdHandler, SqlDataReader dataStream, BulkCopySimpleResultSet bulkCopyHandler, TdsParserStateObject stateObj, Boolean& dataReady)
   at Microsoft.Data.SqlClient.SqlCommand.FinishExecuteReader(SqlDataReader ds, RunBehavior runBehavior, String resetOptionsString, Boolean isInternal, Boolean forDescribeParameterEncryption, Boolean shouldCacheForAlwaysEncrypted)
   at Microsoft.Data.SqlClient.SqlCommand.CompleteAsyncExecuteReader(Boolean isInternal, Boolean forDescribeParameterEncryption)
   at Microsoft.Data.SqlClient.SqlCommand.InternalEndExecuteNonQuery(IAsyncResult asyncResult, Boolean isInternal, String endMethod)
   at Microsoft.Data.SqlClient.SqlCommand.EndExecuteNonQueryInternal(IAsyncResult asyncResult)
   at Microsoft.Data.SqlClient.SqlCommand.EndExecuteNonQueryAsync(IAsyncResult asyncResult)
   at System.Threading.Tasks.TaskFactory`1.FromAsyncCoreLogic(IAsyncResult iar, Func`2 endFunction, Action`1 endAction, Task`1 promise, Boolean requiresSynchronization)
--- End of stack trace from previous location ---
   at Dapper.SqlMapper.ExecuteImplAsync(IDbConnection cnn, CommandDefinition command, Object param) in /_/Dapper/SqlMapper.Async.cs:line 662
   at U9SyncService.Repository`1.ExecuteAsync(String sql, Object param, String dbName) in E:\ERP数据\U9SyncService\Repository.cs:line 30
   at U9SyncService.CRMSyncService.InsertQueue(SyncQueue queue) in E:\ERP数据\U9SyncService\CRMSyncService.cs:line 154
ClientConnectionId:2da0fbe6-834b-47a2-b3d4-215f82c52d45
Error Number:515,State:2,Class:16
2026-01-30 21:54:33.358 +08:00 [ERR] Insert失败:不能将值 NULL 插入列 'EditFlag'，表 'MQ_Sync.dbo.SyncQueue'；列不允许有 Null 值。INSERT 失败。
语句已终止。
Microsoft.Data.SqlClient.SqlException (0x80131904): 不能将值 NULL 插入列 'EditFlag'，表 'MQ_Sync.dbo.SyncQueue'；列不允许有 Null 值。INSERT 失败。
语句已终止。
   at Microsoft.Data.SqlClient.SqlConnection.OnError(SqlException exception, Boolean breakConnection, Action`1 wrapCloseInAction)
   at Microsoft.Data.SqlClient.SqlInternalConnection.OnError(SqlException exception, Boolean breakConnection, Action`1 wrapCloseInAction)
   at Microsoft.Data.SqlClient.TdsParser.ThrowExceptionAndWarning(TdsParserStateObject stateObj, SqlCommand command, Boolean callerHasConnectionLock, Boolean asyncClose)
   at Microsoft.Data.SqlClient.TdsParser.TryRun(RunBehavior runBehavior, SqlCommand cmdHandler, SqlDataReader dataStream, BulkCopySimpleResultSet bulkCopyHandler, TdsParserStateObject stateObj, Boolean& dataReady)
   at Microsoft.Data.SqlClient.SqlCommand.FinishExecuteReader(SqlDataReader ds, RunBehavior runBehavior, String resetOptionsString, Boolean isInternal, Boolean forDescribeParameterEncryption, Boolean shouldCacheForAlwaysEncrypted)
   at Microsoft.Data.SqlClient.SqlCommand.CompleteAsyncExecuteReader(Boolean isInternal, Boolean forDescribeParameterEncryption)
   at Microsoft.Data.SqlClient.SqlCommand.InternalEndExecuteNonQuery(IAsyncResult asyncResult, Boolean isInternal, String endMethod)
   at Microsoft.Data.SqlClient.SqlCommand.EndExecuteNonQueryInternal(IAsyncResult asyncResult)
   at Microsoft.Data.SqlClient.SqlCommand.EndExecuteNonQueryAsync(IAsyncResult asyncResult)
   at System.Threading.Tasks.TaskFactory`1.FromAsyncCoreLogic(IAsyncResult iar, Func`2 endFunction, Action`1 endAction, Task`1 promise, Boolean requiresSynchronization)
--- End of stack trace from previous location ---
   at Dapper.SqlMapper.ExecuteImplAsync(IDbConnection cnn, CommandDefinition command, Object param) in /_/Dapper/SqlMapper.Async.cs:line 662
   at U9SyncService.Repository`1.ExecuteAsync(String sql, Object param, String dbName) in E:\ERP数据\U9SyncService\Repository.cs:line 30
   at U9SyncService.CRMSyncService.InsertQueue(SyncQueue queue) in E:\ERP数据\U9SyncService\CRMSyncService.cs:line 154
ClientConnectionId:2da0fbe6-834b-47a2-b3d4-215f82c52d45
Error Number:515,State:2,Class:16
2026-01-30 21:54:33.633 +08:00 [ERR] Insert失败:不能将值 NULL 插入列 'EditFlag'，表 'MQ_Sync.dbo.SyncQueue'；列不允许有 Null 值。INSERT 失败。
语句已终止。
Microsoft.Data.SqlClient.SqlException (0x80131904): 不能将值 NULL 插入列 'EditFlag'，表 'MQ_Sync.dbo.SyncQueue'；列不允许有 Null 值。INSERT 失败。
语句已终止。
   at Microsoft.Data.SqlClient.SqlConnection.OnError(SqlException exception, Boolean breakConnection, Action`1 wrapCloseInAction)
   at Microsoft.Data.SqlClient.SqlInternalConnection.OnError(SqlException exception, Boolean breakConnection, Action`1 wrapCloseInAction)
   at Microsoft.Data.SqlClient.TdsParser.ThrowExceptionAndWarning(TdsParserStateObject stateObj, SqlCommand command, Boolean callerHasConnectionLock, Boolean asyncClose)
   at Microsoft.Data.SqlClient.TdsParser.TryRun(RunBehavior runBehavior, SqlCommand cmdHandler, SqlDataReader dataStream, BulkCopySimpleResultSet bulkCopyHandler, TdsParserStateObject stateObj, Boolean& dataReady)
   at Microsoft.Data.SqlClient.SqlCommand.FinishExecuteReader(SqlDataReader ds, RunBehavior runBehavior, String resetOptionsString, Boolean isInternal, Boolean forDescribeParameterEncryption, Boolean shouldCacheForAlwaysEncrypted)
   at Microsoft.Data.SqlClient.SqlCommand.CompleteAsyncExecuteReader(Boolean isInternal, Boolean forDescribeParameterEncryption)
   at Microsoft.Data.SqlClient.SqlCommand.InternalEndExecuteNonQuery(IAsyncResult asyncResult, Boolean isInternal, String endMethod)
   at Microsoft.Data.SqlClient.SqlCommand.EndExecuteNonQueryInternal(IAsyncResult asyncResult)
   at Microsoft.Data.SqlClient.SqlCommand.EndExecuteNonQueryAsync(IAsyncResult asyncResult)
   at System.Threading.Tasks.TaskFactory`1.FromAsyncCoreLogic(IAsyncResult iar, Func`2 endFunction, Action`1 endAction, Task`1 promise, Boolean requiresSynchronization)
--- End of stack trace from previous location ---
   at Dapper.SqlMapper.ExecuteImplAsync(IDbConnection cnn, CommandDefinition command, Object param) in /_/Dapper/SqlMapper.Async.cs:line 662
   at U9SyncService.Repository`1.ExecuteAsync(String sql, Object param, String dbName) in E:\ERP数据\U9SyncService\Repository.cs:line 30
   at U9SyncService.CRMSyncService.InsertQueue(SyncQueue queue) in E:\ERP数据\U9SyncService\CRMSyncService.cs:line 154
ClientConnectionId:2da0fbe6-834b-47a2-b3d4-215f82c52d45
Error Number:515,State:2,Class:16
2026-01-30 21:54:33.850 +08:00 [ERR] Insert失败:不能将值 NULL 插入列 'EditFlag'，表 'MQ_Sync.dbo.SyncQueue'；列不允许有 Null 值。INSERT 失败。
语句已终止。
Microsoft.Data.SqlClient.SqlException (0x80131904): 不能将值 NULL 插入列 'EditFlag'，表 'MQ_Sync.dbo.SyncQueue'；列不允许有 Null 值。INSERT 失败。
语句已终止。
   at Microsoft.Data.SqlClient.SqlConnection.OnError(SqlException exception, Boolean breakConnection, Action`1 wrapCloseInAction)
   at Microsoft.Data.SqlClient.SqlInternalConnection.OnError(SqlException exception, Boolean breakConnection, Action`1 wrapCloseInAction)
   at Microsoft.Data.SqlClient.TdsParser.ThrowExceptionAndWarning(TdsParserStateObject stateObj, SqlCommand command, Boolean callerHasConnectionLock, Boolean asyncClose)
   at Microsoft.Data.SqlClient.TdsParser.TryRun(RunBehavior runBehavior, SqlCommand cmdHandler, SqlDataReader dataStream, BulkCopySimpleResultSet bulkCopyHandler, TdsParserStateObject stateObj, Boolean& dataReady)
   at Microsoft.Data.SqlClient.SqlCommand.FinishExecuteReader(SqlDataReader ds, RunBehavior runBehavior, String resetOptionsString, Boolean isInternal, Boolean forDescribeParameterEncryption, Boolean shouldCacheForAlwaysEncrypted)
   at Microsoft.Data.SqlClient.SqlCommand.CompleteAsyncExecuteReader(Boolean isInternal, Boolean forDescribeParameterEncryption)
   at Microsoft.Data.SqlClient.SqlCommand.InternalEndExecuteNonQuery(IAsyncResult asyncResult, Boolean isInternal, String endMethod)
   at Microsoft.Data.SqlClient.SqlCommand.EndExecuteNonQueryInternal(IAsyncResult asyncResult)
   at Microsoft.Data.SqlClient.SqlCommand.EndExecuteNonQueryAsync(IAsyncResult asyncResult)
   at System.Threading.Tasks.TaskFactory`1.FromAsyncCoreLogic(IAsyncResult iar, Func`2 endFunction, Action`1 endAction, Task`1 promise, Boolean requiresSynchronization)
--- End of stack trace from previous location ---
   at Dapper.SqlMapper.ExecuteImplAsync(IDbConnection cnn, CommandDefinition command, Object param) in /_/Dapper/SqlMapper.Async.cs:line 662
   at U9SyncService.Repository`1.ExecuteAsync(String sql, Object param, String dbName) in E:\ERP数据\U9SyncService\Repository.cs:line 30
   at U9SyncService.CRMSyncService.InsertQueue(SyncQueue queue) in E:\ERP数据\U9SyncService\CRMSyncService.cs:line 154
ClientConnectionId:2da0fbe6-834b-47a2-b3d4-215f82c52d45
Error Number:515,State:2,Class:16
2026-01-30 21:54:34.045 +08:00 [ERR] Insert失败:不能将值 NULL 插入列 'EditFlag'，表 'MQ_Sync.dbo.SyncQueue'；列不允许有 Null 值。INSERT 失败。
语句已终止。
Microsoft.Data.SqlClient.SqlException (0x80131904): 不能将值 NULL 插入列 'EditFlag'，表 'MQ_Sync.dbo.SyncQueue'；列不允许有 Null 值。INSERT 失败。
语句已终止。
   at Microsoft.Data.SqlClient.SqlConnection.OnError(SqlException exception, Boolean breakConnection, Action`1 wrapCloseInAction)
   at Microsoft.Data.SqlClient.SqlInternalConnection.OnError(SqlException exception, Boolean breakConnection, Action`1 wrapCloseInAction)
   at Microsoft.Data.SqlClient.TdsParser.ThrowExceptionAndWarning(TdsParserStateObject stateObj, SqlCommand command, Boolean callerHasConnectionLock, Boolean asyncClose)
   at Microsoft.Data.SqlClient.TdsParser.TryRun(RunBehavior runBehavior, SqlCommand cmdHandler, SqlDataReader dataStream, BulkCopySimpleResultSet bulkCopyHandler, TdsParserStateObject stateObj, Boolean& dataReady)
   at Microsoft.Data.SqlClient.SqlCommand.FinishExecuteReader(SqlDataReader ds, RunBehavior runBehavior, String resetOptionsString, Boolean isInternal, Boolean forDescribeParameterEncryption, Boolean shouldCacheForAlwaysEncrypted)
   at Microsoft.Data.SqlClient.SqlCommand.CompleteAsyncExecuteReader(Boolean isInternal, Boolean forDescribeParameterEncryption)
   at Microsoft.Data.SqlClient.SqlCommand.InternalEndExecuteNonQuery(IAsyncResult asyncResult, Boolean isInternal, String endMethod)
   at Microsoft.Data.SqlClient.SqlCommand.EndExecuteNonQueryInternal(IAsyncResult asyncResult)
   at Microsoft.Data.SqlClient.SqlCommand.EndExecuteNonQueryAsync(IAsyncResult asyncResult)
   at System.Threading.Tasks.TaskFactory`1.FromAsyncCoreLogic(IAsyncResult iar, Func`2 endFunction, Action`1 endAction, Task`1 promise, Boolean requiresSynchronization)
--- End of stack trace from previous location ---
   at Dapper.SqlMapper.ExecuteImplAsync(IDbConnection cnn, CommandDefinition command, Object param) in /_/Dapper/SqlMapper.Async.cs:line 662
   at U9SyncService.Repository`1.ExecuteAsync(String sql, Object param, String dbName) in E:\ERP数据\U9SyncService\Repository.cs:line 30
   at U9SyncService.CRMSyncService.InsertQueue(SyncQueue queue) in E:\ERP数据\U9SyncService\CRMSyncService.cs:line 154
ClientConnectionId:2da0fbe6-834b-47a2-b3d4-215f82c52d45
Error Number:515,State:2,Class:16
2026-01-30 21:54:34.197 +08:00 [ERR] Insert失败:不能将值 NULL 插入列 'EditFlag'，表 'MQ_Sync.dbo.SyncQueue'；列不允许有 Null 值。INSERT 失败。
语句已终止。
Microsoft.Data.SqlClient.SqlException (0x80131904): 不能将值 NULL 插入列 'EditFlag'，表 'MQ_Sync.dbo.SyncQueue'；列不允许有 Null 值。INSERT 失败。
语句已终止。
   at Microsoft.Data.SqlClient.SqlConnection.OnError(SqlException exception, Boolean breakConnection, Action`1 wrapCloseInAction)
   at Microsoft.Data.SqlClient.SqlInternalConnection.OnError(SqlException exception, Boolean breakConnection, Action`1 wrapCloseInAction)
   at Microsoft.Data.SqlClient.TdsParser.ThrowExceptionAndWarning(TdsParserStateObject stateObj, SqlCommand command, Boolean callerHasConnectionLock, Boolean asyncClose)
   at Microsoft.Data.SqlClient.TdsParser.TryRun(RunBehavior runBehavior, SqlCommand cmdHandler, SqlDataReader dataStream, BulkCopySimpleResultSet bulkCopyHandler, TdsParserStateObject stateObj, Boolean& dataReady)
   at Microsoft.Data.SqlClient.SqlCommand.FinishExecuteReader(SqlDataReader ds, RunBehavior runBehavior, String resetOptionsString, Boolean isInternal, Boolean forDescribeParameterEncryption, Boolean shouldCacheForAlwaysEncrypted)
   at Microsoft.Data.SqlClient.SqlCommand.CompleteAsyncExecuteReader(Boolean isInternal, Boolean forDescribeParameterEncryption)
   at Microsoft.Data.SqlClient.SqlCommand.InternalEndExecuteNonQuery(IAsyncResult asyncResult, Boolean isInternal, String endMethod)
   at Microsoft.Data.SqlClient.SqlCommand.EndExecuteNonQueryInternal(IAsyncResult asyncResult)
   at Microsoft.Data.SqlClient.SqlCommand.EndExecuteNonQueryAsync(IAsyncResult asyncResult)
   at System.Threading.Tasks.TaskFactory`1.FromAsyncCoreLogic(IAsyncResult iar, Func`2 endFunction, Action`1 endAction, Task`1 promise, Boolean requiresSynchronization)
--- End of stack trace from previous location ---
   at Dapper.SqlMapper.ExecuteImplAsync(IDbConnection cnn, CommandDefinition command, Object param) in /_/Dapper/SqlMapper.Async.cs:line 662
   at U9SyncService.Repository`1.ExecuteAsync(String sql, Object param, String dbName) in E:\ERP数据\U9SyncService\Repository.cs:line 30
   at U9SyncService.CRMSyncService.InsertQueue(SyncQueue queue) in E:\ERP数据\U9SyncService\CRMSyncService.cs:line 154
ClientConnectionId:2da0fbe6-834b-47a2-b3d4-215f82c52d45
Error Number:515,State:2,Class:16
2026-01-30 21:57:40.706 +08:00 [INF]  CRM --> U9 Worker started
2026-01-30 21:57:47.637 +08:00 [INF] Application started. Press Ctrl+C to shut down.
2026-01-30 21:57:47.657 +08:00 [INF] Hosting environment: Development
2026-01-30 21:57:47.659 +08:00 [INF] Content root path: E:\ERP数据\U9SyncService
2026-01-30 21:58:22.691 +08:00 [INF] 获取到 30 条待处理队列数据
2026-01-30 21:58:22.695 +08:00 [INF] 开始处理队列项: 12094, 类型: CustomerCreate, 键值: C00139025
2026-01-30 21:58:23.028 +08:00 [WRN] U9同步失败: 地理区域不能为空，请检查, 编号: C00139025
