2026-01-31 08:24:21.071 +08:00 [INF]  CRM --> U9 Worker started
2026-01-31 08:24:21.600 +08:00 [INF] Application started. Press Ctrl+C to shut down.
2026-01-31 08:24:21.625 +08:00 [INF] Hosting environment: Development
2026-01-31 08:24:21.627 +08:00 [INF] Content root path: E:\ERP数据\U9SyncService
2026-01-31 08:24:31.576 +08:00 [INF] 获取到 30 条待处理队列数据
2026-01-31 08:24:31.587 +08:00 [INF] 开始处理队列项: 12275, 类型: CustomerCreate, 键值: C00139724
2026-01-31 08:24:32.666 +08:00 [WRN] U9同步失败: 地理区域不能为空，请检查, 编号: C00139724
2026-01-31 08:24:32.706 +08:00 [INF] 开始处理队列项: 12277, 类型: CustomerCreate, 键值: C00140324
2026-01-31 08:24:33.651 +08:00 [INF] 开始处理队列项: 12289, 类型: CustomerCreate, 键值: C00146139
2026-01-31 08:24:33.818 +08:00 [INF] 开始处理队列项: 12297, 类型: CustomerCreate, 键值: C00145161
2026-01-31 08:24:33.830 +08:00 [WRN] U9同步失败: 没有配置值集:ZDY_002,值集值名称印度尼西亚请先维护！, 编号: C00145161
2026-01-31 08:24:33.840 +08:00 [INF] 开始处理队列项: 12299, 类型: CustomerCreate, 键值: C00145597
2026-01-31 08:24:33.849 +08:00 [WRN] U9同步失败: 地理区域不能为空，请检查, 编号: C00145597
2026-01-31 08:24:33.859 +08:00 [INF] 开始处理队列项: 12306, 类型: CustomerCreate, 键值: C00145288
2026-01-31 08:24:34.016 +08:00 [INF] 开始处理队列项: 12319, 类型: CustomerCreate, 键值: C00148313
2026-01-31 08:24:34.029 +08:00 [WRN] U9同步失败: 地理区域不能为空，请检查, 编号: C00148313
2026-01-31 08:24:34.039 +08:00 [INF] 开始处理队列项: 12321, 类型: CustomerCreate, 键值: C00144956
2026-01-31 08:24:34.052 +08:00 [WRN] U9同步失败: 地理区域不能为空，请检查, 编号: C00144956
2026-01-31 08:24:34.063 +08:00 [INF] 开始处理队列项: 12334, 类型: CustomerCreate, 键值: C00146823
2026-01-31 08:24:34.196 +08:00 [INF] 开始处理队列项: 12336, 类型: CustomerCreate, 键值: C00147398
2026-01-31 08:24:34.326 +08:00 [INF] 开始处理队列项: 12344, 类型: CustomerCreate, 键值: C00145367
2026-01-31 08:24:34.338 +08:00 [WRN] U9同步失败: 没有配置值集:ZDY_002,值集值名称缅甸请先维护！, 编号: C00145367
2026-01-31 08:24:34.350 +08:00 [INF] 开始处理队列项: 12354, 类型: CustomerCreate, 键值: C00146110
2026-01-31 08:24:34.528 +08:00 [INF] 开始处理队列项: 12358, 类型: CustomerCreate, 键值: C00139782
2026-01-31 08:24:34.547 +08:00 [WRN] U9同步失败: 地理区域不能为空，请检查, 编号: C00139782
2026-01-31 08:24:34.556 +08:00 [INF] 开始处理队列项: 12367, 类型: CustomerCreate, 键值: C00146700
2026-01-31 08:24:34.752 +08:00 [INF] 开始处理队列项: 12369, 类型: CustomerCreate, 键值: C00147168
2026-01-31 08:24:34.762 +08:00 [WRN] U9同步失败: 地理区域不能为空，请检查, 编号: C00147168
2026-01-31 08:24:34.770 +08:00 [INF] 开始处理队列项: 12391, 类型: CustomerCreate, 键值: C00146713
2026-01-31 08:24:34.779 +08:00 [WRN] U9同步失败: 地理区域不能为空，请检查, 编号: C00146713
2026-01-31 08:24:34.788 +08:00 [INF] 开始处理队列项: 12406, 类型: CustomerCreate, 键值: C00153013
2026-01-31 08:24:34.798 +08:00 [WRN] U9同步失败: 没有配置值集:ZDY_002,值集值名称塔吉克斯坦请先维护！, 编号: C00153013
2026-01-31 08:24:34.805 +08:00 [INF] 开始处理队列项: 12421, 类型: CustomerCreate, 键值: C00152402
2026-01-31 08:24:34.815 +08:00 [WRN] U9同步失败: 没有配置值集:ZDY_002,值集值名称委内瑞拉请先维护！, 编号: C00152402
2026-01-31 08:24:34.824 +08:00 [INF] 开始处理队列项: 12424, 类型: CustomerCreate, 键值: C00152888
2026-01-31 08:24:34.981 +08:00 [INF] 开始处理队列项: 12433, 类型: CustomerCreate, 键值: C00150224
2026-01-31 08:24:34.991 +08:00 [WRN] U9同步失败: 地理区域不能为空，请检查, 编号: C00150224
2026-01-31 08:24:35.000 +08:00 [INF] 开始处理队列项: 12439, 类型: CustomerCreate, 键值: C00151351
2026-01-31 08:24:35.152 +08:00 [INF] 开始处理队列项: 12454, 类型: CustomerCreate, 键值: C00150444
2026-01-31 08:24:35.308 +08:00 [INF] 开始处理队列项: 12462, 类型: CustomerCreate, 键值: C00151010
2026-01-31 08:24:35.436 +08:00 [INF] 开始处理队列项: 12469, 类型: CustomerCreate, 键值: C00148341
2026-01-31 08:24:35.447 +08:00 [WRN] U9同步失败: 地理区域不能为空，请检查, 编号: C00148341
2026-01-31 08:24:35.457 +08:00 [INF] 开始处理队列项: 12488, 类型: CustomerCreate, 键值: C00147075
2026-01-31 08:24:35.467 +08:00 [WRN] U9同步失败: 没有配置值集:ZDY_002,值集值名称摩洛哥请先维护！, 编号: C00147075
2026-01-31 08:24:35.476 +08:00 [INF] 开始处理队列项: 12491, 类型: CustomerCreate, 键值: C00147811
2026-01-31 08:24:35.615 +08:00 [INF] 开始处理队列项: 12511, 类型: CustomerCreate, 键值: C00150663
2026-01-31 08:24:35.625 +08:00 [WRN] U9同步失败: 地理区域不能为空，请检查, 编号: C00150663
2026-01-31 08:24:35.634 +08:00 [INF] 开始处理队列项: 12515, 类型: CustomerCreate, 键值: C00151374
2026-01-31 08:24:35.644 +08:00 [WRN] U9同步失败: 没有配置值集:ZDY_002,值集值名称孟加拉请先维护！, 编号: C00151374
2026-01-31 08:24:35.651 +08:00 [INF] 开始处理队列项: 12522, 类型: CustomerCreate, 键值: C00152510
2026-01-31 08:24:35.797 +08:00 [INF] 开始处理队列项: 12527, 类型: CustomerCreate, 键值: C00149938
2026-01-31 08:24:35.807 +08:00 [WRN] U9同步失败: 地理区域不能为空，请检查, 编号: C00149938
