2026-02-06 15:54:37.167 +08:00 [INF]  CRM --> U9 Worker started
2026-02-06 15:54:37.852 +08:00 [INF] Application started. Press Ctrl+C to shut down.
2026-02-06 15:54:37.875 +08:00 [INF] Hosting environment: Development
2026-02-06 15:54:37.877 +08:00 [INF] Content root path: E:\ERP数据\U9SyncService
2026-02-06 15:54:51.843 +08:00 [INF] 获取到 300 条待处理队列数据
2026-02-06 15:54:51.853 +08:00 [INF] 开始处理队列项: 11888, 类型: CustomerCreate, 键值: C00137628
2026-02-06 15:54:56.862 +08:00 [WRN] U9同步失败: 地理区域不能为空，请检查, 编号: C00137628
2026-02-06 15:54:56.899 +08:00 [INF] 开始处理队列项: 11889, 类型: CustomerCreate, 键值: C00138146
2026-02-06 15:54:56.913 +08:00 [WRN] U9同步失败: 地理区域不能为空，请检查, 编号: C00138146
2026-02-06 15:54:56.921 +08:00 [INF] 开始处理队列项: 11906, 类型: CustomerCreate, 键值: C00136012
2026-02-06 15:54:56.930 +08:00 [WRN] U9同步失败: 地理区域不能为空，请检查, 编号: C00136012
2026-02-06 15:54:56.939 +08:00 [INF] 开始处理队列项: 11908, 类型: CustomerCreate, 键值: C00129046
2026-02-06 15:54:56.949 +08:00 [WRN] U9同步失败: 地理区域不能为空，请检查, 编号: C00129046
2026-02-06 15:54:56.959 +08:00 [INF] 开始处理队列项: 11909, 类型: CustomerCreate, 键值: C00129373
2026-02-06 15:54:56.969 +08:00 [WRN] U9同步失败: 地理区域不能为空，请检查, 编号: C00129373
2026-02-06 15:54:56.978 +08:00 [INF] 开始处理队列项: 11911, 类型: CustomerCreate, 键值: C00131547
2026-02-06 15:54:56.988 +08:00 [WRN] U9同步失败: 地理区域不能为空，请检查, 编号: C00131547
2026-02-06 15:54:56.997 +08:00 [INF] 开始处理队列项: 11915, 类型: CustomerCreate, 键值: C00139533
2026-02-06 15:54:57.006 +08:00 [WRN] U9同步失败: 地理区域不能为空，请检查, 编号: C00139533
2026-02-06 15:54:57.014 +08:00 [INF] 开始处理队列项: 11916, 类型: CustomerCreate, 键值: C00139610
2026-02-06 15:54:57.024 +08:00 [WRN] U9同步失败: 地理区域不能为空，请检查, 编号: C00139610
2026-02-06 15:54:57.033 +08:00 [INF] 开始处理队列项: 11917, 类型: CustomerCreate, 键值: C00139644
2026-02-06 15:54:57.043 +08:00 [WRN] U9同步失败: 地理区域不能为空，请检查, 编号: C00139644
2026-02-06 15:54:57.052 +08:00 [INF] 开始处理队列项: 11918, 类型: CustomerCreate, 键值: C00139903
2026-02-06 15:54:57.062 +08:00 [WRN] U9同步失败: 地理区域不能为空，请检查, 编号: C00139903
2026-02-06 15:54:57.071 +08:00 [INF] 开始处理队列项: 11919, 类型: CustomerCreate, 键值: C00139937
2026-02-06 15:54:57.082 +08:00 [WRN] U9同步失败: 地理区域不能为空，请检查, 编号: C00139937
2026-02-06 15:54:57.090 +08:00 [INF] 开始处理队列项: 11937, 类型: CustomerCreate, 键值: C00137166
2026-02-06 15:54:57.101 +08:00 [WRN] U9同步失败: 地理区域不能为空，请检查, 编号: C00137166
2026-02-06 15:54:57.120 +08:00 [INF] 开始处理队列项: 11940, 类型: CustomerCreate, 键值: C00138702
2026-02-06 15:54:57.129 +08:00 [WRN] U9同步失败: 地理区域不能为空，请检查, 编号: C00138702
2026-02-06 15:54:57.137 +08:00 [INF] 开始处理队列项: 11942, 类型: CustomerCreate, 键值: C00139088
2026-02-06 15:54:57.150 +08:00 [WRN] U9同步失败: 地理区域不能为空，请检查, 编号: C00139088
2026-02-06 15:54:57.160 +08:00 [INF] 开始处理队列项: 11966, 类型: CustomerCreate, 键值: C00145350
2026-02-06 15:54:57.170 +08:00 [WRN] U9同步失败: 地理区域不能为空，请检查, 编号: C00145350
2026-02-06 15:54:57.180 +08:00 [INF] 开始处理队列项: 11970, 类型: CustomerCreate, 键值: C00146293
2026-02-06 15:54:57.193 +08:00 [WRN] U9同步失败: 地理区域不能为空，请检查, 编号: C00146293
2026-02-06 15:54:57.201 +08:00 [INF] 开始处理队列项: 11981, 类型: CustomerCreate, 键值: C00134299
2026-02-06 15:54:57.214 +08:00 [WRN] U9同步失败: 地理区域不能为空，请检查, 编号: C00134299
2026-02-06 15:54:57.224 +08:00 [INF] 开始处理队列项: 11984, 类型: CustomerCreate, 键值: C00137958
2026-02-06 15:54:57.236 +08:00 [WRN] U9同步失败: 地理区域不能为空，请检查, 编号: C00137958
2026-02-06 15:54:57.245 +08:00 [INF] 开始处理队列项: 11986, 类型: CustomerCreate, 键值: C00138160
2026-02-06 15:54:57.254 +08:00 [WRN] U9同步失败: 地理区域不能为空，请检查, 编号: C00138160
2026-02-06 15:54:57.263 +08:00 [INF] 开始处理队列项: 11989, 类型: CustomerCreate, 键值: C00139515
2026-02-06 15:54:57.273 +08:00 [WRN] U9同步失败: 地理区域不能为空，请检查, 编号: C00139515
2026-02-06 15:54:57.291 +08:00 [INF] 开始处理队列项: 11991, 类型: CustomerCreate, 键值: C00139545
2026-02-06 15:54:57.301 +08:00 [WRN] U9同步失败: 地理区域不能为空，请检查, 编号: C00139545
2026-02-06 15:54:57.352 +08:00 [INF] 开始处理队列项: 11993, 类型: CustomerCreate, 键值: C00139681
2026-02-06 15:54:57.363 +08:00 [WRN] U9同步失败: 地理区域不能为空，请检查, 编号: C00139681
2026-02-06 15:54:57.372 +08:00 [INF] 开始处理队列项: 11995, 类型: CustomerCreate, 键值: C00139915
2026-02-06 15:54:57.382 +08:00 [WRN] U9同步失败: 地理区域不能为空，请检查, 编号: C00139915
2026-02-06 15:54:57.391 +08:00 [INF] 开始处理队列项: 11997, 类型: CustomerCreate, 键值: C00128605
2026-02-06 15:54:57.402 +08:00 [WRN] U9同步失败: 地理区域不能为空，请检查, 编号: C00128605
2026-02-06 15:54:57.410 +08:00 [INF] 开始处理队列项: 12000, 类型: CustomerCreate, 键值: C00132983
2026-02-06 15:54:57.420 +08:00 [WRN] U9同步失败: 地理区域不能为空，请检查, 编号: C00132983
2026-02-06 15:54:57.431 +08:00 [INF] 开始处理队列项: 12004, 类型: CustomerCreate, 键值: C00138697
2026-02-06 15:54:57.442 +08:00 [WRN] U9同步失败: 地理区域不能为空，请检查, 编号: C00138697
2026-02-06 15:54:57.451 +08:00 [INF] 开始处理队列项: 12005, 类型: CustomerCreate, 键值: C00139501
2026-02-06 15:54:57.462 +08:00 [WRN] U9同步失败: 地理区域不能为空，请检查, 编号: C00139501
2026-02-06 15:54:57.470 +08:00 [INF] 开始处理队列项: 12006, 类型: CustomerCreate, 键值: C00139608
2026-02-06 15:54:57.480 +08:00 [WRN] U9同步失败: 地理区域不能为空，请检查, 编号: C00139608
2026-02-06 15:54:57.491 +08:00 [INF] 开始处理队列项: 12007, 类型: CustomerCreate, 键值: C00139667
2026-02-06 15:54:57.501 +08:00 [WRN] U9同步失败: 地理区域不能为空，请检查, 编号: C00139667
2026-02-06 15:54:57.510 +08:00 [INF] 开始处理队列项: 12017, 类型: CustomerCreate, 键值: C00137314
2026-02-06 15:54:57.521 +08:00 [WRN] U9同步失败: 地理区域不能为空，请检查, 编号: C00137314
2026-02-06 15:54:57.530 +08:00 [INF] 开始处理队列项: 12021, 类型: CustomerCreate, 键值: C00139421
2026-02-06 15:54:57.543 +08:00 [WRN] U9同步失败: 地理区域不能为空，请检查, 编号: C00139421
2026-02-06 15:54:57.551 +08:00 [INF] 开始处理队列项: 12022, 类型: CustomerCreate, 键值: C00139607
2026-02-06 15:54:57.562 +08:00 [WRN] U9同步失败: 地理区域不能为空，请检查, 编号: C00139607
2026-02-06 15:54:57.570 +08:00 [INF] 开始处理队列项: 12027, 类型: CustomerCreate, 键值: C00139957
2026-02-06 15:54:57.580 +08:00 [WRN] U9同步失败: 地理区域不能为空，请检查, 编号: C00139957
2026-02-06 15:54:57.589 +08:00 [INF] 开始处理队列项: 12028, 类型: CustomerCreate, 键值: C00140008
2026-02-06 15:54:57.610 +08:00 [WRN] U9同步失败: 地理区域不能为空，请检查, 编号: C00140008
2026-02-06 15:54:57.619 +08:00 [INF] 开始处理队列项: 12034, 类型: CustomerCreate, 键值: C00129035
2026-02-06 15:54:57.630 +08:00 [WRN] U9同步失败: 地理区域不能为空，请检查, 编号: C00129035
2026-02-06 15:54:57.640 +08:00 [INF] 开始处理队列项: 12044, 类型: CustomerCreate, 键值: C00137106
2026-02-06 15:54:57.651 +08:00 [WRN] U9同步失败: 地理区域不能为空，请检查, 编号: C00137106
2026-02-06 15:54:57.659 +08:00 [INF] 开始处理队列项: 12045, 类型: CustomerCreate, 键值: C00137306
2026-02-06 15:54:57.668 +08:00 [WRN] U9同步失败: 地理区域不能为空，请检查, 编号: C00137306
2026-02-06 15:54:57.683 +08:00 [INF] 开始处理队列项: 12047, 类型: CustomerCreate, 键值: C00138910
2026-02-06 15:54:57.693 +08:00 [WRN] U9同步失败: 地理区域不能为空，请检查, 编号: C00138910
2026-02-06 15:54:57.701 +08:00 [INF] 开始处理队列项: 12048, 类型: CustomerCreate, 键值: C00139348
2026-02-06 15:54:57.710 +08:00 [WRN] U9同步失败: 地理区域不能为空，请检查, 编号: C00139348
2026-02-06 15:54:57.718 +08:00 [INF] 开始处理队列项: 12049, 类型: CustomerCreate, 键值: C00139599
2026-02-06 15:54:57.728 +08:00 [WRN] U9同步失败: 地理区域不能为空，请检查, 编号: C00139599
2026-02-06 15:54:57.738 +08:00 [INF] 开始处理队列项: 12051, 类型: CustomerCreate, 键值: C00139714
2026-02-06 15:54:57.748 +08:00 [WRN] U9同步失败: 地理区域不能为空，请检查, 编号: C00139714
2026-02-06 15:54:57.757 +08:00 [INF] 开始处理队列项: 12055, 类型: CustomerCreate, 键值: C00138554
2026-02-06 15:54:57.768 +08:00 [WRN] U9同步失败: 地理区域不能为空，请检查, 编号: C00138554
2026-02-06 15:54:57.777 +08:00 [INF] 开始处理队列项: 12059, 类型: CustomerCreate, 键值: C00139422
2026-02-06 15:54:57.785 +08:00 [WRN] U9同步失败: 地理区域不能为空，请检查, 编号: C00139422
2026-02-06 15:54:57.793 +08:00 [INF] 开始处理队列项: 12061, 类型: CustomerCreate, 键值: C00139690
2026-02-06 15:54:57.802 +08:00 [WRN] U9同步失败: 地理区域不能为空，请检查, 编号: C00139690
2026-02-06 15:54:57.810 +08:00 [INF] 开始处理队列项: 12062, 类型: CustomerCreate, 键值: C00139840
2026-02-06 15:54:57.821 +08:00 [WRN] U9同步失败: 地理区域不能为空，请检查, 编号: C00139840
2026-02-06 15:54:57.829 +08:00 [INF] 开始处理队列项: 12064, 类型: CustomerCreate, 键值: C00139908
2026-02-06 15:54:57.837 +08:00 [WRN] U9同步失败: 地理区域不能为空，请检查, 编号: C00139908
2026-02-06 15:54:57.845 +08:00 [INF] 开始处理队列项: 12065, 类型: CustomerCreate, 键值: C00139925
2026-02-06 15:54:57.853 +08:00 [WRN] U9同步失败: 地理区域不能为空，请检查, 编号: C00139925
2026-02-06 15:54:57.861 +08:00 [INF] 开始处理队列项: 12066, 类型: CustomerCreate, 键值: C00139958
2026-02-06 15:54:57.870 +08:00 [WRN] U9同步失败: 地理区域不能为空，请检查, 编号: C00139958
2026-02-06 15:54:57.881 +08:00 [INF] 开始处理队列项: 12071, 类型: CustomerCreate, 键值: C00129757
2026-02-06 15:54:57.891 +08:00 [WRN] U9同步失败: 地理区域不能为空，请检查, 编号: C00129757
2026-02-06 15:54:57.900 +08:00 [INF] 开始处理队列项: 12074, 类型: CustomerCreate, 键值: C00137815
2026-02-06 15:54:57.913 +08:00 [WRN] U9同步失败: 地理区域不能为空，请检查, 编号: C00137815
2026-02-06 15:54:57.922 +08:00 [INF] 开始处理队列项: 12076, 类型: CustomerCreate, 键值: C00138817
2026-02-06 15:54:57.931 +08:00 [WRN] U9同步失败: 地理区域不能为空，请检查, 编号: C00138817
2026-02-06 15:54:57.939 +08:00 [INF] 开始处理队列项: 12078, 类型: CustomerCreate, 键值: C00139051
2026-02-06 15:54:57.947 +08:00 [WRN] U9同步失败: 地理区域不能为空，请检查, 编号: C00139051
2026-02-06 15:54:57.956 +08:00 [INF] 开始处理队列项: 12080, 类型: CustomerCreate, 键值: C00139560
2026-02-06 15:54:57.965 +08:00 [WRN] U9同步失败: 地理区域不能为空，请检查, 编号: C00139560
2026-02-06 15:54:57.973 +08:00 [INF] 开始处理队列项: 12088, 类型: CustomerCreate, 键值: C00129104
2026-02-06 15:54:57.983 +08:00 [WRN] U9同步失败: 地理区域不能为空，请检查, 编号: C00129104
2026-02-06 15:54:57.990 +08:00 [INF] 开始处理队列项: 12089, 类型: CustomerCreate, 键值: C00134395
2026-02-06 15:54:57.999 +08:00 [WRN] U9同步失败: 地理区域不能为空，请检查, 编号: C00134395
2026-02-06 15:54:58.007 +08:00 [INF] 开始处理队列项: 12091, 类型: CustomerCreate, 键值: C00138132
2026-02-06 15:54:58.017 +08:00 [WRN] U9同步失败: 地理区域不能为空，请检查, 编号: C00138132
2026-02-06 15:54:58.025 +08:00 [INF] 开始处理队列项: 12093, 类型: CustomerCreate, 键值: C00138982
2026-02-06 15:54:58.033 +08:00 [WRN] U9同步失败: 地理区域不能为空，请检查, 编号: C00138982
2026-02-06 15:54:58.042 +08:00 [INF] 开始处理队列项: 12094, 类型: CustomerCreate, 键值: C00139025
2026-02-06 15:54:58.053 +08:00 [WRN] U9同步失败: 地理区域不能为空，请检查, 编号: C00139025
2026-02-06 15:54:58.069 +08:00 [INF] 开始处理队列项: 12095, 类型: CustomerCreate, 键值: C00139518
2026-02-06 15:54:58.079 +08:00 [WRN] U9同步失败: 地理区域不能为空，请检查, 编号: C00139518
2026-02-06 15:54:58.087 +08:00 [INF] 开始处理队列项: 12108, 类型: CustomerCreate, 键值: C00139631
2026-02-06 15:54:58.098 +08:00 [WRN] U9同步失败: 地理区域不能为空，请检查, 编号: C00139631
2026-02-06 15:54:58.106 +08:00 [INF] 开始处理队列项: 12110, 类型: CustomerCreate, 键值: C00139682
2026-02-06 15:54:58.117 +08:00 [WRN] U9同步失败: 地理区域不能为空，请检查, 编号: C00139682
2026-02-06 15:54:58.127 +08:00 [INF] 开始处理队列项: 12111, 类型: CustomerCreate, 键值: C00139882
2026-02-06 15:54:58.136 +08:00 [WRN] U9同步失败: 地理区域不能为空，请检查, 编号: C00139882
2026-02-06 15:54:58.148 +08:00 [INF] 开始处理队列项: 12127, 类型: CustomerCreate, 键值: C00147747
2026-02-06 15:54:58.159 +08:00 [WRN] U9同步失败: 地理区域不能为空，请检查, 编号: C00147747
2026-02-06 15:54:58.167 +08:00 [INF] 开始处理队列项: 12130, 类型: CustomerCreate, 键值: C00148276
2026-02-06 15:54:58.177 +08:00 [WRN] U9同步失败: 地理区域不能为空，请检查, 编号: C00148276
2026-02-06 15:54:58.189 +08:00 [INF] 开始处理队列项: 12164, 类型: CustomerCreate, 键值: C00145299
2026-02-06 15:54:58.199 +08:00 [WRN] U9同步失败: 地理区域不能为空，请检查, 编号: C00145299
2026-02-06 15:54:58.209 +08:00 [INF] 开始处理队列项: 12173, 类型: CustomerCreate, 键值: C00147716
2026-02-06 15:54:58.218 +08:00 [WRN] U9同步失败: 地理区域不能为空，请检查, 编号: C00147716
2026-02-06 15:54:58.227 +08:00 [INF] 开始处理队列项: 12174, 类型: CustomerCreate, 键值: C00148150
2026-02-06 15:54:58.236 +08:00 [WRN] U9同步失败: 地理区域不能为空，请检查, 编号: C00148150
2026-02-06 15:54:58.244 +08:00 [INF] 开始处理队列项: 12218, 类型: CustomerCreate, 键值: C00144629
2026-02-06 15:54:58.254 +08:00 [WRN] U9同步失败: 地理区域不能为空，请检查, 编号: C00144629
2026-02-06 15:54:58.263 +08:00 [INF] 开始处理队列项: 12226, 类型: CustomerCreate, 键值: C00145214
2026-02-06 15:54:58.272 +08:00 [WRN] U9同步失败: 地理区域不能为空，请检查, 编号: C00145214
2026-02-06 15:54:58.282 +08:00 [INF] 开始处理队列项: 12234, 类型: CustomerCreate, 键值: C00137283
2026-02-06 15:54:58.291 +08:00 [WRN] U9同步失败: 地理区域不能为空，请检查, 编号: C00137283
2026-02-06 15:54:58.300 +08:00 [INF] 开始处理队列项: 12235, 类型: CustomerCreate, 键值: C00137734
2026-02-06 15:54:58.311 +08:00 [WRN] U9同步失败: 地理区域不能为空，请检查, 编号: C00137734
2026-02-06 15:54:58.320 +08:00 [INF] 开始处理队列项: 12236, 类型: CustomerCreate, 键值: C00138184
2026-02-06 15:54:58.330 +08:00 [WRN] U9同步失败: 地理区域不能为空，请检查, 编号: C00138184
2026-02-06 15:54:58.338 +08:00 [INF] 开始处理队列项: 12237, 类型: CustomerCreate, 键值: C00138855
2026-02-06 15:54:58.347 +08:00 [WRN] U9同步失败: 地理区域不能为空，请检查, 编号: C00138855
2026-02-06 15:54:58.354 +08:00 [INF] 开始处理队列项: 12238, 类型: CustomerCreate, 键值: C00139169
2026-02-06 15:54:58.363 +08:00 [WRN] U9同步失败: 地理区域不能为空，请检查, 编号: C00139169
2026-02-06 15:54:58.371 +08:00 [INF] 开始处理队列项: 12239, 类型: CustomerCreate, 键值: C00139606
2026-02-06 15:54:58.395 +08:00 [WRN] U9同步失败: 地理区域不能为空，请检查, 编号: C00139606
2026-02-06 15:54:58.404 +08:00 [INF] 开始处理队列项: 12240, 类型: CustomerCreate, 键值: C00139705
2026-02-06 15:54:58.413 +08:00 [WRN] U9同步失败: 地理区域不能为空，请检查, 编号: C00139705
2026-02-06 15:54:58.422 +08:00 [INF] 开始处理队列项: 12241, 类型: CustomerCreate, 键值: C00139806
2026-02-06 15:54:58.431 +08:00 [WRN] U9同步失败: 地理区域不能为空，请检查, 编号: C00139806
2026-02-06 15:54:58.439 +08:00 [INF] 开始处理队列项: 12243, 类型: CustomerCreate, 键值: C00139906
2026-02-06 15:54:58.448 +08:00 [WRN] U9同步失败: 地理区域不能为空，请检查, 编号: C00139906
2026-02-06 15:54:58.458 +08:00 [INF] 开始处理队列项: 12272, 类型: CustomerCreate, 键值: C00139637
2026-02-06 15:54:58.467 +08:00 [WRN] U9同步失败: 地理区域不能为空，请检查, 编号: C00139637
2026-02-06 15:54:58.485 +08:00 [INF] 开始处理队列项: 12275, 类型: CustomerCreate, 键值: C00139724
2026-02-06 15:54:58.495 +08:00 [WRN] U9同步失败: 地理区域不能为空，请检查, 编号: C00139724
2026-02-06 15:54:58.504 +08:00 [INF] 开始处理队列项: 12299, 类型: CustomerCreate, 键值: C00145597
2026-02-06 15:54:58.514 +08:00 [WRN] U9同步失败: 地理区域不能为空，请检查, 编号: C00145597
2026-02-06 15:54:58.523 +08:00 [INF] 开始处理队列项: 12319, 类型: CustomerCreate, 键值: C00148313
2026-02-06 15:54:58.532 +08:00 [WRN] U9同步失败: 地理区域不能为空，请检查, 编号: C00148313
2026-02-06 15:54:58.542 +08:00 [INF] 开始处理队列项: 12321, 类型: CustomerCreate, 键值: C00144956
2026-02-06 15:54:58.559 +08:00 [WRN] U9同步失败: 地理区域不能为空，请检查, 编号: C00144956
2026-02-06 15:54:58.569 +08:00 [INF] 开始处理队列项: 12358, 类型: CustomerCreate, 键值: C00139782
2026-02-06 15:54:58.579 +08:00 [WRN] U9同步失败: 地理区域不能为空，请检查, 编号: C00139782
2026-02-06 15:54:58.589 +08:00 [INF] 开始处理队列项: 12369, 类型: CustomerCreate, 键值: C00147168
2026-02-06 15:54:58.599 +08:00 [WRN] U9同步失败: 地理区域不能为空，请检查, 编号: C00147168
2026-02-06 15:54:58.609 +08:00 [INF] 开始处理队列项: 12391, 类型: CustomerCreate, 键值: C00146713
2026-02-06 15:54:58.619 +08:00 [WRN] U9同步失败: 地理区域不能为空，请检查, 编号: C00146713
2026-02-06 15:54:58.628 +08:00 [INF] 开始处理队列项: 12433, 类型: CustomerCreate, 键值: C00150224
2026-02-06 15:54:58.638 +08:00 [WRN] U9同步失败: 地理区域不能为空，请检查, 编号: C00150224
2026-02-06 15:54:58.648 +08:00 [INF] 开始处理队列项: 12469, 类型: CustomerCreate, 键值: C00148341
2026-02-06 15:54:58.657 +08:00 [WRN] U9同步失败: 地理区域不能为空，请检查, 编号: C00148341
2026-02-06 15:54:58.665 +08:00 [INF] 开始处理队列项: 12511, 类型: CustomerCreate, 键值: C00150663
2026-02-06 15:54:58.674 +08:00 [WRN] U9同步失败: 地理区域不能为空，请检查, 编号: C00150663
2026-02-06 15:54:58.682 +08:00 [INF] 开始处理队列项: 12527, 类型: CustomerCreate, 键值: C00149938
2026-02-06 15:54:58.692 +08:00 [WRN] U9同步失败: 地理区域不能为空，请检查, 编号: C00149938
2026-02-06 15:54:58.700 +08:00 [INF] 开始处理队列项: 12542, 类型: CustomerCreate, 键值: C00147324
2026-02-06 15:54:58.711 +08:00 [WRN] U9同步失败: 地理区域不能为空，请检查, 编号: C00147324
2026-02-06 15:54:58.719 +08:00 [INF] 开始处理队列项: 12543, 类型: CustomerCreate, 键值: C00147349
2026-02-06 15:54:58.729 +08:00 [WRN] U9同步失败: 地理区域不能为空，请检查, 编号: C00147349
2026-02-06 15:54:58.738 +08:00 [INF] 开始处理队列项: 12546, 类型: CustomerCreate, 键值: C00148260
2026-02-06 15:54:58.748 +08:00 [WRN] U9同步失败: 地理区域不能为空，请检查, 编号: C00148260
2026-02-06 15:54:58.763 +08:00 [INF] 开始处理队列项: 12549, 类型: CustomerCreate, 键值: C00148642
2026-02-06 15:54:58.775 +08:00 [WRN] U9同步失败: 地理区域不能为空，请检查, 编号: C00148642
2026-02-06 15:54:58.784 +08:00 [INF] 开始处理队列项: 12577, 类型: CustomerCreate, 键值: C00154063
2026-02-06 15:54:58.793 +08:00 [WRN] U9同步失败: 地理区域不能为空，请检查, 编号: C00154063
2026-02-06 15:54:58.809 +08:00 [INF] 开始处理队列项: 12583, 类型: CustomerCreate, 键值: C00145136
2026-02-06 15:54:58.818 +08:00 [WRN] U9同步失败: 地理区域不能为空，请检查, 编号: C00145136
2026-02-06 15:54:58.828 +08:00 [INF] 开始处理队列项: 12587, 类型: CustomerCreate, 键值: C00145772
2026-02-06 15:54:58.838 +08:00 [WRN] U9同步失败: 地理区域不能为空，请检查, 编号: C00145772
2026-02-06 15:54:58.858 +08:00 [INF] 开始处理队列项: 12609, 类型: CustomerCreate, 键值: C00148805
2026-02-06 15:54:58.875 +08:00 [WRN] U9同步失败: 地理区域不能为空，请检查, 编号: C00148805
2026-02-06 15:54:58.883 +08:00 [INF] 开始处理队列项: 12614, 类型: CustomerCreate, 键值: C00154067
2026-02-06 15:54:58.892 +08:00 [WRN] U9同步失败: 地理区域不能为空，请检查, 编号: C00154067
2026-02-06 15:54:58.899 +08:00 [INF] 开始处理队列项: 12619, 类型: CustomerCreate, 键值: C00154967
2026-02-06 15:54:58.909 +08:00 [WRN] U9同步失败: 地理区域不能为空，请检查, 编号: C00154967
2026-02-06 15:54:58.917 +08:00 [INF] 开始处理队列项: 12633, 类型: CustomerCreate, 键值: C00151674
2026-02-06 15:54:58.925 +08:00 [WRN] U9同步失败: 地理区域不能为空，请检查, 编号: C00151674
2026-02-06 15:54:58.932 +08:00 [INF] 开始处理队列项: 12652, 类型: CustomerCreate, 键值: C00146956
2026-02-06 15:54:58.940 +08:00 [WRN] U9同步失败: 地理区域不能为空，请检查, 编号: C00146956
2026-02-06 15:54:58.948 +08:00 [INF] 开始处理队列项: 12656, 类型: CustomerCreate, 键值: C00147942
2026-02-06 15:54:58.956 +08:00 [WRN] U9同步失败: 地理区域不能为空，请检查, 编号: C00147942
2026-02-06 15:54:58.966 +08:00 [INF] 开始处理队列项: 12661, 类型: CustomerCreate, 键值: C00148410
2026-02-06 15:54:58.976 +08:00 [WRN] U9同步失败: 地理区域不能为空，请检查, 编号: C00148410
2026-02-06 15:54:58.985 +08:00 [INF] 开始处理队列项: 12664, 类型: CustomerCreate, 键值: C00148760
2026-02-06 15:54:58.994 +08:00 [WRN] U9同步失败: 地理区域不能为空，请检查, 编号: C00148760
2026-02-06 15:54:59.002 +08:00 [INF] 开始处理队列项: 12716, 类型: CustomerCreate, 键值: C00155495
2026-02-06 15:54:59.013 +08:00 [WRN] U9同步失败: 地理区域不能为空，请检查, 编号: C00155495
2026-02-06 15:54:59.023 +08:00 [INF] 开始处理队列项: 12793, 类型: CustomerCreate, 键值: C00153029
2026-02-06 15:54:59.042 +08:00 [WRN] U9同步失败: 地理区域不能为空，请检查, 编号: C00153029
2026-02-06 15:54:59.050 +08:00 [INF] 开始处理队列项: 12797, 类型: CustomerCreate, 键值: C00154083
2026-02-06 15:54:59.061 +08:00 [WRN] U9同步失败: 地理区域不能为空，请检查, 编号: C00154083
2026-02-06 15:54:59.073 +08:00 [INF] 开始处理队列项: 12808, 类型: CustomerCreate, 键值: C00152248
2026-02-06 15:54:59.082 +08:00 [WRN] U9同步失败: 地理区域不能为空，请检查, 编号: C00152248
2026-02-06 15:54:59.090 +08:00 [INF] 开始处理队列项: 12833, 类型: CustomerCreate, 键值: C00154898
2026-02-06 15:54:59.099 +08:00 [WRN] U9同步失败: 地理区域不能为空，请检查, 编号: C00154898
2026-02-06 15:54:59.108 +08:00 [INF] 开始处理队列项: 12846, 类型: CustomerCreate, 键值: C00152249
2026-02-06 15:54:59.117 +08:00 [WRN] U9同步失败: 地理区域不能为空，请检查, 编号: C00152249
2026-02-06 15:54:59.126 +08:00 [INF] 开始处理队列项: 12848, 类型: CustomerCreate, 键值: C00152785
2026-02-06 15:54:59.134 +08:00 [WRN] U9同步失败: 地理区域不能为空，请检查, 编号: C00152785
2026-02-06 15:54:59.142 +08:00 [INF] 开始处理队列项: 12862, 类型: CustomerCreate, 键值: C00151127
2026-02-06 15:54:59.150 +08:00 [WRN] U9同步失败: 地理区域不能为空，请检查, 编号: C00151127
2026-02-06 15:54:59.158 +08:00 [INF] 开始处理队列项: 12867, 类型: CustomerCreate, 键值: C00152765
2026-02-06 15:54:59.166 +08:00 [WRN] U9同步失败: 地理区域不能为空，请检查, 编号: C00152765
2026-02-06 15:54:59.174 +08:00 [INF] 开始处理队列项: 12882, 类型: CustomerCreate, 键值: C00156758
2026-02-06 15:54:59.181 +08:00 [WRN] U9同步失败: 地理区域不能为空，请检查, 编号: C00156758
2026-02-06 15:54:59.189 +08:00 [INF] 开始处理队列项: 12888, 类型: CustomerCreate, 键值: C00157694
2026-02-06 15:54:59.196 +08:00 [WRN] U9同步失败: 地理区域不能为空，请检查, 编号: C00157694
2026-02-06 15:54:59.204 +08:00 [INF] 开始处理队列项: 12906, 类型: CustomerCreate, 键值: C00156321
2026-02-06 15:54:59.213 +08:00 [WRN] U9同步失败: 地理区域不能为空，请检查, 编号: C00156321
2026-02-06 15:54:59.222 +08:00 [INF] 开始处理队列项: 12907, 类型: CustomerCreate, 键值: C00156764
2026-02-06 15:54:59.232 +08:00 [WRN] U9同步失败: 地理区域不能为空，请检查, 编号: C00156764
2026-02-06 15:54:59.240 +08:00 [INF] 开始处理队列项: 12923, 类型: CustomerCreate, 键值: C00153098
2026-02-06 15:54:59.249 +08:00 [WRN] U9同步失败: 地理区域不能为空，请检查, 编号: C00153098
2026-02-06 15:54:59.259 +08:00 [INF] 开始处理队列项: 12944, 类型: CustomerCreate, 键值: C00160519
2026-02-06 15:54:59.268 +08:00 [WRN] U9同步失败: 地理区域不能为空，请检查, 编号: C00160519
2026-02-06 15:54:59.287 +08:00 [INF] 开始处理队列项: 12986, 类型: CustomerCreate, 键值: C00170317
2026-02-06 15:54:59.296 +08:00 [WRN] U9同步失败: 地理区域不能为空，请检查, 编号: C00170317
2026-02-06 15:54:59.304 +08:00 [INF] 开始处理队列项: 12994, 类型: CustomerCreate, 键值: C00155534
2026-02-06 15:54:59.312 +08:00 [WRN] U9同步失败: 地理区域不能为空，请检查, 编号: C00155534
2026-02-06 15:54:59.319 +08:00 [INF] 开始处理队列项: 13004, 类型: CustomerCreate, 键值: C00157755
2026-02-06 15:54:59.328 +08:00 [WRN] U9同步失败: 地理区域不能为空，请检查, 编号: C00157755
2026-02-06 15:54:59.337 +08:00 [INF] 开始处理队列项: 13032, 类型: CustomerCreate, 键值: C00154899
2026-02-06 15:54:59.346 +08:00 [WRN] U9同步失败: 地理区域不能为空，请检查, 编号: C00154899
2026-02-06 15:54:59.362 +08:00 [INF] 开始处理队列项: 13039, 类型: CustomerCreate, 键值: C00156736
2026-02-06 15:54:59.371 +08:00 [WRN] U9同步失败: 地理区域不能为空，请检查, 编号: C00156736
2026-02-06 15:54:59.380 +08:00 [INF] 开始处理队列项: 13053, 类型: CustomerCreate, 键值: C00154884
2026-02-06 15:54:59.393 +08:00 [WRN] U9同步失败: 地理区域不能为空，请检查, 编号: C00154884
2026-02-06 15:54:59.400 +08:00 [INF] 开始处理队列项: 13061, 类型: CustomerCreate, 键值: C00156547
2026-02-06 15:54:59.409 +08:00 [WRN] U9同步失败: 地理区域不能为空，请检查, 编号: C00156547
2026-02-06 15:54:59.417 +08:00 [INF] 开始处理队列项: 13089, 类型: CustomerCreate, 键值: C00160795
2026-02-06 15:54:59.425 +08:00 [WRN] U9同步失败: 地理区域不能为空，请检查, 编号: C00160795
2026-02-06 15:54:59.441 +08:00 [INF] 开始处理队列项: 13105, 类型: CustomerCreate, 键值: C00153508
2026-02-06 15:54:59.449 +08:00 [WRN] U9同步失败: 地理区域不能为空，请检查, 编号: C00153508
2026-02-06 15:54:59.460 +08:00 [INF] 开始处理队列项: 13115, 类型: CustomerCreate, 键值: C00155605
2026-02-06 15:54:59.468 +08:00 [WRN] U9同步失败: 地理区域不能为空，请检查, 编号: C00155605
2026-02-06 15:54:59.477 +08:00 [INF] 开始处理队列项: 13151, 类型: CustomerCreate, 键值: C00165806
2026-02-06 15:54:59.485 +08:00 [WRN] U9同步失败: 地理区域不能为空，请检查, 编号: C00165806
2026-02-06 15:54:59.494 +08:00 [INF] 开始处理队列项: 13158, 类型: CustomerCreate, 键值: C00157810
2026-02-06 15:54:59.502 +08:00 [WRN] U9同步失败: 地理区域不能为空，请检查, 编号: C00157810
2026-02-06 15:54:59.509 +08:00 [INF] 开始处理队列项: 13178, 类型: CustomerCreate, 键值: C00147343
2026-02-06 15:54:59.517 +08:00 [WRN] U9同步失败: 地理区域不能为空，请检查, 编号: C00147343
2026-02-06 15:54:59.525 +08:00 [INF] 开始处理队列项: 13181, 类型: CustomerCreate, 键值: C00147844
2026-02-06 15:54:59.534 +08:00 [WRN] U9同步失败: 地理区域不能为空，请检查, 编号: C00147844
2026-02-06 15:54:59.542 +08:00 [INF] 开始处理队列项: 13187, 类型: CustomerCreate, 键值: C00148880
2026-02-06 15:54:59.550 +08:00 [WRN] U9同步失败: 地理区域不能为空，请检查, 编号: C00148880
2026-02-06 15:54:59.561 +08:00 [INF] 开始处理队列项: 13254, 类型: CustomerCreate, 键值: C00161580
2026-02-06 15:54:59.570 +08:00 [WRN] U9同步失败: 地理区域不能为空，请检查, 编号: C00161580
2026-02-06 15:54:59.578 +08:00 [INF] 开始处理队列项: 13255, 类型: CustomerCreate, 键值: C00162230
2026-02-06 15:54:59.587 +08:00 [WRN] U9同步失败: 地理区域不能为空，请检查, 编号: C00162230
2026-02-06 15:54:59.596 +08:00 [INF] 开始处理队列项: 13285, 类型: CustomerCreate, 键值: C00168620
2026-02-06 15:54:59.606 +08:00 [WRN] U9同步失败: 地理区域不能为空，请检查, 编号: C00168620
2026-02-06 15:54:59.615 +08:00 [INF] 开始处理队列项: 13307, 类型: CustomerCreate, 键值: C00167921
2026-02-06 15:54:59.628 +08:00 [WRN] U9同步失败: 地理区域不能为空，请检查, 编号: C00167921
2026-02-06 15:54:59.645 +08:00 [INF] 开始处理队列项: 13355, 类型: CustomerCreate, 键值: C00165230
2026-02-06 15:54:59.658 +08:00 [WRN] U9同步失败: 地理区域不能为空，请检查, 编号: C00165230
2026-02-06 15:54:59.665 +08:00 [INF] 开始处理队列项: 13383, 类型: CustomerCreate, 键值: C00164605
2026-02-06 15:54:59.674 +08:00 [WRN] U9同步失败: 地理区域不能为空，请检查, 编号: C00164605
2026-02-06 15:54:59.683 +08:00 [INF] 开始处理队列项: 13490, 类型: CustomerCreate, 键值: C00165669
2026-02-06 15:54:59.692 +08:00 [WRN] U9同步失败: 地理区域不能为空，请检查, 编号: C00165669
2026-02-06 15:54:59.703 +08:00 [INF] 开始处理队列项: 13538, 类型: CustomerCreate, 键值: C00170311
2026-02-06 15:54:59.712 +08:00 [WRN] U9同步失败: 地理区域不能为空，请检查, 编号: C00170311
2026-02-06 15:54:59.720 +08:00 [INF] 开始处理队列项: 13631, 类型: CustomerCreate, 键值: C00175844
2026-02-06 15:54:59.728 +08:00 [WRN] U9同步失败: 地理区域不能为空，请检查, 编号: C00175844
2026-02-06 15:54:59.756 +08:00 [INF] 开始处理队列项: 13636, 类型: CustomerCreate, 键值: C00175989
2026-02-06 15:54:59.764 +08:00 [WRN] U9同步失败: 地理区域不能为空，请检查, 编号: C00175989
2026-02-06 15:54:59.773 +08:00 [INF] 开始处理队列项: 13655, 类型: CustomerCreate, 键值: C00170310
2026-02-06 15:54:59.782 +08:00 [WRN] U9同步失败: 地理区域不能为空，请检查, 编号: C00170310
2026-02-06 15:54:59.790 +08:00 [INF] 开始处理队列项: 13656, 类型: CustomerCreate, 键值: C00170312
2026-02-06 15:54:59.799 +08:00 [WRN] U9同步失败: 地理区域不能为空，请检查, 编号: C00170312
2026-02-06 15:54:59.808 +08:00 [INF] 开始处理队列项: 13688, 类型: CustomerCreate, 键值: C00167559
2026-02-06 15:54:59.816 +08:00 [WRN] U9同步失败: 地理区域不能为空，请检查, 编号: C00167559
2026-02-06 15:54:59.825 +08:00 [INF] 开始处理队列项: 13698, 类型: CustomerCreate, 键值: C00168711
2026-02-06 15:54:59.834 +08:00 [WRN] U9同步失败: 地理区域不能为空，请检查, 编号: C00168711
2026-02-06 15:54:59.843 +08:00 [INF] 开始处理队列项: 13705, 类型: CustomerCreate, 键值: C00170315
2026-02-06 15:54:59.853 +08:00 [WRN] U9同步失败: 地理区域不能为空，请检查, 编号: C00170315
2026-02-06 15:54:59.862 +08:00 [INF] 开始处理队列项: 13733, 类型: CustomerCreate, 键值: C00170318
2026-02-06 15:54:59.871 +08:00 [WRN] U9同步失败: 地理区域不能为空，请检查, 编号: C00170318
2026-02-06 15:54:59.880 +08:00 [INF] 开始处理队列项: 13797, 类型: CustomerCreate, 键值: C00152574
2026-02-06 15:54:59.888 +08:00 [WRN] U9同步失败: 地理区域不能为空，请检查, 编号: C00152574
2026-02-06 15:54:59.899 +08:00 [INF] 开始处理队列项: 13805, 类型: CustomerCreate, 键值: C00154881
2026-02-06 15:54:59.907 +08:00 [WRN] U9同步失败: 地理区域不能为空，请检查, 编号: C00154881
2026-02-06 15:54:59.915 +08:00 [INF] 开始处理队列项: 13822, 类型: CustomerCreate, 键值: C00180194
2026-02-06 15:54:59.922 +08:00 [WRN] U9同步失败: 地理区域不能为空，请检查, 编号: C00180194
2026-02-06 15:54:59.931 +08:00 [INF] 开始处理队列项: 13854, 类型: CustomerCreate, 键值: C00181560
2026-02-06 15:54:59.943 +08:00 [WRN] U9同步失败: 地理区域不能为空，请检查, 编号: C00181560
2026-02-06 15:54:59.951 +08:00 [INF] 开始处理队列项: 13873, 类型: CustomerCreate, 键值: C00168675
2026-02-06 15:54:59.960 +08:00 [WRN] U9同步失败: 地理区域不能为空，请检查, 编号: C00168675
2026-02-06 15:54:59.972 +08:00 [INF] 开始处理队列项: 13887, 类型: CustomerCreate, 键值: C00157203
2026-02-06 15:54:59.981 +08:00 [WRN] U9同步失败: 地理区域不能为空，请检查, 编号: C00157203
2026-02-06 15:54:59.988 +08:00 [INF] 开始处理队列项: 13899, 类型: CustomerCreate, 键值: C00170313
2026-02-06 15:54:59.996 +08:00 [WRN] U9同步失败: 地理区域不能为空，请检查, 编号: C00170313
2026-02-06 15:55:00.005 +08:00 [INF] 开始处理队列项: 13911, 类型: CustomerCreate, 键值: C00174725
2026-02-06 15:55:00.015 +08:00 [WRN] U9同步失败: 地理区域不能为空，请检查, 编号: C00174725
2026-02-06 15:55:00.024 +08:00 [INF] 开始处理队列项: 13958, 类型: CustomerCreate, 键值: C00170309
2026-02-06 15:55:00.033 +08:00 [WRN] U9同步失败: 地理区域不能为空，请检查, 编号: C00170309
2026-02-06 15:55:00.041 +08:00 [INF] 开始处理队列项: 13968, 类型: CustomerCreate, 键值: C00174696
2026-02-06 15:55:00.049 +08:00 [WRN] U9同步失败: 地理区域不能为空，请检查, 编号: C00174696
2026-02-06 15:55:00.056 +08:00 [INF] 开始处理队列项: 13989, 类型: CustomerCreate, 键值: C00174726
2026-02-06 15:55:00.063 +08:00 [WRN] U9同步失败: 地理区域不能为空，请检查, 编号: C00174726
2026-02-06 15:55:00.070 +08:00 [INF] 开始处理队列项: 14020, 类型: CustomerCreate, 键值: C00175463
2026-02-06 15:55:00.079 +08:00 [WRN] U9同步失败: 地理区域不能为空，请检查, 编号: C00175463
2026-02-06 15:55:00.087 +08:00 [INF] 开始处理队列项: 14023, 类型: CustomerCreate, 键值: C00179478
2026-02-06 15:55:00.095 +08:00 [WRN] U9同步失败: 地理区域不能为空，请检查, 编号: C00179478
2026-02-06 15:55:00.103 +08:00 [INF] 开始处理队列项: 14025, 类型: CustomerCreate, 键值: C00179928
2026-02-06 15:55:00.111 +08:00 [WRN] U9同步失败: 地理区域不能为空，请检查, 编号: C00179928
2026-02-06 15:55:00.119 +08:00 [INF] 开始处理队列项: 14070, 类型: CustomerCreate, 键值: C00180700
2026-02-06 15:55:00.127 +08:00 [WRN] U9同步失败: 地理区域不能为空，请检查, 编号: C00180700
2026-02-06 15:55:00.136 +08:00 [INF] 开始处理队列项: 14079, 类型: CustomerCreate, 键值: C00179052
2026-02-06 15:55:00.147 +08:00 [WRN] U9同步失败: 地理区域不能为空，请检查, 编号: C00179052
2026-02-06 15:55:00.163 +08:00 [INF] 开始处理队列项: 14083, 类型: CustomerCreate, 键值: C00180422
2026-02-06 15:55:00.178 +08:00 [WRN] U9同步失败: 地理区域不能为空，请检查, 编号: C00180422
2026-02-06 15:55:00.191 +08:00 [INF] 开始处理队列项: 14128, 类型: CustomerCreate, 键值: C00176031
2026-02-06 15:55:00.199 +08:00 [WRN] U9同步失败: 地理区域不能为空，请检查, 编号: C00176031
2026-02-06 15:55:00.210 +08:00 [INF] 开始处理队列项: 14130, 类型: CustomerCreate, 键值: C00176316
2026-02-06 15:55:00.219 +08:00 [WRN] U9同步失败: 地理区域不能为空，请检查, 编号: C00176316
2026-02-06 15:55:00.228 +08:00 [INF] 开始处理队列项: 14131, 类型: CustomerCreate, 键值: C00178303
2026-02-06 15:55:00.236 +08:00 [WRN] U9同步失败: 地理区域不能为空，请检查, 编号: C00178303
2026-02-06 15:55:00.246 +08:00 [INF] 开始处理队列项: 14132, 类型: CustomerCreate, 键值: C00178856
2026-02-06 15:55:00.254 +08:00 [WRN] U9同步失败: 地理区域不能为空，请检查, 编号: C00178856
2026-02-06 15:55:00.263 +08:00 [INF] 开始处理队列项: 14136, 类型: CustomerCreate, 键值: C00179809
2026-02-06 15:55:00.277 +08:00 [WRN] U9同步失败: 地理区域不能为空，请检查, 编号: C00179809
2026-02-06 15:55:00.285 +08:00 [INF] 开始处理队列项: 14182, 类型: CustomerCreate, 键值: C00179927
2026-02-06 15:55:00.294 +08:00 [WRN] U9同步失败: 地理区域不能为空，请检查, 编号: C00179927
2026-02-06 15:55:00.302 +08:00 [INF] 开始处理队列项: 14210, 类型: CustomerCreate, 键值: C00175101
2026-02-06 15:55:00.310 +08:00 [WRN] U9同步失败: 地理区域不能为空，请检查, 编号: C00175101
2026-02-06 15:55:00.318 +08:00 [INF] 开始处理队列项: 14236, 类型: CustomerCreate, 键值: C00146716
2026-02-06 15:55:00.326 +08:00 [WRN] U9同步失败: 地理区域不能为空，请检查, 编号: C00146716
2026-02-06 15:55:00.335 +08:00 [INF] 开始处理队列项: 14238, 类型: CustomerCreate, 键值: C00147150
2026-02-06 15:55:00.343 +08:00 [WRN] U9同步失败: 地理区域不能为空，请检查, 编号: C00147150
2026-02-06 15:55:00.350 +08:00 [INF] 开始处理队列项: 14241, 类型: CustomerCreate, 键值: C00147788
2026-02-06 15:55:00.357 +08:00 [WRN] U9同步失败: 地理区域不能为空，请检查, 编号: C00147788
2026-02-06 15:55:00.366 +08:00 [INF] 开始处理队列项: 14302, 类型: CustomerCreate, 键值: C00164349
2026-02-06 15:55:00.374 +08:00 [WRN] U9同步失败: 地理区域不能为空，请检查, 编号: C00164349
2026-02-06 15:55:00.382 +08:00 [INF] 开始处理队列项: 14312, 类型: CustomerCreate, 键值: C00167657
2026-02-06 15:55:00.396 +08:00 [WRN] U9同步失败: 地理区域不能为空，请检查, 编号: C00167657
2026-02-06 15:55:00.406 +08:00 [INF] 开始处理队列项: 14314, 类型: CustomerCreate, 键值: C00168308
2026-02-06 15:55:00.415 +08:00 [WRN] U9同步失败: 地理区域不能为空，请检查, 编号: C00168308
2026-02-06 15:55:00.422 +08:00 [INF] 开始处理队列项: 14322, 类型: CustomerCreate, 键值: C00170314
2026-02-06 15:55:00.430 +08:00 [WRN] U9同步失败: 地理区域不能为空，请检查, 编号: C00170314
2026-02-06 15:55:00.448 +08:00 [INF] 开始处理队列项: 14323, 类型: CustomerCreate, 键值: C00170316
2026-02-06 15:55:00.455 +08:00 [WRN] U9同步失败: 地理区域不能为空，请检查, 编号: C00170316
2026-02-06 15:55:00.465 +08:00 [INF] 开始处理队列项: 14339, 类型: CustomerCreate, 键值: C00175296
2026-02-06 15:55:00.472 +08:00 [WRN] U9同步失败: 地理区域不能为空，请检查, 编号: C00175296
2026-02-06 15:55:00.481 +08:00 [INF] 开始处理队列项: 14356, 类型: CustomerCreate, 键值: C00182333
2026-02-06 15:55:00.491 +08:00 [WRN] U9同步失败: 地理区域不能为空，请检查, 编号: C00182333
2026-02-06 15:55:00.499 +08:00 [INF] 开始处理队列项: 14368, 类型: ProjectCreate, 键值: P250103140336
2026-02-06 15:55:00.663 +08:00 [WRN] U9同步失败: 没有配置业务员名称为:曹霞请先维护！, 编号: P250103140336
2026-02-06 15:55:00.678 +08:00 [INF] 开始处理队列项: 14756, 类型: CustomerCreate, 键值: C00126166
2026-02-06 15:55:00.691 +08:00 [WRN] U9同步失败: 地理区域不能为空，请检查, 编号: C00126166
2026-02-06 15:55:00.700 +08:00 [INF] 开始处理队列项: 14757, 类型: CustomerCreate, 键值: C00127409
2026-02-06 15:55:00.707 +08:00 [WRN] U9同步失败: 地理区域不能为空，请检查, 编号: C00127409
2026-02-06 15:55:00.725 +08:00 [INF] 开始处理队列项: 14760, 类型: CustomerCreate, 键值: C00129138
2026-02-06 15:55:00.734 +08:00 [WRN] U9同步失败: 地理区域不能为空，请检查, 编号: C00129138
2026-02-06 15:55:00.744 +08:00 [INF] 开始处理队列项: 14761, 类型: CustomerCreate, 键值: C00129424
2026-02-06 15:55:00.754 +08:00 [WRN] U9同步失败: 地理区域不能为空，请检查, 编号: C00129424
2026-02-06 15:55:00.763 +08:00 [INF] 开始处理队列项: 14762, 类型: CustomerCreate, 键值: C00129431
2026-02-06 15:55:00.772 +08:00 [WRN] U9同步失败: 地理区域不能为空，请检查, 编号: C00129431
2026-02-06 15:55:00.781 +08:00 [INF] 开始处理队列项: 14763, 类型: CustomerCreate, 键值: C00129531
2026-02-06 15:55:00.789 +08:00 [WRN] U9同步失败: 地理区域不能为空，请检查, 编号: C00129531
2026-02-06 15:55:00.797 +08:00 [INF] 开始处理队列项: 14765, 类型: CustomerCreate, 键值: C00130453
2026-02-06 15:55:00.805 +08:00 [WRN] U9同步失败: 地理区域不能为空，请检查, 编号: C00130453
2026-02-06 15:55:00.813 +08:00 [INF] 开始处理队列项: 14772, 类型: CustomerCreate, 键值: C00126145
2026-02-06 15:55:00.822 +08:00 [WRN] U9同步失败: 地理区域不能为空，请检查, 编号: C00126145
2026-02-06 15:55:00.830 +08:00 [INF] 开始处理队列项: 14774, 类型: CustomerCreate, 键值: C00129087
2026-02-06 15:55:00.837 +08:00 [WRN] U9同步失败: 地理区域不能为空，请检查, 编号: C00129087
2026-02-06 15:55:00.845 +08:00 [INF] 开始处理队列项: 14775, 类型: CustomerCreate, 键值: C00129187
2026-02-06 15:55:00.853 +08:00 [WRN] U9同步失败: 地理区域不能为空，请检查, 编号: C00129187
2026-02-06 15:55:00.861 +08:00 [INF] 开始处理队列项: 14777, 类型: CustomerCreate, 键值: C00129453
2026-02-06 15:55:00.869 +08:00 [WRN] U9同步失败: 地理区域不能为空，请检查, 编号: C00129453
2026-02-06 15:55:00.877 +08:00 [INF] 开始处理队列项: 14779, 类型: CustomerCreate, 键值: C00129704
2026-02-06 15:55:00.889 +08:00 [WRN] U9同步失败: 地理区域不能为空，请检查, 编号: C00129704
2026-02-06 15:55:00.898 +08:00 [INF] 开始处理队列项: 14780, 类型: CustomerCreate, 键值: C00129938
2026-02-06 15:55:00.907 +08:00 [WRN] U9同步失败: 地理区域不能为空，请检查, 编号: C00129938
2026-02-06 15:55:00.916 +08:00 [INF] 开始处理队列项: 14781, 类型: CustomerCreate, 键值: C00130089
2026-02-06 15:55:00.924 +08:00 [WRN] U9同步失败: 地理区域不能为空，请检查, 编号: C00130089
2026-02-06 15:55:00.933 +08:00 [INF] 开始处理队列项: 14782, 类型: CustomerCreate, 键值: C00130187
2026-02-06 15:55:00.941 +08:00 [WRN] U9同步失败: 地理区域不能为空，请检查, 编号: C00130187
2026-02-06 15:55:00.951 +08:00 [INF] 开始处理队列项: 14783, 类型: CustomerCreate, 键值: C00130238
2026-02-06 15:55:00.959 +08:00 [WRN] U9同步失败: 地理区域不能为空，请检查, 编号: C00130238
2026-02-06 15:55:00.968 +08:00 [INF] 开始处理队列项: 14784, 类型: CustomerCreate, 键值: C00130304
2026-02-06 15:55:00.977 +08:00 [WRN] U9同步失败: 地理区域不能为空，请检查, 编号: C00130304
2026-02-06 15:55:00.985 +08:00 [INF] 开始处理队列项: 14785, 类型: CustomerCreate, 键值: C00130640
2026-02-06 15:55:00.994 +08:00 [WRN] U9同步失败: 地理区域不能为空，请检查, 编号: C00130640
2026-02-06 15:55:01.005 +08:00 [INF] 开始处理队列项: 14787, 类型: CustomerCreate, 键值: C00130923
2026-02-06 15:55:01.015 +08:00 [WRN] U9同步失败: 地理区域不能为空，请检查, 编号: C00130923
2026-02-06 15:55:01.022 +08:00 [INF] 开始处理队列项: 14791, 类型: CustomerCreate, 键值: C00125967
2026-02-06 15:55:01.030 +08:00 [WRN] U9同步失败: 地理区域不能为空，请检查, 编号: C00125967
2026-02-06 15:55:01.038 +08:00 [INF] 开始处理队列项: 14792, 类型: CustomerCreate, 键值: C00126103
2026-02-06 15:55:01.047 +08:00 [WRN] U9同步失败: 地理区域不能为空，请检查, 编号: C00126103
2026-02-06 15:55:01.055 +08:00 [INF] 开始处理队列项: 14793, 类型: CustomerCreate, 键值: C00128643
2026-02-06 15:55:01.064 +08:00 [WRN] U9同步失败: 地理区域不能为空，请检查, 编号: C00128643
2026-02-06 15:55:01.072 +08:00 [INF] 开始处理队列项: 14794, 类型: CustomerCreate, 键值: C00128894
2026-02-06 15:55:01.080 +08:00 [WRN] U9同步失败: 地理区域不能为空，请检查, 编号: C00128894
2026-02-06 15:55:01.088 +08:00 [INF] 开始处理队列项: 14796, 类型: CustomerCreate, 键值: C00129362
2026-02-06 15:55:01.098 +08:00 [WRN] U9同步失败: 地理区域不能为空，请检查, 编号: C00129362
2026-02-06 15:55:01.106 +08:00 [INF] 开始处理队列项: 14797, 类型: CustomerCreate, 键值: C00129376
2026-02-06 15:55:01.114 +08:00 [WRN] U9同步失败: 地理区域不能为空，请检查, 编号: C00129376
2026-02-06 15:55:01.122 +08:00 [INF] 开始处理队列项: 14798, 类型: CustomerCreate, 键值: C00129379
2026-02-06 15:55:01.130 +08:00 [WRN] U9同步失败: 地理区域不能为空，请检查, 编号: C00129379
2026-02-06 15:55:01.138 +08:00 [INF] 开始处理队列项: 14799, 类型: CustomerCreate, 键值: C00129444
2026-02-06 15:55:01.147 +08:00 [WRN] U9同步失败: 地理区域不能为空，请检查, 编号: C00129444
2026-02-06 15:55:01.155 +08:00 [INF] 开始处理队列项: 14801, 类型: CustomerCreate, 键值: C00129593
2026-02-06 15:55:01.164 +08:00 [WRN] U9同步失败: 地理区域不能为空，请检查, 编号: C00129593
2026-02-06 15:55:01.171 +08:00 [INF] 开始处理队列项: 14803, 类型: CustomerCreate, 键值: C00129797
2026-02-06 15:55:01.186 +08:00 [WRN] U9同步失败: 没有配置值集:ZDY_002,值集值名称福请先维护！, 编号: C00129797
2026-02-06 15:55:01.196 +08:00 [INF] 开始处理队列项: 14806, 类型: CustomerCreate, 键值: C00130265
2026-02-06 15:55:01.205 +08:00 [WRN] U9同步失败: 地理区域不能为空，请检查, 编号: C00130265
2026-02-06 15:55:01.222 +08:00 [INF] 开始处理队列项: 14807, 类型: CustomerCreate, 键值: C00130698
2026-02-06 15:55:01.231 +08:00 [WRN] U9同步失败: 地理区域不能为空，请检查, 编号: C00130698
2026-02-06 15:55:01.243 +08:00 [INF] 开始处理队列项: 14812, 类型: CustomerCreate, 键值: C00128599
2026-02-06 15:55:01.256 +08:00 [WRN] U9同步失败: 地理区域不能为空，请检查, 编号: C00128599
2026-02-06 15:55:01.265 +08:00 [INF] 开始处理队列项: 14814, 类型: CustomerCreate, 键值: C00129369
2026-02-06 15:55:01.275 +08:00 [WRN] U9同步失败: 地理区域不能为空，请检查, 编号: C00129369
2026-02-06 15:55:01.285 +08:00 [INF] 开始处理队列项: 14816, 类型: CustomerCreate, 键值: C00129620
2026-02-06 15:55:01.294 +08:00 [WRN] U9同步失败: 地理区域不能为空，请检查, 编号: C00129620
2026-02-06 15:55:01.302 +08:00 [INF] 开始处理队列项: 14818, 类型: CustomerCreate, 键值: C00129722
2026-02-06 15:55:01.311 +08:00 [WRN] U9同步失败: 地理区域不能为空，请检查, 编号: C00129722
2026-02-06 15:55:01.326 +08:00 [INF] 开始处理队列项: 14820, 类型: CustomerCreate, 键值: C00130237
2026-02-06 15:55:01.336 +08:00 [WRN] U9同步失败: 地理区域不能为空，请检查, 编号: C00130237
2026-02-06 15:55:01.349 +08:00 [INF] 开始处理队列项: 14821, 类型: CustomerCreate, 键值: C00130288
2026-02-06 15:55:01.357 +08:00 [WRN] U9同步失败: 地理区域不能为空，请检查, 编号: C00130288
2026-02-06 15:55:01.366 +08:00 [INF] 开始处理队列项: 14823, 类型: CustomerCreate, 键值: C00130407
2026-02-06 15:55:01.374 +08:00 [WRN] U9同步失败: 地理区域不能为空，请检查, 编号: C00130407
2026-02-06 15:55:01.382 +08:00 [INF] 开始处理队列项: 14825, 类型: CustomerCreate, 键值: C00126003
2026-02-06 15:55:01.390 +08:00 [WRN] U9同步失败: 地理区域不能为空，请检查, 编号: C00126003
2026-02-06 15:55:01.399 +08:00 [INF] 开始处理队列项: 14826, 类型: CustomerCreate, 键值: C00126186
2026-02-06 15:55:01.407 +08:00 [WRN] U9同步失败: 地理区域不能为空，请检查, 编号: C00126186
2026-02-06 15:55:01.415 +08:00 [INF] 开始处理队列项: 14827, 类型: CustomerCreate, 键值: C00126203
2026-02-06 15:55:01.422 +08:00 [WRN] U9同步失败: 地理区域不能为空，请检查, 编号: C00126203
2026-02-06 15:55:01.431 +08:00 [INF] 开始处理队列项: 14828, 类型: CustomerCreate, 键值: C00126204
2026-02-06 15:55:01.440 +08:00 [WRN] U9同步失败: 地理区域不能为空，请检查, 编号: C00126204
2026-02-06 15:55:01.449 +08:00 [INF] 开始处理队列项: 14829, 类型: CustomerCreate, 键值: C00128875
2026-02-06 15:55:01.458 +08:00 [WRN] U9同步失败: 地理区域不能为空，请检查, 编号: C00128875
2026-02-06 15:55:01.467 +08:00 [INF] 开始处理队列项: 14833, 类型: CustomerCreate, 键值: C00129526
2026-02-06 15:55:01.477 +08:00 [WRN] U9同步失败: 地理区域不能为空，请检查, 编号: C00129526
2026-02-06 15:55:01.485 +08:00 [INF] 开始处理队列项: 14834, 类型: CustomerCreate, 键值: C00129680
2026-02-06 15:55:01.492 +08:00 [WRN] U9同步失败: 地理区域不能为空，请检查, 编号: C00129680
2026-02-06 15:55:01.502 +08:00 [INF] 开始处理队列项: 14837, 类型: CustomerCreate, 键值: C00130229
2026-02-06 15:55:01.510 +08:00 [WRN] U9同步失败: 地理区域不能为空，请检查, 编号: C00130229
2026-02-06 15:55:01.518 +08:00 [INF] 开始处理队列项: 14839, 类型: CustomerCreate, 键值: C00130297
2026-02-06 15:55:01.527 +08:00 [WRN] U9同步失败: 地理区域不能为空，请检查, 编号: C00130297
2026-02-06 15:55:01.540 +08:00 [INF] 开始处理队列项: 14841, 类型: CustomerCreate, 键值: C00130680
2026-02-06 15:55:01.548 +08:00 [WRN] U9同步失败: 地理区域不能为空，请检查, 编号: C00130680
2026-02-06 15:55:01.555 +08:00 [INF] 开始处理队列项: 14843, 类型: CustomerCreate, 键值: C00129121
2026-02-06 15:55:01.563 +08:00 [WRN] U9同步失败: 地理区域不能为空，请检查, 编号: C00129121
2026-02-06 15:55:01.571 +08:00 [INF] 开始处理队列项: 14844, 类型: CustomerCreate, 键值: C00129155
2026-02-06 15:55:01.579 +08:00 [WRN] U9同步失败: 地理区域不能为空，请检查, 编号: C00129155
2026-02-06 15:55:01.587 +08:00 [INF] 开始处理队列项: 14846, 类型: CustomerCreate, 键值: C00129591
2026-02-06 15:55:01.595 +08:00 [WRN] U9同步失败: 地理区域不能为空，请检查, 编号: C00129591
2026-02-06 15:55:01.603 +08:00 [INF] 开始处理队列项: 14847, 类型: CustomerCreate, 键值: C00129793
2026-02-06 15:55:01.611 +08:00 [WRN] U9同步失败: 地理区域不能为空，请检查, 编号: C00129793
2026-02-06 15:55:01.619 +08:00 [INF] 开始处理队列项: 14848, 类型: CustomerCreate, 键值: C00129891
2026-02-06 15:55:01.626 +08:00 [WRN] U9同步失败: 地理区域不能为空，请检查, 编号: C00129891
2026-02-06 15:55:01.634 +08:00 [INF] 开始处理队列项: 14849, 类型: CustomerCreate, 键值: C00129998
2026-02-06 15:55:01.642 +08:00 [WRN] U9同步失败: 地理区域不能为空，请检查, 编号: C00129998
2026-02-06 15:55:01.651 +08:00 [INF] 开始处理队列项: 14852, 类型: CustomerCreate, 键值: C00130193
2026-02-06 15:55:01.660 +08:00 [WRN] U9同步失败: 地理区域不能为空，请检查, 编号: C00130193
2026-02-06 15:55:01.668 +08:00 [INF] 开始处理队列项: 14855, 类型: CustomerCreate, 键值: C00130236
2026-02-06 15:55:01.677 +08:00 [WRN] U9同步失败: 地理区域不能为空，请检查, 编号: C00130236
2026-02-06 15:55:01.685 +08:00 [INF] 开始处理队列项: 14857, 类型: CustomerCreate, 键值: C00125826
2026-02-06 15:55:01.694 +08:00 [WRN] U9同步失败: 地理区域不能为空，请检查, 编号: C00125826
2026-02-06 15:55:01.703 +08:00 [INF] 开始处理队列项: 14863, 类型: CustomerCreate, 键值: C00129100
2026-02-06 15:55:01.711 +08:00 [WRN] U9同步失败: 地理区域不能为空，请检查, 编号: C00129100
2026-02-06 15:55:01.720 +08:00 [INF] 开始处理队列项: 14864, 类型: CustomerCreate, 键值: C00129570
2026-02-06 15:55:01.729 +08:00 [WRN] U9同步失败: 地理区域不能为空，请检查, 编号: C00129570
2026-02-06 15:55:01.737 +08:00 [INF] 开始处理队列项: 14868, 类型: CustomerCreate, 键值: C00129772
2026-02-06 15:55:01.746 +08:00 [WRN] U9同步失败: 地理区域不能为空，请检查, 编号: C00129772
2026-02-06 15:55:01.755 +08:00 [INF] 开始处理队列项: 14869, 类型: CustomerCreate, 键值: C00129921
2026-02-06 15:55:01.764 +08:00 [WRN] U9同步失败: 地理区域不能为空，请检查, 编号: C00129921
2026-02-06 15:55:01.772 +08:00 [INF] 开始处理队列项: 14870, 类型: CustomerCreate, 键值: C00129955
2026-02-06 15:55:01.782 +08:00 [WRN] U9同步失败: 地理区域不能为空，请检查, 编号: C00129955
2026-02-06 15:55:01.790 +08:00 [INF] 开始处理队列项: 14872, 类型: CustomerCreate, 键值: C00130172
2026-02-06 15:55:01.798 +08:00 [WRN] U9同步失败: 地理区域不能为空，请检查, 编号: C00130172
2026-02-06 15:55:01.806 +08:00 [INF] 开始处理队列项: 14873, 类型: CustomerCreate, 键值: C00130321
2026-02-06 15:55:01.814 +08:00 [WRN] U9同步失败: 地理区域不能为空，请检查, 编号: C00130321
2026-02-06 15:55:01.822 +08:00 [INF] 开始处理队列项: 14877, 类型: CustomerCreate, 键值: C00125952
2026-02-06 15:55:01.830 +08:00 [WRN] U9同步失败: 地理区域不能为空，请检查, 编号: C00125952
2026-02-06 15:55:01.843 +08:00 [INF] 开始处理队列项: 14878, 类型: CustomerCreate, 键值: C00126201
2026-02-06 15:55:01.852 +08:00 [WRN] U9同步失败: 地理区域不能为空，请检查, 编号: C00126201
2026-02-06 15:55:01.859 +08:00 [INF] 开始处理队列项: 14879, 类型: CustomerCreate, 键值: C00127223
2026-02-06 15:55:01.867 +08:00 [WRN] U9同步失败: 地理区域不能为空，请检查, 编号: C00127223
2026-02-06 15:55:01.876 +08:00 [INF] 开始处理队列项: 14880, 类型: CustomerCreate, 键值: C00128909
2026-02-06 15:55:01.884 +08:00 [WRN] U9同步失败: 地理区域不能为空，请检查, 编号: C00128909
2026-02-06 15:55:01.892 +08:00 [INF] 开始处理队列项: 14882, 类型: CustomerCreate, 键值: C00129210
2026-02-06 15:55:01.900 +08:00 [WRN] U9同步失败: 地理区域不能为空，请检查, 编号: C00129210
2026-02-06 15:55:01.917 +08:00 [INF] 开始处理队列项: 14883, 类型: CustomerCreate, 键值: C00129410
2026-02-06 15:55:01.925 +08:00 [WRN] U9同步失败: 地理区域不能为空，请检查, 编号: C00129410
2026-02-06 15:55:01.932 +08:00 [INF] 开始处理队列项: 14886, 类型: CustomerCreate, 键值: C00129660
2026-02-06 15:55:01.940 +08:00 [WRN] U9同步失败: 地理区域不能为空，请检查, 编号: C00129660
2026-02-06 15:55:01.949 +08:00 [INF] 开始处理队列项: 14891, 类型: CustomerCreate, 键值: C00130731
2026-02-06 15:55:01.957 +08:00 [WRN] U9同步失败: 地理区域不能为空，请检查, 编号: C00130731
2026-02-06 15:55:01.965 +08:00 [INF] 开始处理队列项: 14894, 类型: CustomerCreate, 键值: C00130932
2026-02-06 15:55:01.973 +08:00 [WRN] U9同步失败: 地理区域不能为空，请检查, 编号: C00130932
2026-02-06 15:55:01.981 +08:00 [INF] 开始处理队列项: 14895, 类型: CustomerCreate, 键值: C00130982
2026-02-06 15:55:01.989 +08:00 [WRN] U9同步失败: 地理区域不能为空，请检查, 编号: C00130982
2026-02-06 15:55:01.997 +08:00 [INF] 开始处理队列项: 14897, 类型: CustomerCreate, 键值: C00125997
2026-02-06 15:55:02.006 +08:00 [WRN] U9同步失败: 地理区域不能为空，请检查, 编号: C00125997
2026-02-06 15:55:02.015 +08:00 [INF] 开始处理队列项: 14899, 类型: CustomerCreate, 键值: C00127269
2026-02-06 15:55:02.049 +08:00 [WRN] U9同步失败: 没有配置业务员名称为:刘鹏请先维护！, 编号: C00127269
2026-02-06 15:55:02.056 +08:00 [INF] 开始处理队列项: 14900, 类型: CustomerCreate, 键值: C00128712
2026-02-06 15:55:02.066 +08:00 [WRN] U9同步失败: 地理区域不能为空，请检查, 编号: C00128712
2026-02-06 15:55:02.073 +08:00 [INF] 开始处理队列项: 14905, 类型: CustomerCreate, 键值: C00129380
2026-02-06 15:55:02.083 +08:00 [WRN] U9同步失败: 地理区域不能为空，请检查, 编号: C00129380
2026-02-06 15:55:02.090 +08:00 [INF] 开始处理队列项: 14909, 类型: CustomerCreate, 键值: C00129639
2026-02-06 15:55:02.098 +08:00 [WRN] U9同步失败: 地理区域不能为空，请检查, 编号: C00129639
2026-02-06 15:55:02.106 +08:00 [INF] 开始处理队列项: 14910, 类型: CustomerCreate, 键值: C00129682
2026-02-06 15:55:02.115 +08:00 [WRN] U9同步失败: 地理区域不能为空，请检查, 编号: C00129682
2026-02-06 15:55:02.122 +08:00 [INF] 开始处理队列项: 14911, 类型: CustomerCreate, 键值: C00129809
2026-02-06 15:55:02.142 +08:00 [WRN] U9同步失败: 地理区域不能为空，请检查, 编号: C00129809
2026-02-06 15:55:02.153 +08:00 [INF] 开始处理队列项: 14916, 类型: CustomerCreate, 键值: C00128627
2026-02-06 15:55:02.162 +08:00 [WRN] U9同步失败: 地理区域不能为空，请检查, 编号: C00128627
2026-02-06 15:55:02.170 +08:00 [INF] 开始处理队列项: 14918, 类型: CustomerCreate, 键值: C00128942
2026-02-06 15:55:02.179 +08:00 [WRN] U9同步失败: 地理区域不能为空，请检查, 编号: C00128942
2026-02-06 15:55:02.186 +08:00 [INF] 开始处理队列项: 14921, 类型: CustomerCreate, 键值: C00129078
2026-02-06 15:55:02.194 +08:00 [WRN] U9同步失败: 地理区域不能为空，请检查, 编号: C00129078
2026-02-06 15:55:02.202 +08:00 [INF] 开始处理队列项: 14922, 类型: CustomerCreate, 键值: C00129092
2026-02-06 15:55:02.211 +08:00 [WRN] U9同步失败: 地理区域不能为空，请检查, 编号: C00129092
2026-02-06 15:55:02.219 +08:00 [INF] 开始处理队列项: 14925, 类型: CustomerCreate, 键值: C00129377
2026-02-06 15:55:02.227 +08:00 [WRN] U9同步失败: 地理区域不能为空，请检查, 编号: C00129377
2026-02-06 15:55:02.235 +08:00 [INF] 开始处理队列项: 14926, 类型: CustomerCreate, 键值: C00129463
2026-02-06 15:55:02.242 +08:00 [WRN] U9同步失败: 地理区域不能为空，请检查, 编号: C00129463
2026-02-06 15:55:02.255 +08:00 [INF] 开始处理队列项: 14928, 类型: CustomerCreate, 键值: C00129713
2026-02-06 15:55:02.264 +08:00 [WRN] U9同步失败: 地理区域不能为空，请检查, 编号: C00129713
2026-02-06 15:55:02.272 +08:00 [INF] 开始处理队列项: 14929, 类型: CustomerCreate, 键值: C00130013
2026-02-06 15:55:02.281 +08:00 [WRN] U9同步失败: 地理区域不能为空，请检查, 编号: C00130013
2026-02-06 15:55:02.288 +08:00 [INF] 开始处理队列项: 14931, 类型: CustomerCreate, 键值: C00130213
2026-02-06 15:55:02.296 +08:00 [WRN] U9同步失败: 地理区域不能为空，请检查, 编号: C00130213
2026-02-06 15:55:02.303 +08:00 [INF] 开始处理队列项: 14932, 类型: CustomerCreate, 键值: C00126199
2026-02-06 15:55:02.312 +08:00 [WRN] U9同步失败: 地理区域不能为空，请检查, 编号: C00126199
2026-02-06 15:55:02.321 +08:00 [INF] 开始处理队列项: 14933, 类型: CustomerCreate, 键值: C00127233
2026-02-06 15:55:02.331 +08:00 [WRN] U9同步失败: 地理区域不能为空，请检查, 编号: C00127233
2026-02-06 15:55:02.339 +08:00 [INF] 开始处理队列项: 14934, 类型: CustomerCreate, 键值: C00127310
2026-02-06 15:55:02.349 +08:00 [WRN] U9同步失败: 地理区域不能为空，请检查, 编号: C00127310
2026-02-06 15:55:02.356 +08:00 [INF] 开始处理队列项: 14935, 类型: CustomerCreate, 键值: C00128871
2026-02-06 15:55:02.366 +08:00 [WRN] U9同步失败: 地理区域不能为空，请检查, 编号: C00128871
2026-02-06 15:55:02.374 +08:00 [INF] 开始处理队列项: 14936, 类型: CustomerCreate, 键值: C00128880
2026-02-06 15:55:02.382 +08:00 [WRN] U9同步失败: 地理区域不能为空，请检查, 编号: C00128880
2026-02-06 15:55:02.390 +08:00 [INF] 开始处理队列项: 14937, 类型: CustomerCreate, 键值: C00129505
2026-02-06 15:55:02.398 +08:00 [WRN] U9同步失败: 地理区域不能为空，请检查, 编号: C00129505
2026-02-06 15:55:02.406 +08:00 [INF] 开始处理队列项: 14939, 类型: CustomerCreate, 键值: C00129782
2026-02-06 15:55:02.416 +08:00 [WRN] U9同步失败: 地理区域不能为空，请检查, 编号: C00129782
2026-02-06 15:55:02.423 +08:00 [INF] 开始处理队列项: 14940, 类型: CustomerCreate, 键值: C00129884
2026-02-06 15:55:02.432 +08:00 [WRN] U9同步失败: 地理区域不能为空，请检查, 编号: C00129884
2026-02-06 15:55:02.440 +08:00 [INF] 开始处理队列项: 14941, 类型: CustomerCreate, 键值: C00129977
2026-02-06 15:55:02.448 +08:00 [WRN] U9同步失败: 地理区域不能为空，请检查, 编号: C00129977
2026-02-06 15:55:02.455 +08:00 [INF] 开始处理队列项: 14942, 类型: CustomerCreate, 键值: C00130143
2026-02-06 15:55:02.464 +08:00 [WRN] U9同步失败: 地理区域不能为空，请检查, 编号: C00130143
2026-02-06 15:55:02.476 +08:00 [INF] 开始处理队列项: 14944, 类型: CustomerCreate, 键值: C00130284
2026-02-06 15:55:02.486 +08:00 [WRN] U9同步失败: 地理区域不能为空，请检查, 编号: C00130284
2026-02-06 15:55:02.495 +08:00 [INF] 开始处理队列项: 14946, 类型: CustomerCreate, 键值: C00130709
2026-02-06 15:55:02.504 +08:00 [WRN] U9同步失败: 地理区域不能为空，请检查, 编号: C00130709
2026-02-06 15:55:02.513 +08:00 [INF] 开始处理队列项: 14947, 类型: CustomerCreate, 键值: C00130718
2026-02-06 15:55:02.523 +08:00 [WRN] U9同步失败: 地理区域不能为空，请检查, 编号: C00130718
2026-02-06 15:55:02.530 +08:00 [INF] 开始处理队列项: 14948, 类型: CustomerCreate, 键值: C00126014
2026-02-06 15:55:02.539 +08:00 [WRN] U9同步失败: 地理区域不能为空，请检查, 编号: C00126014
2026-02-06 15:55:02.548 +08:00 [INF] 开始处理队列项: 14949, 类型: CustomerCreate, 键值: C00126214
2026-02-06 15:55:02.557 +08:00 [WRN] U9同步失败: 地理区域不能为空，请检查, 编号: C00126214
2026-02-06 15:55:02.583 +08:00 [INF] 开始处理队列项: 14950, 类型: CustomerCreate, 键值: C00127443
2026-02-06 15:55:02.591 +08:00 [WRN] U9同步失败: 地理区域不能为空，请检查, 编号: C00127443
2026-02-06 15:55:02.599 +08:00 [INF] 开始处理队列项: 14952, 类型: CustomerCreate, 键值: C00128636
2026-02-06 15:55:02.607 +08:00 [WRN] U9同步失败: 地理区域不能为空，请检查, 编号: C00128636
2026-02-06 15:55:02.616 +08:00 [INF] 开始处理队列项: 14953, 类型: CustomerCreate, 键值: C00128686
2026-02-06 15:55:02.624 +08:00 [WRN] U9同步失败: 地理区域不能为空，请检查, 编号: C00128686
2026-02-06 15:55:02.632 +08:00 [INF] 开始处理队列项: 14954, 类型: CustomerCreate, 键值: C00128822
2026-02-06 15:55:02.641 +08:00 [WRN] U9同步失败: 地理区域不能为空，请检查, 编号: C00128822
2026-02-06 15:55:02.652 +08:00 [INF] 开始处理队列项: 14955, 类型: CustomerCreate, 键值: C00129040
2026-02-06 15:55:02.661 +08:00 [WRN] U9同步失败: 地理区域不能为空，请检查, 编号: C00129040
2026-02-06 15:55:02.670 +08:00 [INF] 开始处理队列项: 14957, 类型: CustomerCreate, 键值: C00129383
2026-02-06 15:55:02.678 +08:00 [WRN] U9同步失败: 地理区域不能为空，请检查, 编号: C00129383
2026-02-06 15:55:02.694 +08:00 [INF] 开始处理队列项: 14958, 类型: CustomerCreate, 键值: C00129533
2026-02-06 15:55:02.705 +08:00 [WRN] U9同步失败: 地理区域不能为空，请检查, 编号: C00129533
2026-02-06 15:55:02.714 +08:00 [INF] 开始处理队列项: 14960, 类型: CustomerCreate, 键值: C00129776
2026-02-06 15:55:02.727 +08:00 [WRN] U9同步失败: 地理区域不能为空，请检查, 编号: C00129776
2026-02-06 15:55:02.736 +08:00 [INF] 开始处理队列项: 14961, 类型: CustomerCreate, 键值: C00129840
2026-02-06 15:55:02.746 +08:00 [WRN] U9同步失败: 地理区域不能为空，请检查, 编号: C00129840
2026-02-06 15:57:12.117 +08:00 [INF] 项目台账同步成功: P250106154346
2026-02-06 15:57:54.811 +08:00 [WRN] U9同步失败: 项目台账创建异常：编码为P230220175714的项目不存在，请检查!, Id: 2001206
2026-02-06 16:02:33.885 +08:00 [INF]  CRM --> U9 Worker started
2026-02-06 16:02:34.160 +08:00 [INF] Application started. Press Ctrl+C to shut down.
2026-02-06 16:02:34.177 +08:00 [INF] Hosting environment: Development
2026-02-06 16:02:34.179 +08:00 [INF] Content root path: E:\ERP数据\U9SyncService
2026-02-06 16:04:21.515 +08:00 [INF] 获取到 300 条待处理队列数据
2026-02-06 16:04:21.519 +08:00 [INF] 开始处理队列项: 14368, 类型: ProjectCreate, 键值: P250103140336
2026-02-06 16:04:21.809 +08:00 [WRN] U9同步失败: 没有配置业务员名称为:曹霞请先维护！, 编号: P250103140336
2026-02-06 16:04:21.835 +08:00 [INF] 开始处理队列项: 14803, 类型: CustomerCreate, 键值: C00129797
2026-02-06 16:04:21.881 +08:00 [WRN] U9同步失败: 没有配置值集:ZDY_002,值集值名称福请先维护！, 编号: C00129797
2026-02-06 16:04:21.897 +08:00 [INF] 开始处理队列项: 14899, 类型: CustomerCreate, 键值: C00127269
2026-02-06 16:04:21.920 +08:00 [WRN] U9同步失败: 没有配置业务员名称为:刘鹏请先维护！, 编号: C00127269
2026-02-06 16:04:21.929 +08:00 [INF] 开始处理队列项: 14965, 类型: CustomerCreate, 键值: C00130558
2026-02-06 16:04:21.939 +08:00 [WRN] U9同步失败: 地理区域不能为空，请检查, 编号: C00130558
2026-02-06 16:04:21.947 +08:00 [INF] 开始处理队列项: 14966, 类型: CustomerCreate, 键值: C00125864
2026-02-06 16:04:21.955 +08:00 [WRN] U9同步失败: 地理区域不能为空，请检查, 编号: C00125864
2026-02-06 16:04:21.964 +08:00 [INF] 开始处理队列项: 14969, 类型: CustomerCreate, 键值: C00128854
2026-02-06 16:04:21.973 +08:00 [WRN] U9同步失败: 地理区域不能为空，请检查, 编号: C00128854
2026-02-06 16:04:21.982 +08:00 [INF] 开始处理队列项: 14970, 类型: CustomerCreate, 键值: C00128872
2026-02-06 16:04:21.992 +08:00 [WRN] U9同步失败: 地理区域不能为空，请检查, 编号: C00128872
2026-02-06 16:04:22.003 +08:00 [INF] 开始处理队列项: 14971, 类型: CustomerCreate, 键值: C00128940
2026-02-06 16:04:22.012 +08:00 [WRN] U9同步失败: 地理区域不能为空，请检查, 编号: C00128940
2026-02-06 16:04:22.021 +08:00 [INF] 开始处理队列项: 14973, 类型: CustomerCreate, 键值: C00129029
2026-02-06 16:04:22.031 +08:00 [WRN] U9同步失败: 地理区域不能为空，请检查, 编号: C00129029
2026-02-06 16:04:22.040 +08:00 [INF] 开始处理队列项: 14974, 类型: CustomerCreate, 键值: C00129165
2026-02-06 16:04:22.050 +08:00 [WRN] U9同步失败: 地理区域不能为空，请检查, 编号: C00129165
2026-02-06 16:04:22.059 +08:00 [INF] 开始处理队列项: 14976, 类型: CustomerCreate, 键值: C00129497
2026-02-06 16:04:22.070 +08:00 [WRN] U9同步失败: 地理区域不能为空，请检查, 编号: C00129497
2026-02-06 16:04:22.080 +08:00 [INF] 开始处理队列项: 14979, 类型: CustomerCreate, 键值: C00129765
2026-02-06 16:04:22.090 +08:00 [WRN] U9同步失败: 地理区域不能为空，请检查, 编号: C00129765
2026-02-06 16:04:22.100 +08:00 [INF] 开始处理队列项: 14980, 类型: CustomerCreate, 键值: C00129815
2026-02-06 16:04:22.110 +08:00 [WRN] U9同步失败: 地理区域不能为空，请检查, 编号: C00129815
2026-02-06 16:04:22.118 +08:00 [INF] 开始处理队列项: 14981, 类型: CustomerCreate, 键值: C00129940
2026-02-06 16:04:22.128 +08:00 [WRN] U9同步失败: 地理区域不能为空，请检查, 编号: C00129940
2026-02-06 16:04:22.137 +08:00 [INF] 开始处理队列项: 14982, 类型: CustomerCreate, 键值: C00130015
2026-02-06 16:04:22.147 +08:00 [WRN] U9同步失败: 地理区域不能为空，请检查, 编号: C00130015
2026-02-06 16:04:22.155 +08:00 [INF] 开始处理队列项: 14984, 类型: CustomerCreate, 键值: C00130233
2026-02-06 16:04:22.165 +08:00 [WRN] U9同步失败: 地理区域不能为空，请检查, 编号: C00130233
2026-02-06 16:04:22.174 +08:00 [INF] 开始处理队列项: 14985, 类型: CustomerCreate, 键值: C00130301
2026-02-06 16:04:22.184 +08:00 [WRN] U9同步失败: 地理区域不能为空，请检查, 编号: C00130301
2026-02-06 16:04:22.195 +08:00 [INF] 开始处理队列项: 14986, 类型: CustomerCreate, 键值: C00126188
2026-02-06 16:04:22.204 +08:00 [WRN] U9同步失败: 地理区域不能为空，请检查, 编号: C00126188
2026-02-06 16:04:22.214 +08:00 [INF] 开始处理队列项: 14989, 类型: CustomerCreate, 键值: C00128623
2026-02-06 16:04:22.225 +08:00 [WRN] U9同步失败: 地理区域不能为空，请检查, 编号: C00128623
2026-02-06 16:04:22.237 +08:00 [INF] 开始处理队列项: 14990, 类型: CustomerCreate, 键值: C00128630
2026-02-06 16:04:22.248 +08:00 [WRN] U9同步失败: 地理区域不能为空，请检查, 编号: C00128630
2026-02-06 16:04:22.258 +08:00 [INF] 开始处理队列项: 14991, 类型: CustomerCreate, 键值: C00128689
2026-02-06 16:04:22.267 +08:00 [WRN] U9同步失败: 地理区域不能为空，请检查, 编号: C00128689
2026-02-06 16:04:22.286 +08:00 [INF] 开始处理队列项: 14992, 类型: CustomerCreate, 键值: C00129030
2026-02-06 16:04:22.296 +08:00 [WRN] U9同步失败: 地理区域不能为空，请检查, 编号: C00129030
2026-02-06 16:04:22.305 +08:00 [INF] 开始处理队列项: 14993, 类型: CustomerCreate, 键值: C00129189
2026-02-06 16:04:22.314 +08:00 [WRN] U9同步失败: 地理区域不能为空，请检查, 编号: C00129189
2026-02-06 16:04:22.328 +08:00 [INF] 开始处理队列项: 14994, 类型: CustomerCreate, 键值: C00129425
2026-02-06 16:04:22.338 +08:00 [WRN] U9同步失败: 地理区域不能为空，请检查, 编号: C00129425
2026-02-06 16:04:22.347 +08:00 [INF] 开始处理队列项: 14996, 类型: CustomerCreate, 键值: C00129723
2026-02-06 16:04:22.357 +08:00 [WRN] U9同步失败: 地理区域不能为空，请检查, 编号: C00129723
2026-02-06 16:04:22.365 +08:00 [INF] 开始处理队列项: 15000, 类型: CustomerCreate, 键值: C00130002
2026-02-06 16:04:22.376 +08:00 [WRN] U9同步失败: 地理区域不能为空，请检查, 编号: C00130002
2026-02-06 16:04:22.385 +08:00 [INF] 开始处理队列项: 15002, 类型: CustomerCreate, 键值: C00130425
2026-02-06 16:04:22.396 +08:00 [WRN] U9同步失败: 地理区域不能为空，请检查, 编号: C00130425
2026-02-06 16:04:22.405 +08:00 [INF] 开始处理队列项: 15008, 类型: CustomerCreate, 键值: C00126198
2026-02-06 16:04:22.415 +08:00 [WRN] U9同步失败: 地理区域不能为空，请检查, 编号: C00126198
2026-02-06 16:04:22.424 +08:00 [INF] 开始处理队列项: 15009, 类型: CustomerCreate, 键值: C00128906
2026-02-06 16:04:22.435 +08:00 [WRN] U9同步失败: 地理区域不能为空，请检查, 编号: C00128906
2026-02-06 16:04:22.444 +08:00 [INF] 开始处理队列项: 15010, 类型: CustomerCreate, 键值: C00129099
2026-02-06 16:04:22.456 +08:00 [WRN] U9同步失败: 地理区域不能为空，请检查, 编号: C00129099
2026-02-06 16:04:22.477 +08:00 [INF] 开始处理队列项: 15011, 类型: CustomerCreate, 键值: C00129106
2026-02-06 16:04:22.490 +08:00 [WRN] U9同步失败: 地理区域不能为空，请检查, 编号: C00129106
2026-02-06 16:04:22.499 +08:00 [INF] 开始处理队列项: 15012, 类型: CustomerCreate, 键值: C00129299
2026-02-06 16:04:22.509 +08:00 [WRN] U9同步失败: 地理区域不能为空，请检查, 编号: C00129299
2026-02-06 16:04:22.518 +08:00 [INF] 开始处理队列项: 15013, 类型: CustomerCreate, 键值: C00129356
2026-02-06 16:04:22.527 +08:00 [WRN] U9同步失败: 地理区域不能为空，请检查, 编号: C00129356
2026-02-06 16:04:22.540 +08:00 [INF] 开始处理队列项: 15014, 类型: CustomerCreate, 键值: C00129499
2026-02-06 16:04:22.554 +08:00 [WRN] U9同步失败: 地理区域不能为空，请检查, 编号: C00129499
2026-02-06 16:04:22.565 +08:00 [INF] 开始处理队列项: 15015, 类型: CustomerCreate, 键值: C00129506
2026-02-06 16:04:22.574 +08:00 [WRN] U9同步失败: 地理区域不能为空，请检查, 编号: C00129506
2026-02-06 16:04:22.585 +08:00 [INF] 开始处理队列项: 15016, 类型: CustomerCreate, 键值: C00129692
2026-02-06 16:04:22.604 +08:00 [WRN] U9同步失败: 地理区域不能为空，请检查, 编号: C00129692
2026-02-06 16:04:22.679 +08:00 [INF] 开始处理队列项: 15017, 类型: CustomerCreate, 键值: C00129799
2026-02-06 16:04:22.690 +08:00 [WRN] U9同步失败: 地理区域不能为空，请检查, 编号: C00129799
2026-02-06 16:04:22.699 +08:00 [INF] 开始处理队列项: 15018, 类型: CustomerCreate, 键值: C00129949
2026-02-06 16:04:22.708 +08:00 [WRN] U9同步失败: 地理区域不能为空，请检查, 编号: C00129949
2026-02-06 16:04:22.716 +08:00 [INF] 开始处理队列项: 15020, 类型: CustomerCreate, 键值: C00130392
2026-02-06 16:04:22.727 +08:00 [WRN] U9同步失败: 地理区域不能为空，请检查, 编号: C00130392
2026-02-06 16:04:22.743 +08:00 [INF] 开始处理队列项: 15025, 类型: CustomerCreate, 键值: C00132332
2026-02-06 16:04:22.753 +08:00 [WRN] U9同步失败: 地理区域不能为空，请检查, 编号: C00132332
2026-02-06 16:04:22.762 +08:00 [INF] 开始处理队列项: 15027, 类型: CustomerCreate, 键值: C00132582
2026-02-06 16:04:22.773 +08:00 [WRN] U9同步失败: 地理区域不能为空，请检查, 编号: C00132582
2026-02-06 16:04:22.783 +08:00 [INF] 开始处理队列项: 15029, 类型: CustomerCreate, 键值: C00134347
2026-02-06 16:04:22.793 +08:00 [WRN] U9同步失败: 地理区域不能为空，请检查, 编号: C00134347
2026-02-06 16:04:22.802 +08:00 [INF] 开始处理队列项: 15030, 类型: CustomerCreate, 键值: C00134354
2026-02-06 16:04:22.819 +08:00 [WRN] U9同步失败: 地理区域不能为空，请检查, 编号: C00134354
2026-02-06 16:04:22.829 +08:00 [INF] 开始处理队列项: 15031, 类型: CustomerCreate, 键值: C00134397
2026-02-06 16:04:22.839 +08:00 [WRN] U9同步失败: 地理区域不能为空，请检查, 编号: C00134397
2026-02-06 16:04:22.847 +08:00 [INF] 开始处理队列项: 15032, 类型: CustomerCreate, 键值: C00134404
2026-02-06 16:04:22.856 +08:00 [WRN] U9同步失败: 地理区域不能为空，请检查, 编号: C00134404
2026-02-06 16:04:22.865 +08:00 [INF] 开始处理队列项: 15033, 类型: CustomerCreate, 键值: C00134504
2026-02-06 16:04:22.873 +08:00 [WRN] U9同步失败: 地理区域不能为空，请检查, 编号: C00134504
2026-02-06 16:04:22.885 +08:00 [INF] 开始处理队列项: 15035, 类型: CustomerCreate, 键值: C00134604
2026-02-06 16:04:22.894 +08:00 [WRN] U9同步失败: 地理区域不能为空，请检查, 编号: C00134604
2026-02-06 16:04:22.902 +08:00 [INF] 开始处理队列项: 15037, 类型: CustomerCreate, 键值: C00134761
2026-02-06 16:04:22.912 +08:00 [WRN] U9同步失败: 地理区域不能为空，请检查, 编号: C00134761
2026-02-06 16:04:22.931 +08:00 [INF] 开始处理队列项: 15038, 类型: CustomerCreate, 键值: C00125827
2026-02-06 16:04:22.940 +08:00 [WRN] U9同步失败: 地理区域不能为空，请检查, 编号: C00125827
2026-02-06 16:04:22.949 +08:00 [INF] 开始处理队列项: 15040, 类型: CustomerCreate, 键值: C00128784
2026-02-06 16:04:22.959 +08:00 [WRN] U9同步失败: 地理区域不能为空，请检查, 编号: C00128784
2026-02-06 16:04:22.968 +08:00 [INF] 开始处理队列项: 15041, 类型: CustomerCreate, 键值: C00128835
2026-02-06 16:04:22.982 +08:00 [WRN] U9同步失败: 地理区域不能为空，请检查, 编号: C00128835
2026-02-06 16:04:22.990 +08:00 [INF] 开始处理队列项: 15042, 类型: CustomerCreate, 键值: C00128903
2026-02-06 16:04:22.999 +08:00 [WRN] U9同步失败: 地理区域不能为空，请检查, 编号: C00128903
2026-02-06 16:04:23.010 +08:00 [INF] 开始处理队列项: 15043, 类型: CustomerCreate, 键值: C00129018
2026-02-06 16:04:23.019 +08:00 [WRN] U9同步失败: 地理区域不能为空，请检查, 编号: C00129018
2026-02-06 16:04:23.032 +08:00 [INF] 开始处理队列项: 15044, 类型: CustomerCreate, 键值: C00129052
2026-02-06 16:04:23.042 +08:00 [WRN] U9同步失败: 地理区域不能为空，请检查, 编号: C00129052
2026-02-06 16:04:23.051 +08:00 [INF] 开始处理队列项: 15045, 类型: CustomerCreate, 键值: C00129384
2026-02-06 16:04:23.061 +08:00 [WRN] U9同步失败: 地理区域不能为空，请检查, 编号: C00129384
2026-02-06 16:04:23.069 +08:00 [INF] 开始处理队列项: 15046, 类型: CustomerCreate, 键值: C00129418
2026-02-06 16:04:23.079 +08:00 [WRN] U9同步失败: 地理区域不能为空，请检查, 编号: C00129418
2026-02-06 16:04:23.088 +08:00 [INF] 开始处理队列项: 15047, 类型: CustomerCreate, 键值: C00129469
2026-02-06 16:04:23.096 +08:00 [WRN] U9同步失败: 地理区域不能为空，请检查, 编号: C00129469
2026-02-06 16:04:23.105 +08:00 [INF] 开始处理队列项: 15048, 类型: CustomerCreate, 键值: C00129486
2026-02-06 16:04:23.114 +08:00 [WRN] U9同步失败: 地理区域不能为空，请检查, 编号: C00129486
2026-02-06 16:04:23.123 +08:00 [INF] 开始处理队列项: 15049, 类型: CustomerCreate, 键值: C00129537
2026-02-06 16:04:23.132 +08:00 [WRN] U9同步失败: 地理区域不能为空，请检查, 编号: C00129537
2026-02-06 16:04:23.141 +08:00 [INF] 开始处理队列项: 15050, 类型: CustomerCreate, 键值: C00129703
2026-02-06 16:04:23.150 +08:00 [WRN] U9同步失败: 地理区域不能为空，请检查, 编号: C00129703
2026-02-06 16:04:23.158 +08:00 [INF] 开始处理队列项: 15052, 类型: CustomerCreate, 键值: C00130307
2026-02-06 16:04:23.167 +08:00 [WRN] U9同步失败: 地理区域不能为空，请检查, 编号: C00130307
2026-02-06 16:04:23.175 +08:00 [INF] 开始处理队列项: 15055, 类型: CustomerCreate, 键值: C00131259
2026-02-06 16:04:23.184 +08:00 [WRN] U9同步失败: 地理区域不能为空，请检查, 编号: C00131259
2026-02-06 16:04:23.193 +08:00 [INF] 开始处理队列项: 15056, 类型: CustomerCreate, 键值: C00131374
2026-02-06 16:04:23.202 +08:00 [WRN] U9同步失败: 地理区域不能为空，请检查, 编号: C00131374
2026-02-06 16:04:23.210 +08:00 [INF] 开始处理队列项: 15057, 类型: CustomerCreate, 键值: C00131376
2026-02-06 16:04:23.221 +08:00 [WRN] U9同步失败: 地理区域不能为空，请检查, 编号: C00131376
2026-02-06 16:04:23.230 +08:00 [INF] 开始处理队列项: 15058, 类型: CustomerCreate, 键值: C00131825
2026-02-06 16:04:23.239 +08:00 [WRN] U9同步失败: 地理区域不能为空，请检查, 编号: C00131825
2026-02-06 16:04:23.249 +08:00 [INF] 开始处理队列项: 15059, 类型: CustomerCreate, 键值: C00131925
2026-02-06 16:04:23.260 +08:00 [WRN] U9同步失败: 地理区域不能为空，请检查, 编号: C00131925
2026-02-06 16:04:23.269 +08:00 [INF] 开始处理队列项: 15060, 类型: CustomerCreate, 键值: C00131995
2026-02-06 16:04:23.278 +08:00 [WRN] U9同步失败: 地理区域不能为空，请检查, 编号: C00131995
2026-02-06 16:04:23.289 +08:00 [INF] 开始处理队列项: 15061, 类型: CustomerCreate, 键值: C00132010
2026-02-06 16:04:23.300 +08:00 [WRN] U9同步失败: 地理区域不能为空，请检查, 编号: C00132010
2026-02-06 16:04:23.311 +08:00 [INF] 开始处理队列项: 15064, 类型: CustomerCreate, 键值: C00132410
2026-02-06 16:04:23.321 +08:00 [WRN] U9同步失败: 地理区域不能为空，请检查, 编号: C00132410
2026-02-06 16:04:23.330 +08:00 [INF] 开始处理队列项: 15065, 类型: CustomerCreate, 键值: C00132797
2026-02-06 16:04:23.340 +08:00 [WRN] U9同步失败: 地理区域不能为空，请检查, 编号: C00132797
2026-02-06 16:04:23.349 +08:00 [INF] 开始处理队列项: 15067, 类型: CustomerCreate, 键值: C00134348
2026-02-06 16:04:23.358 +08:00 [WRN] U9同步失败: 地理区域不能为空，请检查, 编号: C00134348
2026-02-06 16:04:23.369 +08:00 [INF] 开始处理队列项: 15068, 类型: CustomerCreate, 键值: C00134484
2026-02-06 16:04:23.403 +08:00 [WRN] U9同步失败: 地理区域不能为空，请检查, 编号: C00134484
2026-02-06 16:04:23.411 +08:00 [INF] 开始处理队列项: 15071, 类型: CustomerCreate, 键值: C00135120
2026-02-06 16:04:23.422 +08:00 [WRN] U9同步失败: 地理区域不能为空，请检查, 编号: C00135120
2026-02-06 16:04:23.431 +08:00 [INF] 开始处理队列项: 15072, 类型: CustomerCreate, 键值: C00135284
2026-02-06 16:04:23.441 +08:00 [WRN] U9同步失败: 地理区域不能为空，请检查, 编号: C00135284
2026-02-06 16:04:23.449 +08:00 [INF] 开始处理队列项: 15073, 类型: CustomerCreate, 键值: C00135418
2026-02-06 16:04:23.459 +08:00 [WRN] U9同步失败: 地理区域不能为空，请检查, 编号: C00135418
2026-02-06 16:04:23.467 +08:00 [INF] 开始处理队列项: 15074, 类型: CustomerCreate, 键值: C00134854
2026-02-06 16:04:23.477 +08:00 [WRN] U9同步失败: 地理区域不能为空，请检查, 编号: C00134854
2026-02-06 16:04:23.487 +08:00 [INF] 开始处理队列项: 15075, 类型: CustomerCreate, 键值: C00134904
2026-02-06 16:04:23.497 +08:00 [WRN] U9同步失败: 地理区域不能为空，请检查, 编号: C00134904
2026-02-06 16:04:23.506 +08:00 [INF] 开始处理队列项: 15079, 类型: CustomerCreate, 键值: C00135090
2026-02-06 16:04:23.516 +08:00 [WRN] U9同步失败: 地理区域不能为空，请检查, 编号: C00135090
2026-02-06 16:04:23.525 +08:00 [INF] 开始处理队列项: 15083, 类型: CustomerCreate, 键值: C00135926
2026-02-06 16:04:23.534 +08:00 [WRN] U9同步失败: 地理区域不能为空，请检查, 编号: C00135926
2026-02-06 16:04:23.544 +08:00 [INF] 开始处理队列项: 15084, 类型: CustomerCreate, 键值: C00136140
2026-02-06 16:04:23.553 +08:00 [WRN] U9同步失败: 地理区域不能为空，请检查, 编号: C00136140
2026-02-06 16:04:23.563 +08:00 [INF] 开始处理队列项: 15085, 类型: CustomerCreate, 键值: C00136176
2026-02-06 16:04:23.573 +08:00 [WRN] U9同步失败: 地理区域不能为空，请检查, 编号: C00136176
2026-02-06 16:04:23.582 +08:00 [INF] 开始处理队列项: 15088, 类型: CustomerCreate, 键值: C00136626
2026-02-06 16:04:23.592 +08:00 [WRN] U9同步失败: 地理区域不能为空，请检查, 编号: C00136626
2026-02-06 16:04:23.601 +08:00 [INF] 开始处理队列项: 15089, 类型: CustomerCreate, 键值: C00136633
2026-02-06 16:04:23.610 +08:00 [WRN] U9同步失败: 地理区域不能为空，请检查, 编号: C00136633
2026-02-06 16:04:23.620 +08:00 [INF] 开始处理队列项: 15090, 类型: CustomerCreate, 键值: C00130733
2026-02-06 16:04:23.632 +08:00 [WRN] U9同步失败: 地理区域不能为空，请检查, 编号: C00130733
2026-02-06 16:04:23.653 +08:00 [INF] 开始处理队列项: 15093, 类型: CustomerCreate, 键值: C00130865
2026-02-06 16:04:23.665 +08:00 [WRN] U9同步失败: 地理区域不能为空，请检查, 编号: C00130865
2026-02-06 16:04:23.677 +08:00 [INF] 开始处理队列项: 15095, 类型: CustomerCreate, 键值: C00130980
2026-02-06 16:04:23.687 +08:00 [WRN] U9同步失败: 地理区域不能为空，请检查, 编号: C00130980
2026-02-06 16:04:23.699 +08:00 [INF] 开始处理队列项: 15096, 类型: CustomerCreate, 键值: C00132034
2026-02-06 16:04:23.709 +08:00 [WRN] U9同步失败: 地理区域不能为空，请检查, 编号: C00132034
2026-02-06 16:04:23.717 +08:00 [INF] 开始处理队列项: 15098, 类型: CustomerCreate, 键值: C00132605
2026-02-06 16:04:23.732 +08:00 [WRN] U9同步失败: 地理区域不能为空，请检查, 编号: C00132605
2026-02-06 16:04:23.742 +08:00 [INF] 开始处理队列项: 15099, 类型: CustomerCreate, 键值: C00134391
2026-02-06 16:04:23.751 +08:00 [WRN] U9同步失败: 地理区域不能为空，请检查, 编号: C00134391
2026-02-06 16:04:23.760 +08:00 [INF] 开始处理队列项: 15100, 类型: CustomerCreate, 键值: C00134727
2026-02-06 16:04:23.770 +08:00 [WRN] U9同步失败: 地理区域不能为空，请检查, 编号: C00134727
2026-02-06 16:04:23.778 +08:00 [INF] 开始处理队列项: 15101, 类型: CustomerCreate, 键值: C00135059
2026-02-06 16:04:23.788 +08:00 [WRN] U9同步失败: 地理区域不能为空，请检查, 编号: C00135059
2026-02-06 16:04:23.798 +08:00 [INF] 开始处理队列项: 15102, 类型: CustomerCreate, 键值: C00135242
2026-02-06 16:04:23.809 +08:00 [WRN] U9同步失败: 地理区域不能为空，请检查, 编号: C00135242
2026-02-06 16:04:23.818 +08:00 [INF] 开始处理队列项: 15105, 类型: CustomerCreate, 键值: C00135727
2026-02-06 16:04:23.827 +08:00 [WRN] U9同步失败: 地理区域不能为空，请检查, 编号: C00135727
2026-02-06 16:04:23.834 +08:00 [INF] 开始处理队列项: 15108, 类型: CustomerCreate, 键值: C00130671
2026-02-06 16:04:23.844 +08:00 [WRN] U9同步失败: 地理区域不能为空，请检查, 编号: C00130671
2026-02-06 16:04:23.853 +08:00 [INF] 开始处理队列项: 15111, 类型: CustomerCreate, 键值: C00130841
2026-02-06 16:04:23.863 +08:00 [WRN] U9同步失败: 地理区域不能为空，请检查, 编号: C00130841
2026-02-06 16:04:23.872 +08:00 [INF] 开始处理队列项: 15112, 类型: CustomerCreate, 键值: C00130956
2026-02-06 16:04:23.882 +08:00 [WRN] U9同步失败: 地理区域不能为空，请检查, 编号: C00130956
2026-02-06 16:04:23.891 +08:00 [INF] 开始处理队列项: 15114, 类型: CustomerCreate, 键值: C00131373
2026-02-06 16:04:23.901 +08:00 [WRN] U9同步失败: 地理区域不能为空，请检查, 编号: C00131373
2026-02-06 16:04:23.910 +08:00 [INF] 开始处理队列项: 15117, 类型: CustomerCreate, 键值: C00132011
2026-02-06 16:04:23.920 +08:00 [WRN] U9同步失败: 地理区域不能为空，请检查, 编号: C00132011
2026-02-06 16:04:23.930 +08:00 [INF] 开始处理队列项: 15119, 类型: CustomerCreate, 键值: C00130018
2026-02-06 16:04:23.939 +08:00 [WRN] U9同步失败: 地理区域不能为空，请检查, 编号: C00130018
2026-02-06 16:04:23.957 +08:00 [INF] 开始处理队列项: 15121, 类型: CustomerCreate, 键值: C00130218
2026-02-06 16:04:23.966 +08:00 [WRN] U9同步失败: 地理区域不能为空，请检查, 编号: C00130218
2026-02-06 16:04:23.975 +08:00 [INF] 开始处理队列项: 15127, 类型: CustomerCreate, 键值: C00130979
2026-02-06 16:04:23.986 +08:00 [WRN] U9同步失败: 地理区域不能为空，请检查, 编号: C00130979
2026-02-06 16:04:23.995 +08:00 [INF] 开始处理队列项: 15128, 类型: CustomerCreate, 键值: C00131213
2026-02-06 16:04:24.004 +08:00 [WRN] U9同步失败: 地理区域不能为空，请检查, 编号: C00131213
2026-02-06 16:04:24.013 +08:00 [INF] 开始处理队列项: 15129, 类型: CustomerCreate, 键值: C00131311
2026-02-06 16:04:24.023 +08:00 [WRN] U9同步失败: 地理区域不能为空，请检查, 编号: C00131311
2026-02-06 16:04:24.032 +08:00 [INF] 开始处理队列项: 15130, 类型: CustomerCreate, 键值: C00131379
2026-02-06 16:04:24.042 +08:00 [WRN] U9同步失败: 地理区域不能为空，请检查, 编号: C00131379
2026-02-06 16:04:24.051 +08:00 [INF] 开始处理队列项: 15131, 类型: CustomerCreate, 键值: C00131686
2026-02-06 16:04:24.059 +08:00 [WRN] U9同步失败: 地理区域不能为空，请检查, 编号: C00131686
2026-02-06 16:04:24.068 +08:00 [INF] 开始处理队列项: 15133, 类型: CustomerCreate, 键值: C00132013
2026-02-06 16:04:24.077 +08:00 [WRN] U9同步失败: 地理区域不能为空，请检查, 编号: C00132013
2026-02-06 16:04:24.085 +08:00 [INF] 开始处理队列项: 15134, 类型: CustomerCreate, 键值: C00132022
2026-02-06 16:04:24.094 +08:00 [WRN] U9同步失败: 地理区域不能为空，请检查, 编号: C00132022
2026-02-06 16:04:24.102 +08:00 [INF] 开始处理队列项: 15135, 类型: CustomerCreate, 键值: C00130697
2026-02-06 16:04:24.111 +08:00 [WRN] U9同步失败: 地理区域不能为空，请检查, 编号: C00130697
2026-02-06 16:04:24.119 +08:00 [INF] 开始处理队列项: 15137, 类型: CustomerCreate, 键值: C00130815
2026-02-06 16:04:24.128 +08:00 [WRN] U9同步失败: 地理区域不能为空，请检查, 编号: C00130815
2026-02-06 16:04:24.136 +08:00 [INF] 开始处理队列项: 15138, 类型: CustomerCreate, 键值: C00130897
2026-02-06 16:04:24.145 +08:00 [WRN] U9同步失败: 地理区域不能为空，请检查, 编号: C00130897
2026-02-06 16:04:24.157 +08:00 [INF] 开始处理队列项: 15141, 类型: CustomerCreate, 键值: C00131097
2026-02-06 16:04:24.167 +08:00 [WRN] U9同步失败: 地理区域不能为空，请检查, 编号: C00131097
2026-02-06 16:04:24.178 +08:00 [INF] 开始处理队列项: 15143, 类型: CustomerCreate, 键值: C00131365
2026-02-06 16:04:24.191 +08:00 [WRN] U9同步失败: 地理区域不能为空，请检查, 编号: C00131365
2026-02-06 16:04:24.200 +08:00 [INF] 开始处理队列项: 15144, 类型: CustomerCreate, 键值: C00131415
2026-02-06 16:04:24.209 +08:00 [WRN] U9同步失败: 地理区域不能为空，请检查, 编号: C00131415
2026-02-06 16:04:24.218 +08:00 [INF] 开始处理队列项: 15145, 类型: CustomerCreate, 键值: C00131819
2026-02-06 16:04:24.227 +08:00 [WRN] U9同步失败: 地理区域不能为空，请检查, 编号: C00131819
2026-02-06 16:04:24.236 +08:00 [INF] 开始处理队列项: 15146, 类型: CustomerCreate, 键值: C00132020
2026-02-06 16:04:24.245 +08:00 [WRN] U9同步失败: 地理区域不能为空，请检查, 编号: C00132020
2026-02-06 16:04:24.253 +08:00 [INF] 开始处理队列项: 15148, 类型: CustomerCreate, 键值: C00132369
2026-02-06 16:04:24.264 +08:00 [WRN] U9同步失败: 地理区域不能为空，请检查, 编号: C00132369
2026-02-06 16:04:24.281 +08:00 [INF] 开始处理队列项: 15149, 类型: CustomerCreate, 键值: C00132402
2026-02-06 16:04:24.291 +08:00 [WRN] U9同步失败: 地理区域不能为空，请检查, 编号: C00132402
2026-02-06 16:04:24.299 +08:00 [INF] 开始处理队列项: 15150, 类型: CustomerCreate, 键值: C00132501
2026-02-06 16:04:24.309 +08:00 [WRN] U9同步失败: 地理区域不能为空，请检查, 编号: C00132501
2026-02-06 16:04:24.317 +08:00 [INF] 开始处理队列项: 15152, 类型: CustomerCreate, 键值: C00132955
2026-02-06 16:04:24.327 +08:00 [WRN] U9同步失败: 地理区域不能为空，请检查, 编号: C00132955
2026-02-06 16:04:24.335 +08:00 [INF] 开始处理队列项: 15154, 类型: CustomerCreate, 键值: C00130772
2026-02-06 16:04:24.344 +08:00 [WRN] U9同步失败: 地理区域不能为空，请检查, 编号: C00130772
2026-02-06 16:04:24.353 +08:00 [INF] 开始处理队列项: 15156, 类型: CustomerCreate, 键值: C00132008
2026-02-06 16:04:24.362 +08:00 [WRN] U9同步失败: 地理区域不能为空，请检查, 编号: C00132008
2026-02-06 16:04:24.370 +08:00 [INF] 开始处理队列项: 15157, 类型: CustomerCreate, 键值: C00132027
2026-02-06 16:04:24.378 +08:00 [WRN] U9同步失败: 地理区域不能为空，请检查, 编号: C00132027
2026-02-06 16:04:24.387 +08:00 [INF] 开始处理队列项: 15160, 类型: CustomerCreate, 键值: C00132244
2026-02-06 16:04:24.400 +08:00 [WRN] U9同步失败: 地理区域不能为空，请检查, 编号: C00132244
2026-02-06 16:04:24.409 +08:00 [INF] 开始处理队列项: 15162, 类型: CustomerCreate, 键值: C00132344
2026-02-06 16:04:24.419 +08:00 [WRN] U9同步失败: 地理区域不能为空，请检查, 编号: C00132344
2026-02-06 16:04:24.432 +08:00 [INF] 开始处理队列项: 15163, 类型: CustomerCreate, 键值: C00132578
2026-02-06 16:04:24.442 +08:00 [WRN] U9同步失败: 地理区域不能为空，请检查, 编号: C00132578
2026-02-06 16:04:24.450 +08:00 [INF] 开始处理队列项: 15164, 类型: CustomerCreate, 键值: C00132644
2026-02-06 16:04:24.461 +08:00 [WRN] U9同步失败: 地理区域不能为空，请检查, 编号: C00132644
2026-02-06 16:04:24.470 +08:00 [INF] 开始处理队列项: 15165, 类型: CustomerCreate, 键值: C00132744
2026-02-06 16:04:24.479 +08:00 [WRN] U9同步失败: 地理区域不能为空，请检查, 编号: C00132744
2026-02-06 16:04:24.489 +08:00 [INF] 开始处理队列项: 15166, 类型: CustomerCreate, 键值: C00132927
2026-02-06 16:04:24.503 +08:00 [WRN] U9同步失败: 地理区域不能为空，请检查, 编号: C00132927
2026-02-06 16:04:24.515 +08:00 [INF] 开始处理队列项: 15167, 类型: CustomerCreate, 键值: C00134265
2026-02-06 16:04:24.525 +08:00 [WRN] U9同步失败: 地理区域不能为空，请检查, 编号: C00134265
2026-02-06 16:04:24.535 +08:00 [INF] 开始处理队列项: 15170, 类型: CustomerCreate, 键值: C00134416
2026-02-06 16:04:24.544 +08:00 [WRN] U9同步失败: 地理区域不能为空，请检查, 编号: C00134416
2026-02-06 16:04:24.553 +08:00 [INF] 开始处理队列项: 15171, 类型: CustomerCreate, 键值: C00130593
2026-02-06 16:04:24.562 +08:00 [WRN] U9同步失败: 地理区域不能为空，请检查, 编号: C00130593
2026-02-06 16:04:24.576 +08:00 [INF] 开始处理队列项: 15173, 类型: CustomerCreate, 键值: C00130929
2026-02-06 16:04:24.584 +08:00 [WRN] U9同步失败: 地理区域不能为空，请检查, 编号: C00130929
2026-02-06 16:04:24.597 +08:00 [INF] 开始处理队列项: 15174, 类型: CustomerCreate, 键值: C00130936
2026-02-06 16:04:24.607 +08:00 [WRN] U9同步失败: 地理区域不能为空，请检查, 编号: C00130936
2026-02-06 16:04:24.615 +08:00 [INF] 开始处理队列项: 15176, 类型: CustomerCreate, 键值: C00131370
2026-02-06 16:04:24.623 +08:00 [WRN] U9同步失败: 地理区域不能为空，请检查, 编号: C00131370
2026-02-06 16:04:24.632 +08:00 [INF] 开始处理队列项: 15177, 类型: CustomerCreate, 键值: C00131372
2026-02-06 16:04:24.641 +08:00 [WRN] U9同步失败: 地理区域不能为空，请检查, 编号: C00131372
2026-02-06 16:04:24.650 +08:00 [INF] 开始处理队列项: 15179, 类型: CustomerCreate, 键值: C00132006
2026-02-06 16:04:24.659 +08:00 [WRN] U9同步失败: 地理区域不能为空，请检查, 编号: C00132006
2026-02-06 16:04:24.671 +08:00 [INF] 开始处理队列项: 15180, 类型: CustomerCreate, 键值: C00132065
2026-02-06 16:04:24.681 +08:00 [WRN] U9同步失败: 地理区域不能为空，请检查, 编号: C00132065
2026-02-06 16:04:24.690 +08:00 [INF] 开始处理队列项: 15181, 类型: CustomerCreate, 键值: C00132072
2026-02-06 16:04:24.700 +08:00 [WRN] U9同步失败: 地理区域不能为空，请检查, 编号: C00132072
2026-02-06 16:04:24.709 +08:00 [INF] 开始处理队列项: 15182, 类型: CustomerCreate, 键值: C00132106
2026-02-06 16:04:24.718 +08:00 [WRN] U9同步失败: 地理区域不能为空，请检查, 编号: C00132106
2026-02-06 16:04:24.727 +08:00 [INF] 开始处理队列项: 15183, 类型: CustomerCreate, 键值: C00132308
2026-02-06 16:04:24.738 +08:00 [WRN] U9同步失败: 地理区域不能为空，请检查, 编号: C00132308
2026-02-06 16:04:24.749 +08:00 [INF] 开始处理队列项: 15185, 类型: CustomerCreate, 键值: C00132442
2026-02-06 16:04:24.758 +08:00 [WRN] U9同步失败: 地理区域不能为空，请检查, 编号: C00132442
2026-02-06 16:04:24.768 +08:00 [INF] 开始处理队列项: 15186, 类型: CustomerCreate, 键值: C00132672
2026-02-06 16:04:24.783 +08:00 [WRN] U9同步失败: 地理区域不能为空，请检查, 编号: C00132672
2026-02-06 16:04:24.792 +08:00 [INF] 开始处理队列项: 15187, 类型: CustomerCreate, 键值: C00132906
2026-02-06 16:04:24.801 +08:00 [WRN] U9同步失败: 地理区域不能为空，请检查, 编号: C00132906
2026-02-06 16:04:24.809 +08:00 [INF] 开始处理队列项: 15190, 类型: CustomerCreate, 键值: C00131082
2026-02-06 16:04:24.819 +08:00 [WRN] U9同步失败: 地理区域不能为空，请检查, 编号: C00131082
2026-02-06 16:04:24.829 +08:00 [INF] 开始处理队列项: 15191, 类型: CustomerCreate, 键值: C00131268
2026-02-06 16:04:24.838 +08:00 [WRN] U9同步失败: 地理区域不能为空，请检查, 编号: C00131268
2026-02-06 16:04:24.847 +08:00 [INF] 开始处理队列项: 15192, 类型: CustomerCreate, 键值: C00131368
2026-02-06 16:04:24.856 +08:00 [WRN] U9同步失败: 地理区域不能为空，请检查, 编号: C00131368
2026-02-06 16:04:24.866 +08:00 [INF] 开始处理队列项: 15193, 类型: CustomerCreate, 键值: C00131818
2026-02-06 16:04:24.875 +08:00 [WRN] U9同步失败: 地理区域不能为空，请检查, 编号: C00131818
2026-02-06 16:04:24.884 +08:00 [INF] 开始处理队列项: 15194, 类型: CustomerCreate, 键值: C00132118
2026-02-06 16:04:24.894 +08:00 [WRN] U9同步失败: 地理区域不能为空，请检查, 编号: C00132118
2026-02-06 16:04:24.902 +08:00 [INF] 开始处理队列项: 15195, 类型: CustomerCreate, 键值: C00132367
2026-02-06 16:04:24.911 +08:00 [WRN] U9同步失败: 地理区域不能为空，请检查, 编号: C00132367
2026-02-06 16:04:24.922 +08:00 [INF] 开始处理队列项: 15196, 类型: CustomerCreate, 键值: C00132403
2026-02-06 16:04:24.933 +08:00 [WRN] U9同步失败: 地理区域不能为空，请检查, 编号: C00132403
2026-02-06 16:04:24.944 +08:00 [INF] 开始处理队列项: 15198, 类型: CustomerCreate, 键值: C00130918
2026-02-06 16:04:24.953 +08:00 [WRN] U9同步失败: 地理区域不能为空，请检查, 编号: C00130918
2026-02-06 16:04:24.962 +08:00 [INF] 开始处理队列项: 15201, 类型: CustomerCreate, 键值: C00131479
2026-02-06 16:04:24.974 +08:00 [WRN] U9同步失败: 地理区域不能为空，请检查, 编号: C00131479
2026-02-06 16:04:24.984 +08:00 [INF] 开始处理队列项: 15202, 类型: CustomerCreate, 键值: C00131815
2026-02-06 16:04:24.993 +08:00 [WRN] U9同步失败: 地理区域不能为空，请检查, 编号: C00131815
2026-02-06 16:04:25.001 +08:00 [INF] 开始处理队列项: 15203, 类型: CustomerCreate, 键值: C00132483
2026-02-06 16:04:25.011 +08:00 [WRN] U9同步失败: 地理区域不能为空，请检查, 编号: C00132483
2026-02-06 16:04:25.021 +08:00 [INF] 开始处理队列项: 15204, 类型: CustomerCreate, 键值: C00132717
2026-02-06 16:04:25.030 +08:00 [WRN] U9同步失败: 地理区域不能为空，请检查, 编号: C00132717
2026-02-06 16:04:25.041 +08:00 [INF] 开始处理队列项: 15206, 类型: CustomerCreate, 键值: C00134453
2026-02-06 16:04:25.051 +08:00 [WRN] U9同步失败: 地理区域不能为空，请检查, 编号: C00134453
2026-02-06 16:04:25.059 +08:00 [INF] 开始处理队列项: 15207, 类型: CustomerCreate, 键值: C00134496
2026-02-06 16:04:25.068 +08:00 [WRN] U9同步失败: 地理区域不能为空，请检查, 编号: C00134496
2026-02-06 16:04:25.080 +08:00 [INF] 开始处理队列项: 15208, 类型: CustomerCreate, 键值: C00134564
2026-02-06 16:04:25.089 +08:00 [WRN] U9同步失败: 地理区域不能为空，请检查, 编号: C00134564
2026-02-06 16:04:25.098 +08:00 [INF] 开始处理队列项: 15209, 类型: CustomerCreate, 键值: C00134619
2026-02-06 16:04:25.106 +08:00 [WRN] U9同步失败: 地理区域不能为空，请检查, 编号: C00134619
2026-02-06 16:04:25.115 +08:00 [INF] 开始处理队列项: 15210, 类型: CustomerCreate, 键值: C00134662
2026-02-06 16:04:25.124 +08:00 [WRN] U9同步失败: 地理区域不能为空，请检查, 编号: C00134662
2026-02-06 16:04:25.136 +08:00 [INF] 开始处理队列项: 15211, 类型: CustomerCreate, 键值: C00134730
2026-02-06 16:04:25.146 +08:00 [WRN] U9同步失败: 地理区域不能为空，请检查, 编号: C00134730
2026-02-06 16:04:25.157 +08:00 [INF] 开始处理队列项: 15213, 类型: CustomerCreate, 键值: C00134857
2026-02-06 16:04:25.166 +08:00 [WRN] U9同步失败: 地理区域不能为空，请检查, 编号: C00134857
2026-02-06 16:04:25.179 +08:00 [INF] 开始处理队列项: 15215, 类型: CustomerCreate, 键值: C00130592
2026-02-06 16:04:25.190 +08:00 [WRN] U9同步失败: 地理区域不能为空，请检查, 编号: C00130592
2026-02-06 16:04:25.200 +08:00 [INF] 开始处理队列项: 15217, 类型: CustomerCreate, 键值: C00130735
2026-02-06 16:04:25.211 +08:00 [WRN] U9同步失败: 地理区域不能为空，请检查, 编号: C00130735
2026-02-06 16:04:25.220 +08:00 [INF] 开始处理队列项: 15220, 类型: CustomerCreate, 键值: C00130871
2026-02-06 16:04:25.229 +08:00 [WRN] U9同步失败: 地理区域不能为空，请检查, 编号: C00130871
2026-02-06 16:04:25.239 +08:00 [INF] 开始处理队列项: 15221, 类型: CustomerCreate, 键值: C00130928
2026-02-06 16:04:25.249 +08:00 [WRN] U9同步失败: 地理区域不能为空，请检查, 编号: C00130928
2026-02-06 16:04:25.258 +08:00 [INF] 开始处理队列项: 15223, 类型: CustomerCreate, 键值: C00131085
2026-02-06 16:04:25.271 +08:00 [WRN] U9同步失败: 地理区域不能为空，请检查, 编号: C00131085
2026-02-06 16:04:25.284 +08:00 [INF] 开始处理队列项: 15224, 类型: CustomerCreate, 键值: C00131228
2026-02-06 16:04:25.292 +08:00 [WRN] U9同步失败: 地理区域不能为空，请检查, 编号: C00131228
2026-02-06 16:04:25.306 +08:00 [INF] 开始处理队列项: 15226, 类型: CustomerCreate, 键值: C00131814
2026-02-06 16:04:25.315 +08:00 [WRN] U9同步失败: 地理区域不能为空，请检查, 编号: C00131814
2026-02-06 16:04:25.324 +08:00 [INF] 开始处理队列项: 15228, 类型: CustomerCreate, 键值: C00132500
2026-02-06 16:04:25.332 +08:00 [WRN] U9同步失败: 地理区域不能为空，请检查, 编号: C00132500
2026-02-06 16:04:25.342 +08:00 [INF] 开始处理队列项: 15229, 类型: CustomerCreate, 键值: C00132514
2026-02-06 16:04:25.351 +08:00 [WRN] U9同步失败: 地理区域不能为空，请检查, 编号: C00132514
2026-02-06 16:04:25.360 +08:00 [INF] 开始处理队列项: 15230, 类型: CustomerCreate, 键值: C00132557
2026-02-06 16:04:25.369 +08:00 [WRN] U9同步失败: 地理区域不能为空，请检查, 编号: C00132557
2026-02-06 16:04:25.382 +08:00 [INF] 开始处理队列项: 15231, 类型: CustomerCreate, 键值: C00132707
2026-02-06 16:04:25.393 +08:00 [WRN] U9同步失败: 地理区域不能为空，请检查, 编号: C00132707
2026-02-06 16:04:25.402 +08:00 [INF] 开始处理队列项: 15234, 类型: CustomerCreate, 键值: C00131238
2026-02-06 16:04:25.412 +08:00 [WRN] U9同步失败: 地理区域不能为空，请检查, 编号: C00131238
2026-02-06 16:04:25.430 +08:00 [INF] 开始处理队列项: 15236, 类型: CustomerCreate, 键值: C00131695
2026-02-06 16:04:25.443 +08:00 [WRN] U9同步失败: 地理区域不能为空，请检查, 编号: C00131695
2026-02-06 16:04:25.457 +08:00 [INF] 开始处理队列项: 15237, 类型: CustomerCreate, 键值: C00132040
2026-02-06 16:04:25.467 +08:00 [WRN] U9同步失败: 地理区域不能为空，请检查, 编号: C00132040
2026-02-06 16:04:25.475 +08:00 [INF] 开始处理队列项: 15238, 类型: CustomerCreate, 键值: C00132233
2026-02-06 16:04:25.484 +08:00 [WRN] U9同步失败: 地理区域不能为空，请检查, 编号: C00132233
2026-02-06 16:04:25.500 +08:00 [INF] 开始处理队列项: 15239, 类型: CustomerCreate, 键值: C00132597
2026-02-06 16:04:25.512 +08:00 [WRN] U9同步失败: 地理区域不能为空，请检查, 编号: C00132597
2026-02-06 16:04:25.522 +08:00 [INF] 开始处理队列项: 15240, 类型: CustomerCreate, 键值: C00132974
2026-02-06 16:04:25.531 +08:00 [WRN] U9同步失败: 地理区域不能为空，请检查, 编号: C00132974
2026-02-06 16:04:25.545 +08:00 [INF] 开始处理队列项: 15241, 类型: CustomerCreate, 键值: C00134303
2026-02-06 16:04:25.553 +08:00 [WRN] U9同步失败: 地理区域不能为空，请检查, 编号: C00134303
2026-02-06 16:04:25.562 +08:00 [INF] 开始处理队列项: 15243, 类型: CustomerCreate, 键值: C00134403
2026-02-06 16:04:25.571 +08:00 [WRN] U9同步失败: 地理区域不能为空，请检查, 编号: C00134403
2026-02-06 16:04:25.584 +08:00 [INF] 开始处理队列项: 15244, 类型: CustomerCreate, 键值: C00134439
2026-02-06 16:04:25.592 +08:00 [WRN] U9同步失败: 地理区域不能为空，请检查, 编号: C00134439
2026-02-06 16:04:25.600 +08:00 [INF] 开始处理队列项: 15247, 类型: CustomerCreate, 键值: C00130449
2026-02-06 16:04:25.610 +08:00 [WRN] U9同步失败: 地理区域不能为空，请检查, 编号: C00130449
2026-02-06 16:04:25.619 +08:00 [INF] 开始处理队列项: 15248, 类型: CustomerCreate, 键值: C00130513
2026-02-06 16:04:25.628 +08:00 [WRN] U9同步失败: 地理区域不能为空，请检查, 编号: C00130513
2026-02-06 16:04:25.636 +08:00 [INF] 开始处理队列项: 15251, 类型: CustomerCreate, 键值: C00132035
2026-02-06 16:04:25.648 +08:00 [WRN] U9同步失败: 地理区域不能为空，请检查, 编号: C00132035
2026-02-06 16:04:25.658 +08:00 [INF] 开始处理队列项: 15252, 类型: CustomerCreate, 键值: C00132036
2026-02-06 16:04:25.668 +08:00 [WRN] U9同步失败: 地理区域不能为空，请检查, 编号: C00132036
2026-02-06 16:04:25.680 +08:00 [INF] 开始处理队列项: 15253, 类型: CustomerCreate, 键值: C00132050
2026-02-06 16:04:25.689 +08:00 [WRN] U9同步失败: 地理区域不能为空，请检查, 编号: C00132050
2026-02-06 16:04:25.699 +08:00 [INF] 开始处理队列项: 15255, 类型: CustomerCreate, 键值: C00132721
2026-02-06 16:04:25.709 +08:00 [WRN] U9同步失败: 地理区域不能为空，请检查, 编号: C00132721
2026-02-06 16:04:25.718 +08:00 [INF] 开始处理队列项: 15259, 类型: CustomerCreate, 键值: C00134694
2026-02-06 16:04:25.728 +08:00 [WRN] U9同步失败: 地理区域不能为空，请检查, 编号: C00134694
2026-02-06 16:04:25.738 +08:00 [INF] 开始处理队列项: 15261, 类型: CustomerCreate, 键值: C00131490
2026-02-06 16:04:25.749 +08:00 [WRN] U9同步失败: 地理区域不能为空，请检查, 编号: C00131490
2026-02-06 16:04:25.758 +08:00 [INF] 开始处理队列项: 15262, 类型: CustomerCreate, 键值: C00132145
2026-02-06 16:04:25.767 +08:00 [WRN] U9同步失败: 地理区域不能为空，请检查, 编号: C00132145
2026-02-06 16:04:25.776 +08:00 [INF] 开始处理队列项: 15263, 类型: CustomerCreate, 键值: C00132328
2026-02-06 16:04:25.784 +08:00 [WRN] U9同步失败: 地理区域不能为空，请检查, 编号: C00132328
2026-02-06 16:04:25.793 +08:00 [INF] 开始处理队列项: 15265, 类型: CustomerCreate, 键值: C00132613
2026-02-06 16:04:25.801 +08:00 [WRN] U9同步失败: 地理区域不能为空，请检查, 编号: C00132613
2026-02-06 16:04:25.810 +08:00 [INF] 开始处理队列项: 15266, 类型: CustomerCreate, 键值: C00132762
2026-02-06 16:04:25.819 +08:00 [WRN] U9同步失败: 地理区域不能为空，请检查, 编号: C00132762
2026-02-06 16:04:25.827 +08:00 [INF] 开始处理队列项: 15268, 类型: CustomerCreate, 键值: C00132847
2026-02-06 16:04:25.835 +08:00 [WRN] U9同步失败: 地理区域不能为空，请检查, 编号: C00132847
2026-02-06 16:04:25.843 +08:00 [INF] 开始处理队列项: 15270, 类型: CustomerCreate, 键值: C00134417
2026-02-06 16:04:25.852 +08:00 [WRN] U9同步失败: 地理区域不能为空，请检查, 编号: C00134417
2026-02-06 16:04:25.860 +08:00 [INF] 开始处理队列项: 15272, 类型: CustomerCreate, 键值: C00134817
2026-02-06 16:04:25.870 +08:00 [WRN] U9同步失败: 地理区域不能为空，请检查, 编号: C00134817
2026-02-06 16:04:25.882 +08:00 [INF] 开始处理队列项: 15273, 类型: CustomerCreate, 键值: C00134851
2026-02-06 16:04:25.892 +08:00 [WRN] U9同步失败: 地理区域不能为空，请检查, 编号: C00134851
2026-02-06 16:04:25.900 +08:00 [INF] 开始处理队列项: 15274, 类型: CustomerCreate, 键值: C00134868
2026-02-06 16:04:25.908 +08:00 [WRN] U9同步失败: 地理区域不能为空，请检查, 编号: C00134868
2026-02-06 16:04:25.922 +08:00 [INF] 开始处理队列项: 15276, 类型: CustomerCreate, 键值: C00135034
2026-02-06 16:04:25.932 +08:00 [WRN] U9同步失败: 地理区域不能为空，请检查, 编号: C00135034
2026-02-06 16:04:25.945 +08:00 [INF] 开始处理队列项: 15277, 类型: CustomerCreate, 键值: C00130594
2026-02-06 16:04:25.954 +08:00 [WRN] U9同步失败: 地理区域不能为空，请检查, 编号: C00130594
2026-02-06 16:04:25.962 +08:00 [INF] 开始处理队列项: 15278, 类型: CustomerCreate, 键值: C00130944
2026-02-06 16:04:25.971 +08:00 [WRN] U9同步失败: 地理区域不能为空，请检查, 编号: C00130944
2026-02-06 16:04:25.983 +08:00 [INF] 开始处理队列项: 15280, 类型: CustomerCreate, 键值: C00131169
2026-02-06 16:04:25.993 +08:00 [WRN] U9同步失败: 地理区域不能为空，请检查, 编号: C00131169
2026-02-06 16:04:26.001 +08:00 [INF] 开始处理队列项: 15281, 类型: CustomerCreate, 键值: C00131194
2026-02-06 16:04:26.010 +08:00 [WRN] U9同步失败: 地理区域不能为空，请检查, 编号: C00131194
2026-02-06 16:04:26.018 +08:00 [INF] 开始处理队列项: 15282, 类型: CustomerCreate, 键值: C00131730
2026-02-06 16:04:26.027 +08:00 [WRN] U9同步失败: 地理区域不能为空，请检查, 编号: C00131730
2026-02-06 16:04:26.036 +08:00 [INF] 开始处理队列项: 15283, 类型: CustomerCreate, 键值: C00131812
2026-02-06 16:04:26.045 +08:00 [WRN] U9同步失败: 地理区域不能为空，请检查, 编号: C00131812
2026-02-06 16:04:26.056 +08:00 [INF] 开始处理队列项: 15284, 类型: CustomerCreate, 键值: C00132037
2026-02-06 16:04:26.067 +08:00 [WRN] U9同步失败: 地理区域不能为空，请检查, 编号: C00132037
2026-02-06 16:04:26.076 +08:00 [INF] 开始处理队列项: 15287, 类型: CustomerCreate, 键值: C00132491
2026-02-06 16:04:26.084 +08:00 [WRN] U9同步失败: 地理区域不能为空，请检查, 编号: C00132491
2026-02-06 16:04:26.092 +08:00 [INF] 开始处理队列项: 15288, 类型: CustomerCreate, 键值: C00132734
2026-02-06 16:04:26.100 +08:00 [WRN] U9同步失败: 地理区域不能为空，请检查, 编号: C00132734
2026-02-06 16:04:26.107 +08:00 [INF] 开始处理队列项: 15289, 类型: CustomerCreate, 键值: C00132798
2026-02-06 16:04:26.115 +08:00 [WRN] U9同步失败: 地理区域不能为空，请检查, 编号: C00132798
2026-02-06 16:04:26.124 +08:00 [INF] 开始处理队列项: 15291, 类型: CustomerCreate, 键值: C00133202
2026-02-06 16:04:26.134 +08:00 [WRN] U9同步失败: 地理区域不能为空，请检查, 编号: C00133202
2026-02-06 16:04:26.144 +08:00 [INF] 开始处理队列项: 15292, 类型: CustomerCreate, 键值: C00134245
2026-02-06 16:04:26.152 +08:00 [WRN] U9同步失败: 地理区域不能为空，请检查, 编号: C00134245
2026-02-06 16:04:26.161 +08:00 [INF] 开始处理队列项: 15293, 类型: CustomerCreate, 键值: C00134695
2026-02-06 16:04:26.170 +08:00 [WRN] U9同步失败: 地理区域不能为空，请检查, 编号: C00134695
2026-02-06 16:04:26.178 +08:00 [INF] 开始处理队列项: 15295, 类型: CustomerCreate, 键值: C00130912
2026-02-06 16:04:26.187 +08:00 [WRN] U9同步失败: 地理区域不能为空，请检查, 编号: C00130912
2026-02-06 16:04:26.195 +08:00 [INF] 开始处理队列项: 15296, 类型: CustomerCreate, 键值: C00130919
2026-02-06 16:04:26.204 +08:00 [WRN] U9同步失败: 地理区域不能为空，请检查, 编号: C00130919
2026-02-06 16:04:26.212 +08:00 [INF] 开始处理队列项: 15298, 类型: CustomerCreate, 键值: C00132005
2026-02-06 16:04:26.222 +08:00 [WRN] U9同步失败: 地理区域不能为空，请检查, 编号: C00132005
2026-02-06 16:04:26.231 +08:00 [INF] 开始处理队列项: 15301, 类型: CustomerCreate, 键值: C00132523
2026-02-06 16:04:26.240 +08:00 [WRN] U9同步失败: 地理区域不能为空，请检查, 编号: C00132523
2026-02-06 16:04:26.249 +08:00 [INF] 开始处理队列项: 15302, 类型: CustomerCreate, 键值: C00132580
2026-02-06 16:04:26.258 +08:00 [WRN] U9同步失败: 地理区域不能为空，请检查, 编号: C00132580
2026-02-06 16:04:26.267 +08:00 [INF] 开始处理队列项: 15303, 类型: CustomerCreate, 键值: C00132673
2026-02-06 16:04:26.277 +08:00 [WRN] U9同步失败: 地理区域不能为空，请检查, 编号: C00132673
2026-02-06 16:04:26.289 +08:00 [INF] 开始处理队列项: 15304, 类型: CustomerCreate, 键值: C00132848
2026-02-06 16:04:26.298 +08:00 [WRN] U9同步失败: 地理区域不能为空，请检查, 编号: C00132848
2026-02-06 16:04:26.308 +08:00 [INF] 开始处理队列项: 15305, 类型: CustomerCreate, 键值: C00132966
2026-02-06 16:04:26.317 +08:00 [WRN] U9同步失败: 地理区域不能为空，请检查, 编号: C00132966
2026-02-06 16:04:26.326 +08:00 [INF] 开始处理队列项: 15307, 类型: CustomerCreate, 键值: C00133184
2026-02-06 16:04:26.335 +08:00 [WRN] U9同步失败: 地理区域不能为空，请检查, 编号: C00133184
2026-02-06 16:04:26.346 +08:00 [INF] 开始处理队列项: 15308, 类型: CustomerCreate, 键值: C00134263
2026-02-06 16:04:26.354 +08:00 [WRN] U9同步失败: 地理区域不能为空，请检查, 编号: C00134263
2026-02-06 16:04:26.362 +08:00 [INF] 开始处理队列项: 15310, 类型: CustomerCreate, 键值: C00134370
2026-02-06 16:04:26.370 +08:00 [WRN] U9同步失败: 地理区域不能为空，请检查, 编号: C00134370
2026-02-06 16:04:26.379 +08:00 [INF] 开始处理队列项: 15312, 类型: CustomerCreate, 键值: C00135503
2026-02-06 16:04:26.387 +08:00 [WRN] U9同步失败: 地理区域不能为空，请检查, 编号: C00135503
2026-02-06 16:04:26.396 +08:00 [INF] 开始处理队列项: 15313, 类型: CustomerCreate, 键值: C00135620
2026-02-06 16:04:26.405 +08:00 [WRN] U9同步失败: 地理区域不能为空，请检查, 编号: C00135620
2026-02-06 16:04:26.414 +08:00 [INF] 开始处理队列项: 15314, 类型: CustomerCreate, 键值: C00136054
2026-02-06 16:04:26.425 +08:00 [WRN] U9同步失败: 地理区域不能为空，请检查, 编号: C00136054
2026-02-06 16:04:26.433 +08:00 [INF] 开始处理队列项: 15315, 类型: CustomerCreate, 键值: C00136239
2026-02-06 16:04:26.442 +08:00 [WRN] U9同步失败: 地理区域不能为空，请检查, 编号: C00136239
2026-02-06 16:04:26.453 +08:00 [INF] 开始处理队列项: 15318, 类型: CustomerCreate, 键值: C00136356
2026-02-06 16:04:26.462 +08:00 [WRN] U9同步失败: 地理区域不能为空，请检查, 编号: C00136356
2026-02-06 16:04:26.471 +08:00 [INF] 开始处理队列项: 15319, 类型: CustomerCreate, 键值: C00136390
2026-02-06 16:04:26.480 +08:00 [WRN] U9同步失败: 地理区域不能为空，请检查, 编号: C00136390
2026-02-06 16:04:26.488 +08:00 [INF] 开始处理队列项: 15322, 类型: CustomerCreate, 键值: C00136839
2026-02-06 16:04:26.497 +08:00 [WRN] U9同步失败: 地理区域不能为空，请检查, 编号: C00136839
2026-02-06 16:04:26.506 +08:00 [INF] 开始处理队列项: 15323, 类型: CustomerCreate, 键值: C00136841
2026-02-06 16:04:26.516 +08:00 [WRN] U9同步失败: 地理区域不能为空，请检查, 编号: C00136841
2026-02-06 16:04:26.541 +08:00 [INF] 开始处理队列项: 15324, 类型: CustomerCreate, 键值: C00136939
2026-02-06 16:04:26.550 +08:00 [WRN] U9同步失败: 地理区域不能为空，请检查, 编号: C00136939
2026-02-06 16:04:26.559 +08:00 [INF] 开始处理队列项: 15327, 类型: CustomerCreate, 键值: C00137292
2026-02-06 16:04:26.569 +08:00 [WRN] U9同步失败: 地理区域不能为空，请检查, 编号: C00137292
2026-02-06 16:04:26.577 +08:00 [INF] 开始处理队列项: 15328, 类型: CustomerCreate, 键值: C00136246
2026-02-06 16:04:26.586 +08:00 [WRN] U9同步失败: 地理区域不能为空，请检查, 编号: C00136246
2026-02-06 16:04:26.594 +08:00 [INF] 开始处理队列项: 15330, 类型: CustomerCreate, 键值: C00136514
2026-02-06 16:04:26.602 +08:00 [WRN] U9同步失败: 地理区域不能为空，请检查, 编号: C00136514
2026-02-06 16:04:26.611 +08:00 [INF] 开始处理队列项: 15331, 类型: CustomerCreate, 键值: C00136813
2026-02-06 16:04:26.620 +08:00 [WRN] U9同步失败: 地理区域不能为空，请检查, 编号: C00136813
2026-02-06 16:04:26.628 +08:00 [INF] 开始处理队列项: 15333, 类型: CustomerCreate, 键值: C00137132
2026-02-06 16:04:26.637 +08:00 [WRN] U9同步失败: 地理区域不能为空，请检查, 编号: C00137132
2026-02-06 16:04:26.645 +08:00 [INF] 开始处理队列项: 15334, 类型: CustomerCreate, 键值: C00137149
2026-02-06 16:04:26.654 +08:00 [WRN] U9同步失败: 地理区域不能为空，请检查, 编号: C00137149
2026-02-06 16:04:26.662 +08:00 [INF] 开始处理队列项: 15335, 类型: CustomerCreate, 键值: C00137481
2026-02-06 16:04:26.671 +08:00 [WRN] U9同步失败: 地理区域不能为空，请检查, 编号: C00137481
2026-02-06 16:04:26.679 +08:00 [INF] 开始处理队列项: 15336, 类型: CustomerCreate, 键值: C00137650
2026-02-06 16:04:26.688 +08:00 [WRN] U9同步失败: 地理区域不能为空，请检查, 编号: C00137650
2026-02-06 16:04:26.696 +08:00 [INF] 开始处理队列项: 15337, 类型: CustomerCreate, 键值: C00138003
2026-02-06 16:04:26.705 +08:00 [WRN] U9同步失败: 地理区域不能为空，请检查, 编号: C00138003
2026-02-06 16:04:26.713 +08:00 [INF] 开始处理队列项: 15338, 类型: CustomerCreate, 键值: C00138136
2026-02-06 16:04:26.722 +08:00 [WRN] U9同步失败: 地理区域不能为空，请检查, 编号: C00138136
2026-02-06 16:04:26.731 +08:00 [INF] 开始处理队列项: 15339, 类型: CustomerCreate, 键值: C00138203
2026-02-06 16:04:26.740 +08:00 [WRN] U9同步失败: 地理区域不能为空，请检查, 编号: C00138203
2026-02-06 16:04:26.748 +08:00 [INF] 开始处理队列项: 15340, 类型: CustomerCreate, 键值: C00138485
2026-02-06 16:04:26.757 +08:00 [WRN] U9同步失败: 地理区域不能为空，请检查, 编号: C00138485
2026-02-06 16:04:26.766 +08:00 [INF] 开始处理队列项: 15341, 类型: CustomerCreate, 键值: C00138671
2026-02-06 16:04:26.775 +08:00 [WRN] U9同步失败: 地理区域不能为空，请检查, 编号: C00138671
2026-02-06 16:04:26.788 +08:00 [INF] 开始处理队列项: 15342, 类型: CustomerCreate, 键值: C00138718
2026-02-06 16:04:26.797 +08:00 [WRN] U9同步失败: 地理区域不能为空，请检查, 编号: C00138718
2026-02-06 16:04:26.807 +08:00 [INF] 开始处理队列项: 15343, 类型: CustomerCreate, 键值: C00138803
2026-02-06 16:04:26.816 +08:00 [WRN] U9同步失败: 地理区域不能为空，请检查, 编号: C00138803
2026-02-06 16:04:26.825 +08:00 [INF] 开始处理队列项: 15344, 类型: CustomerCreate, 键值: C00134652
2026-02-06 16:04:26.834 +08:00 [WRN] U9同步失败: 地理区域不能为空，请检查, 编号: C00134652
2026-02-06 16:04:26.850 +08:00 [INF] 开始处理队列项: 15345, 类型: CustomerCreate, 键值: C00134716
2026-02-06 16:04:26.859 +08:00 [WRN] U9同步失败: 地理区域不能为空，请检查, 编号: C00134716
2026-02-06 16:04:26.868 +08:00 [INF] 开始处理队列项: 15346, 类型: CustomerCreate, 键值: C00134835
2026-02-06 16:04:26.878 +08:00 [WRN] U9同步失败: 地理区域不能为空，请检查, 编号: C00134835
2026-02-06 16:04:26.885 +08:00 [INF] 开始处理队列项: 15347, 类型: CustomerCreate, 键值: C00134852
2026-02-06 16:04:26.894 +08:00 [WRN] U9同步失败: 地理区域不能为空，请检查, 编号: C00134852
2026-02-06 16:04:26.902 +08:00 [INF] 开始处理队列项: 15350, 类型: CustomerCreate, 键值: C00135752
2026-02-06 16:04:26.911 +08:00 [WRN] U9同步失败: 地理区域不能为空，请检查, 编号: C00135752
2026-02-06 16:04:26.920 +08:00 [INF] 开始处理队列项: 15351, 类型: CustomerCreate, 键值: C00136071
2026-02-06 16:04:26.929 +08:00 [WRN] U9同步失败: 地理区域不能为空，请检查, 编号: C00136071
2026-02-06 16:04:26.937 +08:00 [INF] 开始处理队列项: 15352, 类型: CustomerCreate, 键值: C00136086
2026-02-06 16:04:26.946 +08:00 [WRN] U9同步失败: 地理区域不能为空，请检查, 编号: C00136086
2026-02-06 16:04:26.954 +08:00 [INF] 开始处理队列项: 15353, 类型: CustomerCreate, 键值: C00136173
2026-02-06 16:04:26.964 +08:00 [WRN] U9同步失败: 地理区域不能为空，请检查, 编号: C00136173
2026-02-06 16:04:26.972 +08:00 [INF] 开始处理队列项: 15354, 类型: CustomerCreate, 键值: C00136271
2026-02-06 16:04:26.980 +08:00 [WRN] U9同步失败: 地理区域不能为空，请检查, 编号: C00136271
2026-02-06 16:04:26.988 +08:00 [INF] 开始处理队列项: 15355, 类型: CustomerCreate, 键值: C00136322
2026-02-06 16:04:26.998 +08:00 [WRN] U9同步失败: 地理区域不能为空，请检查, 编号: C00136322
2026-02-06 16:04:27.007 +08:00 [INF] 开始处理队列项: 15357, 类型: CustomerCreate, 键值: C00136407
2026-02-06 16:04:27.016 +08:00 [WRN] U9同步失败: 地理区域不能为空，请检查, 编号: C00136407
2026-02-06 16:04:27.025 +08:00 [INF] 开始处理队列项: 15363, 类型: CustomerCreate, 键值: C00132518
2026-02-06 16:04:27.033 +08:00 [WRN] U9同步失败: 地理区域不能为空，请检查, 编号: C00132518
2026-02-06 16:04:27.041 +08:00 [INF] 开始处理队列项: 15365, 类型: CustomerCreate, 键值: C00132754
2026-02-06 16:04:27.051 +08:00 [WRN] U9同步失败: 地理区域不能为空，请检查, 编号: C00132754
2026-02-06 16:04:27.059 +08:00 [INF] 开始处理队列项: 15366, 类型: CustomerCreate, 键值: C00132803
2026-02-06 16:04:27.068 +08:00 [WRN] U9同步失败: 地理区域不能为空，请检查, 编号: C00132803
2026-02-06 16:04:27.077 +08:00 [INF] 开始处理队列项: 15370, 类型: CustomerCreate, 键值: C00134725
2026-02-06 16:04:27.086 +08:00 [WRN] U9同步失败: 地理区域不能为空，请检查, 编号: C00134725
2026-02-06 16:04:27.094 +08:00 [INF] 开始处理队列项: 15371, 类型: CustomerCreate, 键值: C00134826
2026-02-06 16:04:27.103 +08:00 [WRN] U9同步失败: 地理区域不能为空，请检查, 编号: C00134826
2026-02-06 16:04:27.111 +08:00 [INF] 开始处理队列项: 15372, 类型: CustomerCreate, 键值: C00134861
2026-02-06 16:04:27.120 +08:00 [WRN] U9同步失败: 地理区域不能为空，请检查, 编号: C00134861
2026-02-06 16:04:27.129 +08:00 [INF] 开始处理队列项: 15373, 类型: CustomerCreate, 键值: C00135176
2026-02-06 16:04:27.147 +08:00 [WRN] U9同步失败: 地理区域不能为空，请检查, 编号: C00135176
2026-02-06 16:04:27.157 +08:00 [INF] 开始处理队列项: 15374, 类型: CustomerCreate, 键值: C00135275
2026-02-06 16:04:27.166 +08:00 [WRN] U9同步失败: 地理区域不能为空，请检查, 编号: C00135275
2026-02-06 16:04:27.176 +08:00 [INF] 开始处理队列项: 15376, 类型: CustomerCreate, 键值: C00135897
2026-02-06 16:04:27.184 +08:00 [WRN] U9同步失败: 地理区域不能为空，请检查, 编号: C00135897
2026-02-06 16:04:27.194 +08:00 [INF] 开始处理队列项: 15377, 类型: CustomerCreate, 键值: C00133006
2026-02-06 16:04:27.202 +08:00 [WRN] U9同步失败: 地理区域不能为空，请检查, 编号: C00133006
2026-02-06 16:04:27.210 +08:00 [INF] 开始处理队列项: 15378, 类型: CustomerCreate, 键值: C00134406
2026-02-06 16:04:27.220 +08:00 [WRN] U9同步失败: 地理区域不能为空，请检查, 编号: C00134406
2026-02-06 16:04:27.229 +08:00 [INF] 开始处理队列项: 15379, 类型: CustomerCreate, 键值: C00134759
2026-02-06 16:04:27.241 +08:00 [WRN] U9同步失败: 地理区域不能为空，请检查, 编号: C00134759
2026-02-06 16:04:27.250 +08:00 [INF] 开始处理队列项: 15382, 类型: CustomerCreate, 键值: C00135142
2026-02-06 16:04:27.259 +08:00 [WRN] U9同步失败: 地理区域不能为空，请检查, 编号: C00135142
2026-02-06 16:04:27.268 +08:00 [INF] 开始处理队列项: 15383, 类型: CustomerCreate, 键值: C00135160
2026-02-06 16:04:27.277 +08:00 [WRN] U9同步失败: 地理区域不能为空，请检查, 编号: C00135160
2026-02-06 16:04:27.285 +08:00 [INF] 开始处理队列项: 15384, 类型: CustomerCreate, 键值: C00135278
2026-02-06 16:04:27.293 +08:00 [WRN] U9同步失败: 地理区域不能为空，请检查, 编号: C00135278
2026-02-06 16:04:27.302 +08:00 [INF] 开始处理队列项: 15385, 类型: CustomerCreate, 键值: C00135309
2026-02-06 16:04:27.311 +08:00 [WRN] U9同步失败: 地理区域不能为空，请检查, 编号: C00135309
2026-02-06 16:04:27.319 +08:00 [INF] 开始处理队列项: 15386, 类型: CustomerCreate, 键值: C00135509
2026-02-06 16:04:27.328 +08:00 [WRN] U9同步失败: 地理区域不能为空，请检查, 编号: C00135509
2026-02-06 16:04:27.337 +08:00 [INF] 开始处理队列项: 15387, 类型: CustomerCreate, 键值: C00135628
2026-02-06 16:04:27.345 +08:00 [WRN] U9同步失败: 地理区域不能为空，请检查, 编号: C00135628
2026-02-06 16:04:27.354 +08:00 [INF] 开始处理队列项: 15389, 类型: CustomerCreate, 键值: C00135828
2026-02-06 16:04:27.363 +08:00 [WRN] U9同步失败: 地理区域不能为空，请检查, 编号: C00135828
2026-02-06 16:04:27.371 +08:00 [INF] 开始处理队列项: 15390, 类型: CustomerCreate, 键值: C00135845
2026-02-06 16:04:27.380 +08:00 [WRN] U9同步失败: 地理区域不能为空，请检查, 编号: C00135845
2026-02-06 16:04:27.392 +08:00 [INF] 开始处理队列项: 15391, 类型: CustomerCreate, 键值: C00135977
2026-02-06 16:04:27.401 +08:00 [WRN] U9同步失败: 地理区域不能为空，请检查, 编号: C00135977
2026-02-06 16:04:27.409 +08:00 [INF] 开始处理队列项: 15393, 类型: CustomerCreate, 键值: C00136146
2026-02-06 16:04:27.419 +08:00 [WRN] U9同步失败: 地理区域不能为空，请检查, 编号: C00136146
2026-02-06 16:04:27.428 +08:00 [INF] 开始处理队列项: 15394, 类型: CustomerCreate, 键值: C00136363
2026-02-06 16:04:27.436 +08:00 [WRN] U9同步失败: 地理区域不能为空，请检查, 编号: C00136363
2026-02-06 16:04:27.444 +08:00 [INF] 开始处理队列项: 15395, 类型: CustomerCreate, 键值: C00134806
2026-02-06 16:04:27.452 +08:00 [WRN] U9同步失败: 地理区域不能为空，请检查, 编号: C00134806
2026-02-06 16:04:27.461 +08:00 [INF] 开始处理队列项: 15397, 类型: CustomerCreate, 键值: C00134845
2026-02-06 16:04:27.470 +08:00 [WRN] U9同步失败: 地理区域不能为空，请检查, 编号: C00134845
2026-02-06 16:04:27.479 +08:00 [INF] 开始处理队列项: 15398, 类型: CustomerCreate, 键值: C00135231
2026-02-06 16:04:27.488 +08:00 [WRN] U9同步失败: 地理区域不能为空，请检查, 编号: C00135231
2026-02-06 16:04:27.496 +08:00 [INF] 开始处理队列项: 15400, 类型: CustomerCreate, 键值: C00135717
2026-02-06 16:04:27.506 +08:00 [WRN] U9同步失败: 地理区域不能为空，请检查, 编号: C00135717
2026-02-06 16:04:27.518 +08:00 [INF] 开始处理队列项: 15403, 类型: CustomerCreate, 键值: C00136074
2026-02-06 16:04:27.527 +08:00 [WRN] U9同步失败: 地理区域不能为空，请检查, 编号: C00136074
2026-02-06 16:04:27.535 +08:00 [INF] 开始处理队列项: 15404, 类型: CustomerCreate, 键值: C00136099
2026-02-06 16:04:27.544 +08:00 [WRN] U9同步失败: 地理区域不能为空，请检查, 编号: C00136099
2026-02-06 16:04:27.551 +08:00 [INF] 开始处理队列项: 15405, 类型: CustomerCreate, 键值: C00136160
2026-02-06 16:04:27.559 +08:00 [WRN] U9同步失败: 地理区域不能为空，请检查, 编号: C00136160
2026-02-06 16:04:27.566 +08:00 [INF] 开始处理队列项: 15406, 类型: CustomerCreate, 键值: C00136317
2026-02-06 16:04:27.576 +08:00 [WRN] U9同步失败: 地理区域不能为空，请检查, 编号: C00136317
2026-02-06 16:04:27.585 +08:00 [INF] 开始处理队列项: 15407, 类型: CustomerCreate, 键值: C00136342
2026-02-06 16:04:27.594 +08:00 [WRN] U9同步失败: 地理区域不能为空，请检查, 编号: C00136342
2026-02-06 16:04:27.603 +08:00 [INF] 开始处理队列项: 15409, 类型: CustomerCreate, 键值: C00136635
2026-02-06 16:04:27.612 +08:00 [WRN] U9同步失败: 地理区域不能为空，请检查, 编号: C00136635
2026-02-06 16:04:27.620 +08:00 [INF] 开始处理队列项: 15410, 类型: CustomerCreate, 键值: C00136828
2026-02-06 16:04:27.629 +08:00 [WRN] U9同步失败: 地理区域不能为空，请检查, 编号: C00136828
2026-02-06 16:04:27.637 +08:00 [INF] 开始处理队列项: 15411, 类型: CustomerCreate, 键值: C00137096
2026-02-06 16:04:27.646 +08:00 [WRN] U9同步失败: 地理区域不能为空，请检查, 编号: C00137096
2026-02-06 16:04:27.653 +08:00 [INF] 开始处理队列项: 15412, 类型: CustomerCreate, 键值: C00137160
2026-02-06 16:04:27.662 +08:00 [WRN] U9同步失败: 地理区域不能为空，请检查, 编号: C00137160
2026-02-06 16:04:27.670 +08:00 [INF] 开始处理队列项: 15413, 类型: CustomerCreate, 键值: C00138804
2026-02-06 16:04:27.678 +08:00 [WRN] U9同步失败: 地理区域不能为空，请检查, 编号: C00138804
2026-02-06 16:04:27.687 +08:00 [INF] 开始处理队列项: 15415, 类型: CustomerCreate, 键值: C00138922
2026-02-06 16:04:27.697 +08:00 [WRN] U9同步失败: 地理区域不能为空，请检查, 编号: C00138922
2026-02-06 16:04:27.705 +08:00 [INF] 开始处理队列项: 15416, 类型: CustomerCreate, 键值: C00139089
2026-02-06 16:04:27.713 +08:00 [WRN] U9同步失败: 地理区域不能为空，请检查, 编号: C00139089
2026-02-06 16:04:27.721 +08:00 [INF] 开始处理队列项: 15417, 类型: CustomerCreate, 键值: C00132090
2026-02-06 16:04:27.730 +08:00 [WRN] U9同步失败: 地理区域不能为空，请检查, 编号: C00132090
2026-02-06 16:04:27.737 +08:00 [INF] 开始处理队列项: 15418, 类型: CustomerCreate, 键值: C00132290
2026-02-06 16:04:27.745 +08:00 [WRN] U9同步失败: 地理区域不能为空，请检查, 编号: C00132290
2026-02-06 16:04:57.300 +08:00 [WRN] U9同步失败: 项目台账创建异常：编码为P230220175714的项目不存在，请检查!, Id: 2001206
2026-02-06 16:09:11.326 +08:00 [INF]  CRM --> U9 Worker started
2026-02-06 16:09:11.575 +08:00 [INF] Application started. Press Ctrl+C to shut down.
2026-02-06 16:09:11.589 +08:00 [INF] Hosting environment: Development
2026-02-06 16:09:11.592 +08:00 [INF] Content root path: E:\ERP数据\U9SyncService
2026-02-06 16:09:48.423 +08:00 [INF] 获取到 4 条待处理队列数据
2026-02-06 16:09:51.569 +08:00 [INF] 开始处理队列项: 15846, 类型: CustomerCreate, 键值: C00175409
2026-02-06 16:09:56.120 +08:00 [INF] 开始处理队列项: 15855, 类型: CustomerCreate, 键值: C00182111
2026-02-06 16:09:57.986 +08:00 [INF] 开始处理队列项: 15879, 类型: CustomerCreate, 键值: C00179871
2026-02-06 16:09:59.440 +08:00 [INF] 开始处理队列项: 15953, 类型: ProjectCreate, 键值: P230220175714
2026-02-06 16:10:01.097 +08:00 [INF] 项目台账同步成功: P230220175714
