2026-02-28 16:17:20.932 +08:00 [INF]  CRM --> U9 Worker started
2026-02-28 16:18:00.282 +08:00 [INF] Application started. Press Ctrl+C to shut down.
2026-02-28 16:18:00.296 +08:00 [INF] Hosting environment: Development
2026-02-28 16:18:00.299 +08:00 [INF] Content root path: E:\ERP数据\U9SyncService
2026-02-28 16:18:16.234 +08:00 [INF] 获取到 1 条待处理队列数据
2026-02-28 16:18:22.170 +08:00 [INF] 开始处理队列项: 13547, 类型: CustomerCreate, 键值: C00166800
2026-02-28 16:22:16.795 +08:00 [INF]  CRM --> U9 Worker started
2026-02-28 16:22:37.731 +08:00 [INF] Application started. Press Ctrl+C to shut down.
2026-02-28 16:22:37.750 +08:00 [INF] Hosting environment: Development
2026-02-28 16:22:37.753 +08:00 [INF] Content root path: E:\ERP数据\U9SyncService
2026-02-28 16:24:41.042 +08:00 [INF] 项目台账同步成功: P250224144910
2026-02-28 16:29:07.325 +08:00 [INF]  CRM --> U9 Worker started
2026-02-28 16:29:20.747 +08:00 [INF] Application started. Press Ctrl+C to shut down.
2026-02-28 16:29:20.769 +08:00 [INF] Hosting environment: Development
2026-02-28 16:29:20.771 +08:00 [INF] Content root path: E:\ERP数据\U9SyncService
2026-02-28 16:32:12.273 +08:00 [WRN] U9同步失败: 项目台账修改异常：没有配置币种名称为:人民币请先维护！, Id: 2005181
2026-02-28 16:40:36.391 +08:00 [INF]  CRM --> U9 Worker started
2026-02-28 16:40:49.361 +08:00 [INF] Application started. Press Ctrl+C to shut down.
2026-02-28 16:40:49.379 +08:00 [INF] Hosting environment: Development
2026-02-28 16:40:49.381 +08:00 [INF] Content root path: E:\ERP数据\U9SyncService
2026-02-28 16:41:32.316 +08:00 [INF] 项目台账同步成功: P250224144910
